May  2 10:12:00 CT101 snoopy[300]: [uid:0 sid:192 tty:(none) cwd:/var/spool/postfix filename:/usr/sbin/postconf]: /usr/sbin/postconf -c /etc/postfix -h html_directory
May  2 10:12:00 CT101 snoopy[301]: [uid:0 sid:192 tty:(none) cwd:/var/spool/postfix filename:/usr/sbin/postconf]: /usr/sbin/postconf -c /etc/postfix -h mail_owner
May  2 10:12:00 CT101 snoopy[302]: [uid:0 sid:192 tty:(none) cwd:/var/spool/postfix filename:/usr/sbin/postconf]: /usr/sbin/postconf -c /etc/postfix -h mailq_path
May  2 10:12:00 CT101 snoopy[303]: [uid:0 sid:192 tty:(none) cwd:/var/spool/postfix filename:/usr/sbin/postconf]: /usr/sbin/postconf -c /etc/postfix -h manpage_directory
May  2 10:12:00 CT101 snoopy[304]: [uid:0 sid:192 tty:(none) cwd:/var/spool/postfix filename:/usr/sbin/postconf]: /usr/sbin/postconf -c /etc/postfix -h newaliases_path
May  2 10:12:00 CT101 snoopy[305]: [uid:0 sid:192 tty:(none) cwd:/var/spool/postfix filename:/usr/sbin/postconf]: /usr/sbin/postconf -c /etc/postfix -h queue_directory
May  2 10:12:00 CT101 snoopy[306]: [uid:0 sid:192 tty:(none) cwd:/var/spool/postfix filename:/usr/sbin/postconf]: /usr/sbin/postconf -c /etc/postfix -h readme_directory
May  2 10:12:00 CT101 snoopy[307]: [uid:0 sid:192 tty:(none) cwd:/var/spool/postfix filename:/usr/sbin/postconf]: /usr/sbin/postconf -c /etc/postfix -h sample_directory
May  2 10:12:00 CT101 snoopy[308]: [uid:0 sid:192 tty:(none) cwd:/var/spool/postfix filename:/usr/sbin/postconf]: /usr/sbin/postconf -c /etc/postfix -h sendmail_path
May  2 10:12:01 CT101 snoopy[309]: [uid:0 sid:192 tty:(none) cwd:/var/spool/postfix filename:/usr/sbin/postconf]: /usr/sbin/postconf -c /etc/postfix -h setgid_group
May  2 10:12:01 CT101 snoopy[310]: [uid:0 sid:192 tty:(none) cwd:/var/spool/postfix filename:/usr/sbin/postconf]: /usr/sbin/postconf -c /etc/postfix -h shlib_directory
May  2 10:12:01 CT101 snoopy[311]: [uid:0 sid:192 tty:(none) cwd:/var/spool/postfix filename:/usr/sbin/postconf]: /usr/sbin/postconf -c /etc/postfix -h meta_directory
May  2 10:12:01 CT101 snoopy[314]: [uid:0 sid:314 tty:(none) cwd:/ filename:/lib/systemd/systemd-update-utmp]: /lib/systemd/systemd-update-utmp runlevel
May  2 10:12:01 CT101 snoopy[199]: [uid:0 sid:199 tty:(none) cwd:/ filename:/sbin/agetty]: /sbin/agetty --noclear --keep-baud console 115200,38400,9600 vt220
May  2 10:12:01 CT101 snoopy[198]: [uid:0 sid:198 tty:(none) cwd:/ filename:/sbin/agetty]: /sbin/agetty --noclear --keep-baud pts/1 115200,38400,9600 vt220
May  2 10:12:01 CT101 snoopy[197]: [uid:0 sid:197 tty:(none) cwd:/ filename:/sbin/agetty]: /sbin/agetty --noclear --keep-baud pts/0 115200,38400,9600 vt220
May  2 10:12:01 CT101 snoopy[313]: [uid:0 sid:192 tty:(none) cwd:/var/spool/postfix filename:/usr/lib/postfix/sbin/master]: /usr/lib/postfix/sbin/master
May  2 10:12:11 CT101 snoopy[321]: [uid:0 sid:321 tty:(none) cwd:/ filename:/usr/sbin/sshd]: /usr/sbin/sshd -D -R
May  2 10:12:40 CT101 sshd[321]: Connection reset by 35.240.234.11 port 56280 [preauth]
May  2 10:22:27 CT101 snoopy[323]: [uid:0 sid:323 tty:(none) cwd:/ filename:/usr/sbin/sshd]: /usr/sbin/sshd -D -R
May  2 10:22:30 CT101 sshd[323]: Accepted password for root from 192.227.115.66 port 56679 ssh2
May  2 10:22:30 CT101 sshd[323]: pam_unix(sshd:session): session opened for user root by (uid=0)
May  2 10:22:30 CT101 systemd-logind[66]: New session 232 of user root.
May  2 10:22:30 CT101 systemd: pam_unix(systemd-user:session): session opened for user root by (uid=0)
May  2 10:22:30 CT101 snoopy[325]: [uid:0 sid:325 tty:(none) cwd:/ filename:/lib/systemd/systemd]: /lib/systemd/systemd --user
May  2 10:22:30 CT101 snoopy[328]: [uid:0 sid:325 tty:(none) cwd:/ filename:/usr/lib/systemd/user-generators/systemd-dbus1-generator]: /usr/lib/systemd/user-generators/systemd-dbus1-generator /run/user/0/systemd/generator /run/user/0/systemd/generator.early /run/user/0/systemd/generator.late
May  2 10:22:30 CT101 snoopy[330]: [uid:0 sid:323 tty:(none) cwd:/ filename:/usr/bin/env]: /usr/bin/env -i PATH=/usr/local/sbin:/usr/local/bin:/usr/sbin:/usr/bin:/sbin:/bin run-parts --lsbsysinit /etc/update-motd.d
May  2 10:22:30 CT101 snoopy[331]: [uid:0 sid:323 tty:(none) cwd:/ filename:/etc/update-motd.d/00-header]: /etc/update-motd.d/00-header
May  2 10:22:30 CT101 snoopy[332]: [uid:0 sid:323 tty:(none) cwd:/ filename:/bin/uname]: uname -o
May  2 10:22:30 CT101 snoopy[333]: [uid:0 sid:323 tty:(none) cwd:/ filename:/bin/uname]: uname -r
May  2 10:22:30 CT101 snoopy[334]: [uid:0 sid:323 tty:(none) cwd:/ filename:/bin/uname]: uname -m
May  2 10:22:30 CT101 snoopy[335]: [uid:0 sid:323 tty:(none) cwd:/ filename:/etc/update-motd.d/10-help-text]: /etc/update-motd.d/10-help-text
May  2 10:22:30 CT101 snoopy[337]: [uid:0 sid:323 tty:(none) cwd:/ filename:/bin/grep]: grep -qs -server
May  2 10:22:30 CT101 snoopy[336]: [uid:0 sid:323 tty:(none) cwd:/ filename:/bin/uname]: uname -r
May  2 10:22:30 CT101 snoopy[338]: [uid:0 sid:323 tty:(none) cwd:/ filename:/etc/update-motd.d/91-release-upgrade]: /etc/update-motd.d/91-release-upgrade
May  2 10:22:30 CT101 snoopy[341]: [uid:0 sid:323 tty:(none) cwd:/ filename:/usr/bin/cut]: cut -d  -f4
May  2 10:22:30 CT101 snoopy[340]: [uid:0 sid:323 tty:(none) cwd:/ filename:/usr/bin/lsb_release]: lsb_release -sd
May  2 10:22:30 CT101 snoopy[338]: [uid:0 sid:323 tty:(none) cwd:/ filename:/usr/lib/ubuntu-release-upgrader/release-upgrade-motd]: /usr/lib/ubuntu-release-upgrader/release-upgrade-motd
May  2 10:22:30 CT101 snoopy[342]: [uid:0 sid:323 tty:(none) cwd:/ filename:/usr/lib/ubuntu-release-upgrader/check-new-release]: /usr/lib/ubuntu-release-upgrader/check-new-release -q
May  2 10:22:31 CT101 snoopy[346]: [uid:0 sid:0 tty:(none) cwd:/ filename:/usr/bin/basename]: basename /usr/sbin/service
May  2 10:22:31 CT101 snoopy[347]: [uid:0 sid:0 tty:(none) cwd:/ filename:/usr/bin/basename]: basename /usr/sbin/service
May  2 10:22:31 CT101 snoopy[348]: [uid:0 sid:0 tty:(none) cwd:/ filename:/bin/which]: which initctl
May  2 10:22:31 CT101 snoopy[349]: [uid:0 sid:0 tty:(none) cwd:/ filename:/bin/systemctl]: systemctl is-system-running
May  2 10:22:31 CT101 snoopy[345]: [uid:0 sid:0 tty:(none) cwd:/ filename:/sbin/systemctl]: systemctl restart ssh.service
May  2 10:22:31 CT101 snoopy[345]: [uid:0 sid:0 tty:(none) cwd:/ filename:/bin/systemctl]: systemctl restart ssh.service
May  2 10:22:31 CT101 sshd[191]: Received signal 15; terminating.
May  2 10:22:31 CT101 snoopy[350]: [uid:0 sid:350 tty:(none) cwd:/ filename:/usr/sbin/sshd]: /usr/sbin/sshd -D
May  2 10:22:31 CT101 sshd[350]: Server listening on 0.0.0.0 port 22.
May  2 10:22:31 CT101 sshd[350]: Server listening on :: port 22.
May  2 10:22:31 CT101 snoopy[351]: [uid:0 sid:323 tty:(none) cwd:/ filename:/usr/local/sbin/lsb_release]: lsb_release -c -s
May  2 10:22:31 CT101 snoopy[351]: [uid:0 sid:323 tty:(none) cwd:/ filename:/usr/local/bin/lsb_release]: lsb_release -c -s
May  2 10:22:31 CT101 snoopy[351]: [uid:0 sid:323 tty:(none) cwd:/ filename:/usr/sbin/lsb_release]: lsb_release -c -s
May  2 10:22:31 CT101 snoopy[351]: [uid:0 sid:323 tty:(none) cwd:/ filename:/usr/bin/lsb_release]: lsb_release -c -s
May  2 10:22:31 CT101 snoopy[352]: [uid:0 sid:323 tty:(none) cwd:/ filename:/usr/local/sbin/lsb_release]: lsb_release -c -s
May  2 10:22:31 CT101 snoopy[352]: [uid:0 sid:323 tty:(none) cwd:/ filename:/usr/local/bin/lsb_release]: lsb_release -c -s
May  2 10:22:31 CT101 snoopy[352]: [uid:0 sid:323 tty:(none) cwd:/ filename:/usr/sbin/lsb_release]: lsb_release -c -s
May  2 10:22:31 CT101 snoopy[352]: [uid:0 sid:323 tty:(none) cwd:/ filename:/usr/bin/lsb_release]: lsb_release -c -s
May  2 10:22:31 CT101 snoopy[353]: [uid:0 sid:323 tty:(none) cwd:/ filename:/usr/local/sbin/lsb_release]: lsb_release -c -s
May  2 10:22:31 CT101 snoopy[353]: [uid:0 sid:323 tty:(none) cwd:/ filename:/usr/local/bin/lsb_release]: lsb_release -c -s
May  2 10:22:31 CT101 snoopy[353]: [uid:0 sid:323 tty:(none) cwd:/ filename:/usr/sbin/lsb_release]: lsb_release -c -s
May  2 10:22:31 CT101 snoopy[353]: [uid:0 sid:323 tty:(none) cwd:/ filename:/usr/bin/lsb_release]: lsb_release -c -s
May  2 10:22:31 CT101 snoopy[354]: [uid:0 sid:323 tty:(none) cwd:/ filename:/usr/local/sbin/lsb_release]: lsb_release -r -s
May  2 10:22:31 CT101 snoopy[354]: [uid:0 sid:323 tty:(none) cwd:/ filename:/usr/local/bin/lsb_release]: lsb_release -r -s
May  2 10:22:31 CT101 snoopy[354]: [uid:0 sid:323 tty:(none) cwd:/ filename:/usr/sbin/lsb_release]: lsb_release -r -s
May  2 10:22:31 CT101 snoopy[354]: [uid:0 sid:323 tty:(none) cwd:/ filename:/usr/bin/lsb_release]: lsb_release -r -s
May  2 10:23:41 CT101 snoopy[356]: [uid:0 sid:356 tty:(none) cwd:/ filename:/usr/sbin/sshd]: /usr/sbin/sshd -D -R
May  2 10:23:59 CT101 sshd[323]: pam_unix(sshd:session): session closed for user root
May  2 10:23:59 CT101 systemd-logind[66]: Removed session 232.
May  2 10:23:59 CT101 snoopy[358]: [uid:0 sid:358 tty:(none) cwd:/root filename:/bin/kill]: /bin/kill -s 58 325
May  2 10:24:12 CT101 sshd[356]: Connection reset by 35.237.52.65 port 52559 [preauth]
May  2 10:27:24 CT101 snoopy[360]: [uid:0 sid:360 tty:(none) cwd:/ filename:/bin/systemd-tmpfiles]: /bin/systemd-tmpfiles --clean
May  2 10:28:16 CT101 snoopy[361]: [uid:0 sid:361 tty:(none) cwd:/ filename:/usr/sbin/sshd]: /usr/sbin/sshd -D -R
May  2 10:28:17 CT101 sshd[361]: User root from 68.183.126.80 not allowed because not listed in AllowUsers
May  2 10:28:17 CT101 sshd[361]: input_userauth_request: invalid user root [preauth]
May  2 10:28:17 CT101 sshd[361]: pam_unix(sshd:auth): authentication failure; logname= uid=0 euid=0 tty=ssh ruser= rhost=68.183.126.80  user=root
May  2 10:28:19 CT101 sshd[361]: Failed password for invalid user root from 68.183.126.80 port 62862 ssh2
May  2 10:28:19 CT101 sshd[361]: error: Received disconnect from 68.183.126.80 port 62862:14: no authentication methods available [preauth]
May  2 10:28:19 CT101 sshd[361]: Disconnected from 68.183.126.80 port 62862 [preauth]
May  2 10:29:13 CT101 snoopy[363]: [uid:0 sid:363 tty:(none) cwd:/ filename:/usr/sbin/sshd]: /usr/sbin/sshd -D -R
May  2 10:29:14 CT101 sshd[363]: User root from 192.227.117.149 not allowed because not listed in AllowUsers
May  2 10:29:14 CT101 sshd[363]: input_userauth_request: invalid user root [preauth]
May  2 10:29:14 CT101 sshd[363]: pam_unix(sshd:auth): authentication failure; logname= uid=0 euid=0 tty=ssh ruser= rhost=192.227.117.149  user=root
May  2 10:29:16 CT101 sshd[363]: Failed password for invalid user root from 192.227.117.149 port 52399 ssh2
May  2 10:29:16 CT101 sshd[363]: Connection reset by 192.227.117.149 port 52399 [preauth]
May  2 10:31:15 CT101 snoopy[365]: [uid:0 sid:365 tty:(none) cwd:/ filename:/usr/sbin/sshd]: /usr/sbin/sshd -D -R
May  2 10:31:17 CT101 sshd[365]: User root from 192.227.117.149 not allowed because not listed in AllowUsers
May  2 10:31:17 CT101 sshd[365]: input_userauth_request: invalid user root [preauth]
May  2 10:31:17 CT101 sshd[365]: pam_unix(sshd:auth): authentication failure; logname= uid=0 euid=0 tty=ssh ruser= rhost=192.227.117.149  user=root
May  2 10:31:19 CT101 sshd[365]: Failed password for invalid user root from 192.227.117.149 port 64545 ssh2
May  2 10:31:21 CT101 sshd[365]: Connection reset by 192.227.117.149 port 64545 [preauth]
