May  1 06:12:08 CT101 snoopy[298]: [uid:0 sid:193 tty:(none) cwd:/var/spool/postfix filename:/usr/sbin/postconf]: /usr/sbin/postconf -c /etc/postfix -h daemon_directory
May  1 06:12:08 CT101 snoopy[299]: [uid:0 sid:193 tty:(none) cwd:/var/spool/postfix filename:/usr/sbin/postconf]: /usr/sbin/postconf -c /etc/postfix -h data_directory
May  1 06:12:08 CT101 snoopy[300]: [uid:0 sid:193 tty:(none) cwd:/var/spool/postfix filename:/usr/sbin/postconf]: /usr/sbin/postconf -c /etc/postfix -h html_directory
May  1 06:12:08 CT101 snoopy[301]: [uid:0 sid:193 tty:(none) cwd:/var/spool/postfix filename:/usr/sbin/postconf]: /usr/sbin/postconf -c /etc/postfix -h mail_owner
May  1 06:12:08 CT101 snoopy[302]: [uid:0 sid:193 tty:(none) cwd:/var/spool/postfix filename:/usr/sbin/postconf]: /usr/sbin/postconf -c /etc/postfix -h mailq_path
May  1 06:12:08 CT101 snoopy[303]: [uid:0 sid:193 tty:(none) cwd:/var/spool/postfix filename:/usr/sbin/postconf]: /usr/sbin/postconf -c /etc/postfix -h manpage_directory
May  1 06:12:08 CT101 snoopy[304]: [uid:0 sid:193 tty:(none) cwd:/var/spool/postfix filename:/usr/sbin/postconf]: /usr/sbin/postconf -c /etc/postfix -h newaliases_path
May  1 06:12:08 CT101 snoopy[305]: [uid:0 sid:193 tty:(none) cwd:/var/spool/postfix filename:/usr/sbin/postconf]: /usr/sbin/postconf -c /etc/postfix -h queue_directory
May  1 06:12:08 CT101 snoopy[306]: [uid:0 sid:193 tty:(none) cwd:/var/spool/postfix filename:/usr/sbin/postconf]: /usr/sbin/postconf -c /etc/postfix -h readme_directory
May  1 06:12:08 CT101 snoopy[307]: [uid:0 sid:193 tty:(none) cwd:/var/spool/postfix filename:/usr/sbin/postconf]: /usr/sbin/postconf -c /etc/postfix -h sample_directory
May  1 06:12:08 CT101 snoopy[308]: [uid:0 sid:193 tty:(none) cwd:/var/spool/postfix filename:/usr/sbin/postconf]: /usr/sbin/postconf -c /etc/postfix -h sendmail_path
May  1 06:12:08 CT101 snoopy[309]: [uid:0 sid:193 tty:(none) cwd:/var/spool/postfix filename:/usr/sbin/postconf]: /usr/sbin/postconf -c /etc/postfix -h setgid_group
May  1 06:12:08 CT101 snoopy[310]: [uid:0 sid:193 tty:(none) cwd:/var/spool/postfix filename:/usr/sbin/postconf]: /usr/sbin/postconf -c /etc/postfix -h shlib_directory
May  1 06:12:08 CT101 snoopy[311]: [uid:0 sid:193 tty:(none) cwd:/var/spool/postfix filename:/usr/sbin/postconf]: /usr/sbin/postconf -c /etc/postfix -h meta_directory
May  1 06:12:08 CT101 snoopy[314]: [uid:0 sid:314 tty:(none) cwd:/ filename:/lib/systemd/systemd-update-utmp]: /lib/systemd/systemd-update-utmp runlevel
May  1 06:12:08 CT101 snoopy[199]: [uid:0 sid:199 tty:(none) cwd:/ filename:/sbin/agetty]: /sbin/agetty --noclear --keep-baud console 115200,38400,9600 vt220
May  1 06:12:08 CT101 snoopy[198]: [uid:0 sid:198 tty:(none) cwd:/ filename:/sbin/agetty]: /sbin/agetty --noclear --keep-baud pts/1 115200,38400,9600 vt220
May  1 06:12:08 CT101 snoopy[197]: [uid:0 sid:197 tty:(none) cwd:/ filename:/sbin/agetty]: /sbin/agetty --noclear --keep-baud pts/0 115200,38400,9600 vt220
May  1 06:12:08 CT101 snoopy[313]: [uid:0 sid:193 tty:(none) cwd:/var/spool/postfix filename:/usr/lib/postfix/sbin/master]: /usr/lib/postfix/sbin/master
May  1 06:25:01 CT101 CRON[321]: pam_unix(cron:session): session opened for user root by (uid=0)
May  1 06:25:01 CT101 snoopy[323]: [uid:0 sid:322 tty:(none) cwd:/ filename:/bin/run-parts]: run-parts --report /etc/cron.daily
May  1 06:25:01 CT101 snoopy[324]: [uid:0 sid:322 tty:(none) cwd:/ filename:/etc/cron.daily/apt-compat]: /etc/cron.daily/apt-compat
May  1 06:25:01 CT101 snoopy[325]: [uid:0 sid:322 tty:(none) cwd:/ filename:/etc/cron.daily/bsdmainutils]: /etc/cron.daily/bsdmainutils
May  1 06:25:01 CT101 snoopy[326]: [uid:0 sid:322 tty:(none) cwd:/ filename:/etc/cron.daily/dpkg]: /etc/cron.daily/dpkg
May  1 06:25:01 CT101 snoopy[327]: [uid:0 sid:322 tty:(none) cwd:/var/backups filename:/usr/bin/cmp]: cmp -s dpkg.arch.0 /var/lib/dpkg/arch
May  1 06:25:01 CT101 snoopy[328]: [uid:0 sid:322 tty:(none) cwd:/var/backups filename:/bin/cp]: cp -p /var/lib/dpkg/status dpkg.status
May  1 06:25:01 CT101 snoopy[329]: [uid:0 sid:322 tty:(none) cwd:/var/backups filename:/usr/bin/savelog]: savelog -c 7 dpkg.status
May  1 06:25:01 CT101 snoopy[330]: [uid:0 sid:322 tty:(none) cwd:/var/backups filename:/bin/date]: date +%Y%m%d%H%M%S
May  1 06:25:01 CT101 snoopy[331]: [uid:0 sid:322 tty:(none) cwd:/var/backups filename:/usr/bin/basename]: basename /usr/bin/savelog
May  1 06:25:01 CT101 snoopy[332]: [uid:0 sid:322 tty:(none) cwd:/var/backups filename:/bin/which]: which gzip
May  1 06:25:01 CT101 snoopy[333]: [uid:0 sid:322 tty:(none) cwd:/var/backups filename:/usr/bin/dirname]: dirname -- dpkg.status
May  1 06:25:01 CT101 snoopy[334]: [uid:0 sid:322 tty:(none) cwd:/var/backups filename:/usr/bin/basename]: basename -- dpkg.status
May  1 06:25:01 CT101 snoopy[335]: [uid:0 sid:322 tty:(none) cwd:/var/backups filename:/bin/rm]: rm -f -- .//dpkg.status.6 .//dpkg.status.6.gz
May  1 06:25:01 CT101 snoopy[336]: [uid:0 sid:322 tty:(none) cwd:/var/backups filename:/bin/mv]: mv -- dpkg.status .//dpkg.status.0
May  1 06:25:01 CT101 snoopy[337]: [uid:0 sid:322 tty:(none) cwd:/var/backups filename:/bin/date]: date
May  1 06:25:01 CT101 snoopy[338]: [uid:0 sid:322 tty:(none) cwd:/var/backups filename:/bin/cp]: cp -p /var/lib/dpkg/diversions dpkg.diversions
May  1 06:25:01 CT101 snoopy[339]: [uid:0 sid:322 tty:(none) cwd:/var/backups filename:/usr/bin/savelog]: savelog -c 7 dpkg.diversions
May  1 06:25:01 CT101 snoopy[340]: [uid:0 sid:322 tty:(none) cwd:/var/backups filename:/bin/date]: date +%Y%m%d%H%M%S
May  1 06:25:01 CT101 snoopy[341]: [uid:0 sid:322 tty:(none) cwd:/var/backups filename:/usr/bin/basename]: basename /usr/bin/savelog
May  1 06:25:01 CT101 snoopy[342]: [uid:0 sid:322 tty:(none) cwd:/var/backups filename:/bin/which]: which gzip
May  1 06:25:01 CT101 snoopy[343]: [uid:0 sid:322 tty:(none) cwd:/var/backups filename:/usr/bin/dirname]: dirname -- dpkg.diversions
May  1 06:25:01 CT101 snoopy[344]: [uid:0 sid:322 tty:(none) cwd:/var/backups filename:/usr/bin/basename]: basename -- dpkg.diversions
May  1 06:25:01 CT101 snoopy[345]: [uid:0 sid:322 tty:(none) cwd:/var/backups filename:/bin/rm]: rm -f -- .//dpkg.diversions.6 .//dpkg.diversions.6.gz
May  1 06:25:01 CT101 snoopy[346]: [uid:0 sid:322 tty:(none) cwd:/var/backups filename:/bin/mv]: mv -- dpkg.diversions .//dpkg.diversions.0
May  1 06:25:01 CT101 snoopy[347]: [uid:0 sid:322 tty:(none) cwd:/var/backups filename:/bin/date]: date
May  1 06:25:01 CT101 snoopy[348]: [uid:0 sid:322 tty:(none) cwd:/var/backups filename:/bin/cp]: cp -p /var/lib/dpkg/statoverride dpkg.statoverride
May  1 06:25:01 CT101 snoopy[349]: [uid:0 sid:322 tty:(none) cwd:/var/backups filename:/usr/bin/savelog]: savelog -c 7 dpkg.statoverride
May  1 06:25:01 CT101 snoopy[350]: [uid:0 sid:322 tty:(none) cwd:/var/backups filename:/bin/date]: date +%Y%m%d%H%M%S
May  1 06:25:01 CT101 snoopy[351]: [uid:0 sid:322 tty:(none) cwd:/var/backups filename:/usr/bin/basename]: basename /usr/bin/savelog
May  1 06:25:01 CT101 snoopy[352]: [uid:0 sid:322 tty:(none) cwd:/var/backups filename:/bin/which]: which gzip
May  1 06:25:01 CT101 snoopy[353]: [uid:0 sid:322 tty:(none) cwd:/var/backups filename:/usr/bin/dirname]: dirname -- dpkg.statoverride
May  1 06:25:01 CT101 snoopy[354]: [uid:0 sid:322 tty:(none) cwd:/var/backups filename:/usr/bin/basename]: basename -- dpkg.statoverride
May  1 06:25:01 CT101 snoopy[355]: [uid:0 sid:322 tty:(none) cwd:/var/backups filename:/bin/rm]: rm -f -- .//dpkg.statoverride.6 .//dpkg.statoverride.6.gz
May  1 06:25:01 CT101 snoopy[356]: [uid:0 sid:322 tty:(none) cwd:/var/backups filename:/bin/mv]: mv -- dpkg.statoverride .//dpkg.statoverride.0
May  1 06:25:01 CT101 snoopy[357]: [uid:0 sid:322 tty:(none) cwd:/var/backups filename:/bin/date]: date
May  1 06:25:01 CT101 snoopy[358]: [uid:0 sid:322 tty:(none) cwd:/var/backups filename:/usr/bin/seq]: seq 1 6
May  1 06:25:01 CT101 snoopy[359]: [uid:0 sid:322 tty:(none) cwd:/var/backups filename:/bin/tar]: tar -cf alternatives.tar -C /var/lib/dpkg alternatives
May  1 06:25:01 CT101 snoopy[360]: [uid:0 sid:322 tty:(none) cwd:/var/backups filename:/usr/bin/savelog]: savelog -c 7 alternatives.tar
May  1 06:25:01 CT101 snoopy[361]: [uid:0 sid:322 tty:(none) cwd:/var/backups filename:/bin/date]: date +%Y%m%d%H%M%S
May  1 06:25:01 CT101 snoopy[362]: [uid:0 sid:322 tty:(none) cwd:/var/backups filename:/usr/bin/basename]: basename /usr/bin/savelog
May  1 06:25:01 CT101 snoopy[363]: [uid:0 sid:322 tty:(none) cwd:/var/backups filename:/bin/which]: which gzip
May  1 06:25:01 CT101 snoopy[364]: [uid:0 sid:322 tty:(none) cwd:/var/backups filename:/usr/bin/dirname]: dirname -- alternatives.tar
May  1 06:25:01 CT101 snoopy[365]: [uid:0 sid:322 tty:(none) cwd:/var/backups filename:/usr/bin/basename]: basename -- alternatives.tar
May  1 06:25:01 CT101 snoopy[366]: [uid:0 sid:322 tty:(none) cwd:/var/backups filename:/bin/rm]: rm -f -- .//alternatives.tar.6 .//alternatives.tar.6.gz
May  1 06:25:01 CT101 snoopy[367]: [uid:0 sid:322 tty:(none) cwd:/var/backups filename:/bin/mv]: mv -- alternatives.tar .//alternatives.tar.0
May  1 06:25:01 CT101 snoopy[368]: [uid:0 sid:322 tty:(none) cwd:/var/backups filename:/bin/date]: date
May  1 06:25:01 CT101 snoopy[369]: [uid:0 sid:322 tty:(none) cwd:/ filename:/etc/cron.daily/logrotate]: /etc/cron.daily/logrotate
May  1 06:25:01 CT101 snoopy[370]: [uid:0 sid:322 tty:(none) cwd:/var/lib/logrotate filename:/bin/touch]: touch status
May  1 06:25:01 CT101 snoopy[371]: [uid:0 sid:322 tty:(none) cwd:/var/lib/logrotate filename:/usr/bin/head]: head -1 status
May  1 06:25:01 CT101 snoopy[372]: [uid:0 sid:322 tty:(none) cwd:/var/lib/logrotate filename:/bin/sed]: sed s/"//g status
May  1 06:25:01 CT101 snoopy[374]: [uid:0 sid:322 tty:(none) cwd:/var/lib/logrotate filename:/bin/mv]: mv status.clean status
May  1 06:25:01 CT101 snoopy[375]: [uid:0 sid:322 tty:(none) cwd:/var/lib/logrotate filename:/usr/sbin/logrotate]: /usr/sbin/logrotate /etc/logrotate.conf
May  1 06:25:01 CT101 snoopy[376]: [uid:0 sid:322 tty:(none) cwd:/ filename:/etc/cron.daily/man-db]: /etc/cron.daily/man-db
May  1 06:25:01 CT101 snoopy[377]: [uid:0 sid:322 tty:(none) cwd:/ filename:/bin/egrep]: egrep -q (envID|VxID):.*[1-9] /proc/self/status
May  1 06:25:01 CT101 snoopy[377]: [uid:0 sid:322 tty:(none) cwd:/ filename:/usr/local/sbin/grep]: grep -E -q (envID|VxID):.*[1-9] /proc/self/status
May  1 06:25:01 CT101 snoopy[377]: [uid:0 sid:322 tty:(none) cwd:/ filename:/usr/local/bin/grep]: grep -E -q (envID|VxID):.*[1-9] /proc/self/status
May  1 06:25:01 CT101 snoopy[377]: [uid:0 sid:322 tty:(none) cwd:/ filename:/sbin/grep]: grep -E -q (envID|VxID):.*[1-9] /proc/self/status
May  1 06:25:01 CT101 snoopy[377]: [uid:0 sid:322 tty:(none) cwd:/ filename:/bin/grep]: grep -E -q (envID|VxID):.*[1-9] /proc/self/status
May  1 06:25:01 CT101 snoopy[379]: [uid:0 sid:322 tty:(none) cwd:/ filename:/sbin/start-stop-daemon]: start-stop-daemon --start --pidfile /dev/null --startas /usr/bin/mandb --oknodo --chuid man --iosched idle -- --no-purge --quiet
May  1 06:25:01 CT101 snoopy[379]: [uid:6 sid:322 tty:(none) cwd:/ filename:/usr/bin/mandb]: /usr/bin/mandb --no-purge --quiet
May  1 06:25:02 CT101 snoopy[612]: [uid:0 sid:322 tty:(none) cwd:/ filename:/etc/cron.daily/mlocate]: /etc/cron.daily/mlocate
May  1 06:25:02 CT101 snoopy[613]: [uid:0 sid:322 tty:(none) cwd:/ filename:/bin/which]: which on_ac_power
May  1 06:25:02 CT101 snoopy[614]: [uid:0 sid:322 tty:(none) cwd:/ filename:/sbin/on_ac_power]: on_ac_power
May  1 06:25:02 CT101 snoopy[615]: [uid:0 sid:322 tty:(none) cwd:/ filename:/sbin/acpi_available]: /sbin/acpi_available
May  1 06:25:02 CT101 snoopy[616]: [uid:0 sid:322 tty:(none) cwd:/ filename:/usr/bin/ionice]: /usr/bin/ionice -c3 true
May  1 06:25:02 CT101 snoopy[617]: [uid:0 sid:322 tty:(none) cwd:/ filename:/usr/bin/flock]: flock --nonblock /run/mlocate.daily.lock /usr/bin/ionice -c3 /usr/bin/updatedb.mlocate
May  1 06:25:03 CT101 snoopy[619]: [uid:0 sid:322 tty:(none) cwd:/ filename:/etc/cron.daily/passwd]: /etc/cron.daily/passwd
May  1 06:25:03 CT101 snoopy[620]: [uid:0 sid:322 tty:(none) cwd:/var/backups filename:/usr/bin/cmp]: cmp -s passwd.bak /etc/passwd
May  1 06:25:03 CT101 snoopy[621]: [uid:0 sid:322 tty:(none) cwd:/var/backups filename:/bin/cp]: cp -p /etc/passwd passwd.bak
May  1 06:25:03 CT101 snoopy[622]: [uid:0 sid:322 tty:(none) cwd:/var/backups filename:/bin/chmod]: chmod 600 passwd.bak
May  1 06:25:03 CT101 snoopy[623]: [uid:0 sid:322 tty:(none) cwd:/var/backups filename:/usr/bin/cmp]: cmp -s group.bak /etc/group
May  1 06:25:03 CT101 snoopy[624]: [uid:0 sid:322 tty:(none) cwd:/var/backups filename:/bin/cp]: cp -p /etc/group group.bak
May  1 06:25:03 CT101 snoopy[625]: [uid:0 sid:322 tty:(none) cwd:/var/backups filename:/bin/chmod]: chmod 600 group.bak
May  1 06:25:03 CT101 snoopy[626]: [uid:0 sid:322 tty:(none) cwd:/var/backups filename:/usr/bin/cmp]: cmp -s shadow.bak /etc/shadow
May  1 06:25:03 CT101 snoopy[627]: [uid:0 sid:322 tty:(none) cwd:/var/backups filename:/bin/cp]: cp -p /etc/shadow shadow.bak
May  1 06:25:03 CT101 snoopy[628]: [uid:0 sid:322 tty:(none) cwd:/var/backups filename:/bin/chmod]: chmod 600 shadow.bak
May  1 06:25:03 CT101 snoopy[629]: [uid:0 sid:322 tty:(none) cwd:/var/backups filename:/usr/bin/cmp]: cmp -s gshadow.bak /etc/gshadow
May  1 06:25:03 CT101 snoopy[630]: [uid:0 sid:322 tty:(none) cwd:/var/backups filename:/bin/cp]: cp -p /etc/gshadow gshadow.bak
May  1 06:25:03 CT101 snoopy[631]: [uid:0 sid:322 tty:(none) cwd:/var/backups filename:/bin/chmod]: chmod 600 gshadow.bak
May  1 06:25:03 CT101 snoopy[632]: [uid:0 sid:322 tty:(none) cwd:/ filename:/etc/cron.daily/popularity-contest]: /etc/cron.daily/popularity-contest
May  1 06:25:03 CT101 CRON[321]: pam_unix(cron:session): session closed for user root
May  1 06:27:34 CT101 snoopy[633]: [uid:0 sid:633 tty:(none) cwd:/ filename:/bin/systemd-tmpfiles]: /bin/systemd-tmpfiles --clean
May  1 06:56:01 CT101 CRON[634]: pam_unix(cron:session): session opened for user root by (uid=0)
May  1 06:56:01 CT101 snoopy[636]: [uid:0 sid:635 tty:(none) cwd:/ filename:/bin/run-parts]: run-parts --report /etc/cron.hourly
May  1 06:56:01 CT101 CRON[634]: pam_unix(cron:session): session closed for user root
May  1 07:19:01 CT101 CRON[637]: pam_unix(cron:session): session opened for user root by (uid=0)
May  1 07:19:01 CT101 snoopy[639]: [uid:0 sid:638 tty:(none) cwd:/root filename:/etc/cron.daily/popularity-contest]: /etc/cron.daily/popularity-contest --crond
May  1 07:19:01 CT101 CRON[637]: pam_unix(cron:session): session closed for user root
May  1 07:56:01 CT101 CRON[641]: pam_unix(cron:session): session opened for user root by (uid=0)
May  1 07:56:01 CT101 snoopy[643]: [uid:0 sid:642 tty:(none) cwd:/ filename:/bin/run-parts]: run-parts --report /etc/cron.hourly
May  1 07:56:01 CT101 CRON[641]: pam_unix(cron:session): session closed for user root
May  1 08:56:01 CT101 CRON[644]: pam_unix(cron:session): session opened for user root by (uid=0)
May  1 08:56:01 CT101 snoopy[646]: [uid:0 sid:645 tty:(none) cwd:/ filename:/bin/run-parts]: run-parts --report /etc/cron.hourly
May  1 08:56:01 CT101 CRON[644]: pam_unix(cron:session): session closed for user root
May  1 09:56:01 CT101 CRON[648]: pam_unix(cron:session): session opened for user root by (uid=0)
May  1 09:56:01 CT101 snoopy[650]: [uid:0 sid:649 tty:(none) cwd:/ filename:/bin/run-parts]: run-parts --report /etc/cron.hourly
May  1 09:56:01 CT101 CRON[648]: pam_unix(cron:session): session closed for user root
May  1 10:56:01 CT101 CRON[652]: pam_unix(cron:session): session opened for user root by (uid=0)
May  1 10:56:01 CT101 snoopy[654]: [uid:0 sid:653 tty:(none) cwd:/ filename:/bin/run-parts]: run-parts --report /etc/cron.hourly
May  1 10:56:01 CT101 CRON[652]: pam_unix(cron:session): session closed for user root
May  1 11:56:01 CT101 CRON[656]: pam_unix(cron:session): session opened for user root by (uid=0)
May  1 11:56:01 CT101 snoopy[658]: [uid:0 sid:657 tty:(none) cwd:/ filename:/bin/run-parts]: run-parts --report /etc/cron.hourly
May  1 11:56:01 CT101 CRON[656]: pam_unix(cron:session): session closed for user root
May  1 12:56:01 CT101 CRON[660]: pam_unix(cron:session): session opened for user root by (uid=0)
May  1 12:56:01 CT101 snoopy[662]: [uid:0 sid:661 tty:(none) cwd:/ filename:/bin/run-parts]: run-parts --report /etc/cron.hourly
May  1 12:56:01 CT101 CRON[660]: pam_unix(cron:session): session closed for user root
May  1 13:56:01 CT101 CRON[663]: pam_unix(cron:session): session opened for user root by (uid=0)
May  1 13:56:02 CT101 snoopy[665]: [uid:0 sid:664 tty:(none) cwd:/ filename:/bin/run-parts]: run-parts --report /etc/cron.hourly
May  1 13:56:02 CT101 CRON[663]: pam_unix(cron:session): session closed for user root
May  1 14:56:01 CT101 CRON[667]: pam_unix(cron:session): session opened for user root by (uid=0)
May  1 14:56:01 CT101 snoopy[669]: [uid:0 sid:668 tty:(none) cwd:/ filename:/bin/run-parts]: run-parts --report /etc/cron.hourly
May  1 14:56:01 CT101 CRON[667]: pam_unix(cron:session): session closed for user root
May  1 15:43:22 CT101 snoopy[670]: [uid:0 sid:670 tty:(none) cwd:/ filename:/usr/sbin/sshd]: /usr/sbin/sshd -D -R
May  1 15:43:22 CT101 sshd[670]: pam_unix(sshd:auth): authentication failure; logname= uid=0 euid=0 tty=ssh ruser= rhost=10.105.229.130  user=root
May  1 15:43:25 CT101 sshd[670]: Failed password for root from 10.105.229.130 port 49346 ssh2
May  1 15:43:25 CT101 snoopy[672]: [uid:0 sid:672 tty:(none) cwd:/ filename:/usr/sbin/sshd]: /usr/sbin/sshd -D -R
May  1 15:43:25 CT101 sshd[672]: Accepted password for root from 10.105.229.130 port 49353 ssh2
May  1 15:43:25 CT101 sshd[672]: pam_unix(sshd:session): session opened for user root by (uid=0)
May  1 15:43:25 CT101 systemd-logind[97]: New session 74 of user root.
May  1 15:43:25 CT101 systemd: pam_unix(systemd-user:session): session opened for user root by (uid=0)
May  1 15:43:25 CT101 snoopy[674]: [uid:0 sid:674 tty:(none) cwd:/ filename:/lib/systemd/systemd]: /lib/systemd/systemd --user
May  1 15:43:25 CT101 snoopy[677]: [uid:0 sid:674 tty:(none) cwd:/ filename:/usr/lib/systemd/user-generators/systemd-dbus1-generator]: /usr/lib/systemd/user-generators/systemd-dbus1-generator /run/user/0/systemd/generator /run/user/0/systemd/generator.early /run/user/0/systemd/generator.late
May  1 15:43:25 CT101 snoopy[679]: [uid:0 sid:672 tty:(none) cwd:/ filename:/usr/bin/env]: /usr/bin/env -i PATH=/usr/local/sbin:/usr/local/bin:/usr/sbin:/usr/bin:/sbin:/bin run-parts --lsbsysinit /etc/update-motd.d
May  1 15:43:25 CT101 snoopy[680]: [uid:0 sid:672 tty:(none) cwd:/ filename:/etc/update-motd.d/00-header]: /etc/update-motd.d/00-header
May  1 15:43:25 CT101 snoopy[681]: [uid:0 sid:672 tty:(none) cwd:/ filename:/bin/uname]: uname -o
May  1 15:43:25 CT101 snoopy[682]: [uid:0 sid:672 tty:(none) cwd:/ filename:/bin/uname]: uname -r
May  1 15:43:25 CT101 snoopy[683]: [uid:0 sid:672 tty:(none) cwd:/ filename:/bin/uname]: uname -m
May  1 15:43:25 CT101 snoopy[684]: [uid:0 sid:672 tty:(none) cwd:/ filename:/etc/update-motd.d/10-help-text]: /etc/update-motd.d/10-help-text
May  1 15:43:25 CT101 snoopy[686]: [uid:0 sid:672 tty:(none) cwd:/ filename:/bin/grep]: grep -qs -server
May  1 15:43:25 CT101 snoopy[685]: [uid:0 sid:672 tty:(none) cwd:/ filename:/bin/uname]: uname -r
May  1 15:43:25 CT101 snoopy[687]: [uid:0 sid:672 tty:(none) cwd:/ filename:/etc/update-motd.d/91-release-upgrade]: /etc/update-motd.d/91-release-upgrade
May  1 15:43:25 CT101 snoopy[690]: [uid:0 sid:672 tty:(none) cwd:/ filename:/usr/bin/cut]: cut -d  -f4
May  1 15:43:25 CT101 snoopy[689]: [uid:0 sid:672 tty:(none) cwd:/ filename:/usr/bin/lsb_release]: lsb_release -sd
May  1 15:43:25 CT101 snoopy[687]: [uid:0 sid:672 tty:(none) cwd:/ filename:/usr/lib/ubuntu-release-upgrader/release-upgrade-motd]: /usr/lib/ubuntu-release-upgrader/release-upgrade-motd
May  1 15:43:25 CT101 snoopy[691]: [uid:0 sid:672 tty:(none) cwd:/ filename:/usr/lib/ubuntu-release-upgrader/check-new-release]: /usr/lib/ubuntu-release-upgrader/check-new-release -q
May  1 15:43:26 CT101 snoopy[695]: [uid:0 sid:0 tty:(none) cwd:/ filename:/usr/bin/basename]: basename /usr/sbin/service
May  1 15:43:26 CT101 snoopy[696]: [uid:0 sid:0 tty:(none) cwd:/ filename:/usr/bin/basename]: basename /usr/sbin/service
May  1 15:43:26 CT101 snoopy[697]: [uid:0 sid:0 tty:(none) cwd:/ filename:/bin/which]: which initctl
May  1 15:43:26 CT101 snoopy[698]: [uid:0 sid:0 tty:(none) cwd:/ filename:/bin/systemctl]: systemctl is-system-running
May  1 15:43:26 CT101 snoopy[694]: [uid:0 sid:0 tty:(none) cwd:/ filename:/sbin/systemctl]: systemctl restart ssh.service
May  1 15:43:26 CT101 snoopy[694]: [uid:0 sid:0 tty:(none) cwd:/ filename:/bin/systemctl]: systemctl restart ssh.service
May  1 15:43:26 CT101 sshd[191]: Received signal 15; terminating.
May  1 15:43:26 CT101 snoopy[699]: [uid:0 sid:699 tty:(none) cwd:/ filename:/usr/sbin/sshd]: /usr/sbin/sshd -D
May  1 15:43:26 CT101 sshd[699]: Server listening on 0.0.0.0 port 22.
May  1 15:43:26 CT101 sshd[699]: Server listening on :: port 22.
May  1 15:43:26 CT101 snoopy[700]: [uid:0 sid:700 tty:(none) cwd:/root filename:/bin/bash]: bash -c echo "Azeem"; wget google.com/search?q=Azeem 2>&1
May  1 15:43:26 CT101 snoopy[701]: [uid:0 sid:700 tty:(none) cwd:/root filename:/usr/bin/wget]: wget google.com/search?q=Azeem
May  1 15:43:26 CT101 snoopy[702]: [uid:0 sid:672 tty:(none) cwd:/ filename:/usr/local/sbin/lsb_release]: lsb_release -c -s
May  1 15:43:26 CT101 snoopy[702]: [uid:0 sid:672 tty:(none) cwd:/ filename:/usr/local/bin/lsb_release]: lsb_release -c -s
May  1 15:43:26 CT101 snoopy[702]: [uid:0 sid:672 tty:(none) cwd:/ filename:/usr/sbin/lsb_release]: lsb_release -c -s
May  1 15:43:26 CT101 snoopy[702]: [uid:0 sid:672 tty:(none) cwd:/ filename:/usr/bin/lsb_release]: lsb_release -c -s
May  1 15:43:26 CT101 snoopy[703]: [uid:0 sid:672 tty:(none) cwd:/ filename:/usr/local/sbin/lsb_release]: lsb_release -c -s
May  1 15:43:26 CT101 snoopy[703]: [uid:0 sid:672 tty:(none) cwd:/ filename:/usr/local/bin/lsb_release]: lsb_release -c -s
May  1 15:43:26 CT101 snoopy[703]: [uid:0 sid:672 tty:(none) cwd:/ filename:/usr/sbin/lsb_release]: lsb_release -c -s
May  1 15:43:26 CT101 snoopy[703]: [uid:0 sid:672 tty:(none) cwd:/ filename:/usr/bin/lsb_release]: lsb_release -c -s
May  1 15:43:26 CT101 snoopy[704]: [uid:0 sid:672 tty:(none) cwd:/ filename:/usr/local/sbin/lsb_release]: lsb_release -c -s
May  1 15:43:26 CT101 snoopy[704]: [uid:0 sid:672 tty:(none) cwd:/ filename:/usr/local/bin/lsb_release]: lsb_release -c -s
May  1 15:43:26 CT101 snoopy[704]: [uid:0 sid:672 tty:(none) cwd:/ filename:/usr/sbin/lsb_release]: lsb_release -c -s
May  1 15:43:26 CT101 snoopy[704]: [uid:0 sid:672 tty:(none) cwd:/ filename:/usr/bin/lsb_release]: lsb_release -c -s
May  1 15:43:26 CT101 snoopy[705]: [uid:0 sid:672 tty:(none) cwd:/ filename:/usr/local/sbin/lsb_release]: lsb_release -r -s
May  1 15:43:26 CT101 snoopy[705]: [uid:0 sid:672 tty:(none) cwd:/ filename:/usr/local/bin/lsb_release]: lsb_release -r -s
May  1 15:43:26 CT101 snoopy[705]: [uid:0 sid:672 tty:(none) cwd:/ filename:/usr/sbin/lsb_release]: lsb_release -r -s
May  1 15:43:26 CT101 snoopy[705]: [uid:0 sid:672 tty:(none) cwd:/ filename:/usr/bin/lsb_release]: lsb_release -r -s
May  1 15:43:29 CT101 sshd[672]: pam_unix(sshd:session): session closed for user root
May  1 15:43:34 CT101 systemd-logind[97]: Removed session 74.
May  1 15:43:34 CT101 snoopy[707]: [uid:0 sid:707 tty:(none) cwd:/root filename:/bin/kill]: /bin/kill -s 58 674
