May  3 11:51:20 CT101 snoopy[308]: [uid:0 sid:193 tty:(none) cwd:/var/spool/postfix filename:/usr/sbin/postconf]: /usr/sbin/postconf -c /etc/postfix -h sample_directory
May  3 11:51:20 CT101 snoopy[309]: [uid:0 sid:193 tty:(none) cwd:/var/spool/postfix filename:/usr/sbin/postconf]: /usr/sbin/postconf -c /etc/postfix -h sendmail_path
May  3 11:51:20 CT101 snoopy[310]: [uid:0 sid:193 tty:(none) cwd:/var/spool/postfix filename:/usr/sbin/postconf]: /usr/sbin/postconf -c /etc/postfix -h setgid_group
May  3 11:51:20 CT101 snoopy[311]: [uid:0 sid:193 tty:(none) cwd:/var/spool/postfix filename:/usr/sbin/postconf]: /usr/sbin/postconf -c /etc/postfix -h shlib_directory
May  3 11:51:20 CT101 snoopy[312]: [uid:0 sid:193 tty:(none) cwd:/var/spool/postfix filename:/usr/sbin/postconf]: /usr/sbin/postconf -c /etc/postfix -h meta_directory
May  3 11:51:20 CT101 snoopy[315]: [uid:0 sid:315 tty:(none) cwd:/ filename:/lib/systemd/systemd-update-utmp]: /lib/systemd/systemd-update-utmp runlevel
May  3 11:51:20 CT101 snoopy[199]: [uid:0 sid:199 tty:(none) cwd:/ filename:/sbin/agetty]: /sbin/agetty --noclear --keep-baud pts/0 115200,38400,9600 vt220
May  3 11:51:20 CT101 snoopy[198]: [uid:0 sid:198 tty:(none) cwd:/ filename:/sbin/agetty]: /sbin/agetty --noclear --keep-baud console 115200,38400,9600 vt220
May  3 11:51:20 CT101 snoopy[200]: [uid:0 sid:200 tty:(none) cwd:/ filename:/sbin/agetty]: /sbin/agetty --noclear --keep-baud pts/1 115200,38400,9600 vt220
May  3 11:51:20 CT101 snoopy[314]: [uid:0 sid:193 tty:(none) cwd:/var/spool/postfix filename:/usr/lib/postfix/sbin/master]: /usr/lib/postfix/sbin/master
May  3 12:06:31 CT101 snoopy[322]: [uid:0 sid:322 tty:(none) cwd:/ filename:/bin/systemd-tmpfiles]: /bin/systemd-tmpfiles --clean
May  3 12:31:40 CT101 snoopy[323]: [uid:0 sid:323 tty:(none) cwd:/ filename:/usr/sbin/sshd]: /usr/sbin/sshd -D -R
May  3 12:31:40 CT101 sshd[323]: Did not receive identification string from 171.233.19.210
May  3 12:32:40 CT101 snoopy[324]: [uid:0 sid:324 tty:(none) cwd:/ filename:/usr/sbin/sshd]: /usr/sbin/sshd -D -R
May  3 12:32:41 CT101 sshd[324]: fatal: Unable to negotiate with 171.233.19.210 port 54398: no matching key exchange method found. Their offer: diffie-hellman-group1-sha1 [preauth]
May  3 12:41:01 CT101 CRON[326]: pam_unix(cron:session): session opened for user root by (uid=0)
May  3 12:41:01 CT101 snoopy[328]: [uid:0 sid:327 tty:(none) cwd:/ filename:/bin/run-parts]: run-parts --report /etc/cron.hourly
May  3 12:41:01 CT101 CRON[326]: pam_unix(cron:session): session closed for user root
May  3 12:43:54 CT101 snoopy[329]: [uid:0 sid:329 tty:(none) cwd:/ filename:/usr/sbin/sshd]: /usr/sbin/sshd -D -R
May  3 12:43:54 CT101 sshd[329]: fatal: Unable to negotiate with 38.130.225.148 port 60682: no matching key exchange method found. Their offer: diffie-hellman-group1-sha1 [preauth]
May  3 12:49:58 CT101 snoopy[331]: [uid:0 sid:331 tty:(none) cwd:/ filename:/usr/sbin/sshd]: /usr/sbin/sshd -D -R
May  3 12:50:00 CT101 sshd[331]: Accepted password for root from 128.199.94.95 port 56183 ssh2
May  3 12:50:00 CT101 sshd[331]: pam_unix(sshd:session): session opened for user root by (uid=0)
May  3 12:50:00 CT101 systemd-logind[72]: New session 90 of user root.
May  3 12:50:00 CT101 systemd: pam_unix(systemd-user:session): session opened for user root by (uid=0)
May  3 12:50:00 CT101 snoopy[333]: [uid:0 sid:333 tty:(none) cwd:/ filename:/lib/systemd/systemd]: /lib/systemd/systemd --user
May  3 12:50:00 CT101 snoopy[336]: [uid:0 sid:333 tty:(none) cwd:/ filename:/usr/lib/systemd/user-generators/systemd-dbus1-generator]: /usr/lib/systemd/user-generators/systemd-dbus1-generator /run/user/0/systemd/generator /run/user/0/systemd/generator.early /run/user/0/systemd/generator.late
May  3 12:50:00 CT101 snoopy[338]: [uid:0 sid:331 tty:(none) cwd:/ filename:/usr/bin/env]: /usr/bin/env -i PATH=/usr/local/sbin:/usr/local/bin:/usr/sbin:/usr/bin:/sbin:/bin run-parts --lsbsysinit /etc/update-motd.d
May  3 12:50:00 CT101 snoopy[339]: [uid:0 sid:331 tty:(none) cwd:/ filename:/etc/update-motd.d/00-header]: /etc/update-motd.d/00-header
May  3 12:50:00 CT101 snoopy[340]: [uid:0 sid:331 tty:(none) cwd:/ filename:/bin/uname]: uname -o
May  3 12:50:00 CT101 snoopy[341]: [uid:0 sid:331 tty:(none) cwd:/ filename:/bin/uname]: uname -r
May  3 12:50:00 CT101 snoopy[342]: [uid:0 sid:331 tty:(none) cwd:/ filename:/bin/uname]: uname -m
May  3 12:50:00 CT101 snoopy[343]: [uid:0 sid:331 tty:(none) cwd:/ filename:/etc/update-motd.d/10-help-text]: /etc/update-motd.d/10-help-text
May  3 12:50:00 CT101 snoopy[345]: [uid:0 sid:331 tty:(none) cwd:/ filename:/bin/grep]: grep -qs -server
May  3 12:50:00 CT101 snoopy[344]: [uid:0 sid:331 tty:(none) cwd:/ filename:/bin/uname]: uname -r
May  3 12:50:00 CT101 snoopy[346]: [uid:0 sid:331 tty:(none) cwd:/ filename:/etc/update-motd.d/91-release-upgrade]: /etc/update-motd.d/91-release-upgrade
May  3 12:50:00 CT101 snoopy[349]: [uid:0 sid:331 tty:(none) cwd:/ filename:/usr/bin/cut]: cut -d  -f4
May  3 12:50:00 CT101 snoopy[348]: [uid:0 sid:331 tty:(none) cwd:/ filename:/usr/bin/lsb_release]: lsb_release -sd
May  3 12:50:00 CT101 snoopy[346]: [uid:0 sid:331 tty:(none) cwd:/ filename:/usr/lib/ubuntu-release-upgrader/release-upgrade-motd]: /usr/lib/ubuntu-release-upgrader/release-upgrade-motd
May  3 12:50:00 CT101 snoopy[350]: [uid:0 sid:331 tty:(none) cwd:/ filename:/usr/lib/ubuntu-release-upgrader/check-new-release]: /usr/lib/ubuntu-release-upgrader/check-new-release -q
May  3 12:50:01 CT101 snoopy[354]: [uid:0 sid:0 tty:(none) cwd:/ filename:/usr/bin/basename]: basename /usr/sbin/service
May  3 12:50:01 CT101 snoopy[355]: [uid:0 sid:0 tty:(none) cwd:/ filename:/usr/bin/basename]: basename /usr/sbin/service
May  3 12:50:01 CT101 snoopy[356]: [uid:0 sid:0 tty:(none) cwd:/ filename:/bin/which]: which initctl
May  3 12:50:01 CT101 snoopy[357]: [uid:0 sid:0 tty:(none) cwd:/ filename:/bin/systemctl]: systemctl is-system-running
May  3 12:50:01 CT101 snoopy[353]: [uid:0 sid:0 tty:(none) cwd:/ filename:/sbin/systemctl]: systemctl restart ssh.service
May  3 12:50:01 CT101 snoopy[353]: [uid:0 sid:0 tty:(none) cwd:/ filename:/bin/systemctl]: systemctl restart ssh.service
May  3 12:50:01 CT101 sshd[191]: Received signal 15; terminating.
May  3 12:50:01 CT101 snoopy[358]: [uid:0 sid:358 tty:(none) cwd:/ filename:/usr/sbin/sshd]: /usr/sbin/sshd -D
May  3 12:50:01 CT101 sshd[358]: Server listening on 0.0.0.0 port 22.
May  3 12:50:01 CT101 sshd[358]: Server listening on :: port 22.
May  3 12:50:01 CT101 snoopy[359]: [uid:0 sid:331 tty:(none) cwd:/ filename:/usr/local/sbin/lsb_release]: lsb_release -c -s
May  3 12:50:01 CT101 snoopy[359]: [uid:0 sid:331 tty:(none) cwd:/ filename:/usr/local/bin/lsb_release]: lsb_release -c -s
May  3 12:50:01 CT101 snoopy[359]: [uid:0 sid:331 tty:(none) cwd:/ filename:/usr/sbin/lsb_release]: lsb_release -c -s
May  3 12:50:01 CT101 snoopy[359]: [uid:0 sid:331 tty:(none) cwd:/ filename:/usr/bin/lsb_release]: lsb_release -c -s
May  3 12:50:01 CT101 snoopy[360]: [uid:0 sid:331 tty:(none) cwd:/ filename:/usr/local/sbin/lsb_release]: lsb_release -c -s
May  3 12:50:01 CT101 snoopy[360]: [uid:0 sid:331 tty:(none) cwd:/ filename:/usr/local/bin/lsb_release]: lsb_release -c -s
May  3 12:50:01 CT101 snoopy[360]: [uid:0 sid:331 tty:(none) cwd:/ filename:/usr/sbin/lsb_release]: lsb_release -c -s
May  3 12:50:01 CT101 snoopy[360]: [uid:0 sid:331 tty:(none) cwd:/ filename:/usr/bin/lsb_release]: lsb_release -c -s
May  3 12:50:01 CT101 snoopy[361]: [uid:0 sid:331 tty:(none) cwd:/ filename:/usr/local/sbin/lsb_release]: lsb_release -c -s
May  3 12:50:01 CT101 snoopy[361]: [uid:0 sid:331 tty:(none) cwd:/ filename:/usr/local/bin/lsb_release]: lsb_release -c -s
May  3 12:50:01 CT101 snoopy[361]: [uid:0 sid:331 tty:(none) cwd:/ filename:/usr/sbin/lsb_release]: lsb_release -c -s
May  3 12:50:01 CT101 snoopy[361]: [uid:0 sid:331 tty:(none) cwd:/ filename:/usr/bin/lsb_release]: lsb_release -c -s
May  3 12:50:01 CT101 snoopy[362]: [uid:0 sid:331 tty:(none) cwd:/ filename:/usr/local/sbin/lsb_release]: lsb_release -r -s
May  3 12:50:01 CT101 snoopy[362]: [uid:0 sid:331 tty:(none) cwd:/ filename:/usr/local/bin/lsb_release]: lsb_release -r -s
May  3 12:50:01 CT101 snoopy[362]: [uid:0 sid:331 tty:(none) cwd:/ filename:/usr/sbin/lsb_release]: lsb_release -r -s
May  3 12:50:01 CT101 snoopy[362]: [uid:0 sid:331 tty:(none) cwd:/ filename:/usr/bin/lsb_release]: lsb_release -r -s
May  3 12:51:07 CT101 sshd[331]: pam_unix(sshd:session): session closed for user root
May  3 12:51:07 CT101 systemd-logind[72]: Removed session 90.
May  3 12:51:07 CT101 snoopy[364]: [uid:0 sid:364 tty:(none) cwd:/root filename:/bin/kill]: /bin/kill -s 58 333
May  3 12:54:02 CT101 snoopy[365]: [uid:0 sid:365 tty:(none) cwd:/ filename:/usr/sbin/sshd]: /usr/sbin/sshd -D -R
May  3 12:54:02 CT101 sshd[365]: fatal: Unable to negotiate with 38.130.225.148 port 55147: no matching key exchange method found. Their offer: diffie-hellman-group1-sha1 [preauth]
May  3 12:55:59 CT101 snoopy[367]: [uid:0 sid:367 tty:(none) cwd:/ filename:/usr/sbin/sshd]: /usr/sbin/sshd -D -R
May  3 12:56:00 CT101 sshd[367]: Invalid user 111111 from 195.3.147.48
May  3 12:56:00 CT101 sshd[367]: input_userauth_request: invalid user 111111 [preauth]
May  3 12:56:01 CT101 sshd[367]: pam_unix(sshd:auth): check pass; user unknown
May  3 12:56:01 CT101 sshd[367]: pam_unix(sshd:auth): authentication failure; logname= uid=0 euid=0 tty=ssh ruser= rhost=195.3.147.48
May  3 12:56:02 CT101 sshd[367]: Failed password for invalid user 111111 from 195.3.147.48 port 62043 ssh2
May  3 12:56:02 CT101 sshd[367]: Connection reset by 195.3.147.48 port 62043 [preauth]
