May  3 15:02:03 CT101 snoopy[308]: [uid:0 sid:192 tty:(none) cwd:/var/spool/postfix filename:/usr/sbin/postconf]: /usr/sbin/postconf -c /etc/postfix -h sample_directory
May  3 15:02:03 CT101 snoopy[309]: [uid:0 sid:192 tty:(none) cwd:/var/spool/postfix filename:/usr/sbin/postconf]: /usr/sbin/postconf -c /etc/postfix -h sendmail_path
May  3 15:02:03 CT101 snoopy[310]: [uid:0 sid:192 tty:(none) cwd:/var/spool/postfix filename:/usr/sbin/postconf]: /usr/sbin/postconf -c /etc/postfix -h setgid_group
May  3 15:02:03 CT101 snoopy[311]: [uid:0 sid:192 tty:(none) cwd:/var/spool/postfix filename:/usr/sbin/postconf]: /usr/sbin/postconf -c /etc/postfix -h shlib_directory
May  3 15:02:04 CT101 snoopy[312]: [uid:0 sid:192 tty:(none) cwd:/var/spool/postfix filename:/usr/sbin/postconf]: /usr/sbin/postconf -c /etc/postfix -h meta_directory
May  3 15:02:04 CT101 snoopy[315]: [uid:0 sid:315 tty:(none) cwd:/ filename:/lib/systemd/systemd-update-utmp]: /lib/systemd/systemd-update-utmp runlevel
May  3 15:02:04 CT101 snoopy[198]: [uid:0 sid:198 tty:(none) cwd:/ filename:/sbin/agetty]: /sbin/agetty --noclear --keep-baud console 115200,38400,9600 vt220
May  3 15:02:04 CT101 snoopy[200]: [uid:0 sid:200 tty:(none) cwd:/ filename:/sbin/agetty]: /sbin/agetty --noclear --keep-baud pts/0 115200,38400,9600 vt220
May  3 15:02:04 CT101 snoopy[199]: [uid:0 sid:199 tty:(none) cwd:/ filename:/sbin/agetty]: /sbin/agetty --noclear --keep-baud pts/1 115200,38400,9600 vt220
May  3 15:02:04 CT101 snoopy[314]: [uid:0 sid:192 tty:(none) cwd:/var/spool/postfix filename:/usr/lib/postfix/sbin/master]: /usr/lib/postfix/sbin/master
May  3 15:07:23 CT101 snoopy[322]: [uid:0 sid:322 tty:(none) cwd:/ filename:/usr/sbin/sshd]: /usr/sbin/sshd -D -R
May  3 15:07:24 CT101 sshd[322]: Invalid user 111111 from 195.3.147.48
May  3 15:07:24 CT101 sshd[322]: input_userauth_request: invalid user 111111 [preauth]
May  3 15:07:25 CT101 sshd[322]: pam_unix(sshd:auth): check pass; user unknown
May  3 15:07:25 CT101 sshd[322]: pam_unix(sshd:auth): authentication failure; logname= uid=0 euid=0 tty=ssh ruser= rhost=195.3.147.48
May  3 15:07:27 CT101 sshd[322]: Failed password for invalid user 111111 from 195.3.147.48 port 6304 ssh2
May  3 15:07:27 CT101 sshd[322]: Connection reset by 195.3.147.48 port 6304 [preauth]
May  3 15:17:31 CT101 snoopy[324]: [uid:0 sid:324 tty:(none) cwd:/ filename:/bin/systemd-tmpfiles]: /bin/systemd-tmpfiles --clean
May  3 15:24:01 CT101 CRON[325]: pam_unix(cron:session): session opened for user root by (uid=0)
May  3 15:24:01 CT101 snoopy[327]: [uid:0 sid:326 tty:(none) cwd:/ filename:/bin/run-parts]: run-parts --report /etc/cron.hourly
May  3 15:24:01 CT101 CRON[325]: pam_unix(cron:session): session closed for user root
May  3 15:30:55 CT101 snoopy[328]: [uid:0 sid:328 tty:(none) cwd:/ filename:/usr/sbin/sshd]: /usr/sbin/sshd -D -R
May  3 15:30:56 CT101 sshd[328]: fatal: Unable to negotiate with 125.212.180.172 port 9111: no matching key exchange method found. Their offer: diffie-hellman-group1-sha1 [preauth]
May  3 15:36:37 CT101 snoopy[330]: [uid:0 sid:330 tty:(none) cwd:/ filename:/usr/sbin/sshd]: /usr/sbin/sshd -D -R
May  3 15:36:38 CT101 sshd[330]: Accepted password for root from 142.93.53.26 port 53476 ssh2
May  3 15:36:38 CT101 sshd[330]: pam_unix(sshd:session): session opened for user root by (uid=0)
May  3 15:36:38 CT101 systemd-logind[74]: New session 115 of user root.
May  3 15:36:38 CT101 systemd: pam_unix(systemd-user:session): session opened for user root by (uid=0)
May  3 15:36:38 CT101 snoopy[332]: [uid:0 sid:332 tty:(none) cwd:/ filename:/lib/systemd/systemd]: /lib/systemd/systemd --user
May  3 15:36:38 CT101 snoopy[335]: [uid:0 sid:332 tty:(none) cwd:/ filename:/usr/lib/systemd/user-generators/systemd-dbus1-generator]: /usr/lib/systemd/user-generators/systemd-dbus1-generator /run/user/0/systemd/generator /run/user/0/systemd/generator.early /run/user/0/systemd/generator.late
May  3 15:36:38 CT101 snoopy[337]: [uid:0 sid:330 tty:(none) cwd:/ filename:/usr/bin/env]: /usr/bin/env -i PATH=/usr/local/sbin:/usr/local/bin:/usr/sbin:/usr/bin:/sbin:/bin run-parts --lsbsysinit /etc/update-motd.d
May  3 15:36:38 CT101 snoopy[338]: [uid:0 sid:330 tty:(none) cwd:/ filename:/etc/update-motd.d/00-header]: /etc/update-motd.d/00-header
May  3 15:36:38 CT101 snoopy[339]: [uid:0 sid:330 tty:(none) cwd:/ filename:/bin/uname]: uname -o
May  3 15:36:38 CT101 snoopy[340]: [uid:0 sid:330 tty:(none) cwd:/ filename:/bin/uname]: uname -r
May  3 15:36:38 CT101 snoopy[341]: [uid:0 sid:330 tty:(none) cwd:/ filename:/bin/uname]: uname -m
May  3 15:36:38 CT101 snoopy[342]: [uid:0 sid:330 tty:(none) cwd:/ filename:/etc/update-motd.d/10-help-text]: /etc/update-motd.d/10-help-text
May  3 15:36:38 CT101 snoopy[344]: [uid:0 sid:330 tty:(none) cwd:/ filename:/bin/grep]: grep -qs -server
May  3 15:36:38 CT101 snoopy[343]: [uid:0 sid:330 tty:(none) cwd:/ filename:/bin/uname]: uname -r
May  3 15:36:38 CT101 snoopy[345]: [uid:0 sid:330 tty:(none) cwd:/ filename:/etc/update-motd.d/91-release-upgrade]: /etc/update-motd.d/91-release-upgrade
May  3 15:36:38 CT101 snoopy[348]: [uid:0 sid:330 tty:(none) cwd:/ filename:/usr/bin/cut]: cut -d  -f4
May  3 15:36:38 CT101 snoopy[347]: [uid:0 sid:330 tty:(none) cwd:/ filename:/usr/bin/lsb_release]: lsb_release -sd
May  3 15:36:38 CT101 snoopy[345]: [uid:0 sid:330 tty:(none) cwd:/ filename:/usr/lib/ubuntu-release-upgrader/release-upgrade-motd]: /usr/lib/ubuntu-release-upgrader/release-upgrade-motd
May  3 15:36:38 CT101 snoopy[349]: [uid:0 sid:330 tty:(none) cwd:/ filename:/usr/lib/ubuntu-release-upgrader/check-new-release]: /usr/lib/ubuntu-release-upgrader/check-new-release -q
May  3 15:36:39 CT101 snoopy[352]: [uid:0 sid:330 tty:(none) cwd:/ filename:/usr/local/sbin/lsb_release]: lsb_release -c -s
May  3 15:36:39 CT101 snoopy[352]: [uid:0 sid:330 tty:(none) cwd:/ filename:/usr/local/bin/lsb_release]: lsb_release -c -s
May  3 15:36:39 CT101 snoopy[352]: [uid:0 sid:330 tty:(none) cwd:/ filename:/usr/sbin/lsb_release]: lsb_release -c -s
May  3 15:36:39 CT101 snoopy[352]: [uid:0 sid:330 tty:(none) cwd:/ filename:/usr/bin/lsb_release]: lsb_release -c -s
May  3 15:36:39 CT101 snoopy[355]: [uid:0 sid:0 tty:(none) cwd:/ filename:/usr/bin/basename]: basename /usr/sbin/service
May  3 15:36:39 CT101 snoopy[356]: [uid:0 sid:0 tty:(none) cwd:/ filename:/usr/bin/basename]: basename /usr/sbin/service
May  3 15:36:39 CT101 snoopy[357]: [uid:0 sid:0 tty:(none) cwd:/ filename:/usr/bin/basename]: basename /usr/sbin/service
May  3 15:36:39 CT101 snoopy[358]: [uid:0 sid:0 tty:(none) cwd:/ filename:/usr/bin/basename]: basename /usr/sbin/service
May  3 15:36:39 CT101 snoopy[359]: [uid:0 sid:0 tty:(none) cwd:/ filename:/bin/which]: which initctl
May  3 15:36:39 CT101 snoopy[360]: [uid:0 sid:0 tty:(none) cwd:/ filename:/bin/which]: which initctl
May  3 15:36:39 CT101 snoopy[361]: [uid:0 sid:0 tty:(none) cwd:/ filename:/bin/systemctl]: systemctl is-system-running
May  3 15:36:39 CT101 snoopy[362]: [uid:0 sid:0 tty:(none) cwd:/ filename:/bin/systemctl]: systemctl is-system-running
May  3 15:36:39 CT101 snoopy[354]: [uid:0 sid:0 tty:(none) cwd:/ filename:/sbin/systemctl]: systemctl restart ssh.service
May  3 15:36:39 CT101 snoopy[354]: [uid:0 sid:0 tty:(none) cwd:/ filename:/bin/systemctl]: systemctl restart ssh.service
May  3 15:36:39 CT101 sshd[191]: Received signal 15; terminating.
May  3 15:36:39 CT101 snoopy[363]: [uid:0 sid:363 tty:(none) cwd:/ filename:/usr/sbin/sshd]: /usr/sbin/sshd -D
May  3 15:36:39 CT101 snoopy[353]: [uid:0 sid:0 tty:(none) cwd:/ filename:/sbin/systemctl]: systemctl restart ssh.service
May  3 15:36:39 CT101 snoopy[353]: [uid:0 sid:0 tty:(none) cwd:/ filename:/bin/systemctl]: systemctl restart ssh.service
May  3 15:36:39 CT101 snoopy[364]: [uid:0 sid:364 tty:(none) cwd:/ filename:/usr/sbin/sshd]: /usr/sbin/sshd -D
May  3 15:36:39 CT101 snoopy[365]: [uid:0 sid:330 tty:(none) cwd:/ filename:/usr/local/sbin/lsb_release]: lsb_release -c -s
May  3 15:36:39 CT101 snoopy[365]: [uid:0 sid:330 tty:(none) cwd:/ filename:/usr/local/bin/lsb_release]: lsb_release -c -s
May  3 15:36:39 CT101 snoopy[365]: [uid:0 sid:330 tty:(none) cwd:/ filename:/usr/sbin/lsb_release]: lsb_release -c -s
May  3 15:36:39 CT101 snoopy[365]: [uid:0 sid:330 tty:(none) cwd:/ filename:/usr/bin/lsb_release]: lsb_release -c -s
May  3 15:36:39 CT101 sshd[364]: Server listening on 0.0.0.0 port 22.
May  3 15:36:39 CT101 sshd[364]: Server listening on :: port 22.
May  3 15:36:39 CT101 snoopy[366]: [uid:0 sid:330 tty:(none) cwd:/ filename:/usr/local/sbin/lsb_release]: lsb_release -c -s
May  3 15:36:39 CT101 snoopy[366]: [uid:0 sid:330 tty:(none) cwd:/ filename:/usr/local/bin/lsb_release]: lsb_release -c -s
May  3 15:36:39 CT101 snoopy[366]: [uid:0 sid:330 tty:(none) cwd:/ filename:/usr/sbin/lsb_release]: lsb_release -c -s
May  3 15:36:39 CT101 snoopy[366]: [uid:0 sid:330 tty:(none) cwd:/ filename:/usr/bin/lsb_release]: lsb_release -c -s
May  3 15:36:39 CT101 snoopy[367]: [uid:0 sid:330 tty:(none) cwd:/ filename:/usr/local/sbin/lsb_release]: lsb_release -r -s
May  3 15:36:39 CT101 snoopy[367]: [uid:0 sid:330 tty:(none) cwd:/ filename:/usr/local/bin/lsb_release]: lsb_release -r -s
May  3 15:36:39 CT101 snoopy[367]: [uid:0 sid:330 tty:(none) cwd:/ filename:/usr/sbin/lsb_release]: lsb_release -r -s
May  3 15:36:39 CT101 snoopy[367]: [uid:0 sid:330 tty:(none) cwd:/ filename:/usr/bin/lsb_release]: lsb_release -r -s
May  3 15:37:13 CT101 sshd[330]: pam_unix(sshd:session): session closed for user root
May  3 15:37:13 CT101 systemd-logind[74]: Removed session 115.
May  3 15:37:13 CT101 snoopy[369]: [uid:0 sid:369 tty:(none) cwd:/root filename:/bin/kill]: /bin/kill -s 58 332
May  3 15:38:51 CT101 snoopy[370]: [uid:0 sid:370 tty:(none) cwd:/ filename:/usr/sbin/sshd]: /usr/sbin/sshd -D -R
May  3 15:38:53 CT101 sshd[370]: User root from 51.15.183.131 not allowed because not listed in AllowUsers
May  3 15:38:53 CT101 sshd[370]: input_userauth_request: invalid user root [preauth]
May  3 15:38:53 CT101 sshd[370]: pam_unix(sshd:auth): authentication failure; logname= uid=0 euid=0 tty=ssh ruser= rhost=51.15.183.131  user=root
May  3 15:38:55 CT101 sshd[370]: Failed password for invalid user root from 51.15.183.131 port 55131 ssh2
May  3 15:38:56 CT101 sshd[370]: Connection reset by 51.15.183.131 port 55131 [preauth]
May  3 15:43:21 CT101 snoopy[372]: [uid:0 sid:372 tty:(none) cwd:/ filename:/usr/sbin/sshd]: /usr/sbin/sshd -D -R
May  3 15:43:23 CT101 sshd[372]: User root from 117.0.121.219 not allowed because not listed in AllowUsers
May  3 15:43:23 CT101 sshd[372]: input_userauth_request: invalid user root [preauth]
May  3 15:43:24 CT101 sshd[372]: pam_unix(sshd:auth): authentication failure; logname= uid=0 euid=0 tty=ssh ruser= rhost=117.0.121.219  user=root
May  3 15:43:25 CT101 sshd[372]: Failed password for invalid user root from 117.0.121.219 port 51451 ssh2
May  3 15:43:26 CT101 sshd[372]: Connection reset by 117.0.121.219 port 51451 [preauth]
