May  3 06:28:18 CT101 snoopy[308]: [uid:0 sid:193 tty:(none) cwd:/var/spool/postfix filename:/usr/sbin/postconf]: /usr/sbin/postconf -c /etc/postfix -h sample_directory
May  3 06:28:18 CT101 snoopy[309]: [uid:0 sid:193 tty:(none) cwd:/var/spool/postfix filename:/usr/sbin/postconf]: /usr/sbin/postconf -c /etc/postfix -h sendmail_path
May  3 06:28:18 CT101 snoopy[310]: [uid:0 sid:193 tty:(none) cwd:/var/spool/postfix filename:/usr/sbin/postconf]: /usr/sbin/postconf -c /etc/postfix -h setgid_group
May  3 06:28:18 CT101 snoopy[311]: [uid:0 sid:193 tty:(none) cwd:/var/spool/postfix filename:/usr/sbin/postconf]: /usr/sbin/postconf -c /etc/postfix -h shlib_directory
May  3 06:28:18 CT101 snoopy[312]: [uid:0 sid:193 tty:(none) cwd:/var/spool/postfix filename:/usr/sbin/postconf]: /usr/sbin/postconf -c /etc/postfix -h meta_directory
May  3 06:28:18 CT101 snoopy[315]: [uid:0 sid:315 tty:(none) cwd:/ filename:/lib/systemd/systemd-update-utmp]: /lib/systemd/systemd-update-utmp runlevel
May  3 06:28:18 CT101 snoopy[197]: [uid:0 sid:197 tty:(none) cwd:/ filename:/sbin/agetty]: /sbin/agetty --noclear --keep-baud pts/0 115200,38400,9600 vt220
May  3 06:28:18 CT101 snoopy[199]: [uid:0 sid:199 tty:(none) cwd:/ filename:/sbin/agetty]: /sbin/agetty --noclear --keep-baud pts/1 115200,38400,9600 vt220
May  3 06:28:18 CT101 snoopy[198]: [uid:0 sid:198 tty:(none) cwd:/ filename:/sbin/agetty]: /sbin/agetty --noclear --keep-baud console 115200,38400,9600 vt220
May  3 06:28:18 CT101 snoopy[314]: [uid:0 sid:193 tty:(none) cwd:/var/spool/postfix filename:/usr/lib/postfix/sbin/master]: /usr/lib/postfix/sbin/master
May  3 06:40:02 CT101 snoopy[322]: [uid:0 sid:322 tty:(none) cwd:/ filename:/usr/sbin/sshd]: /usr/sbin/sshd -D -R
May  3 06:40:27 CT101 sshd[322]: Connection reset by 148.251.78.131 port 62017 [preauth]
May  3 06:43:31 CT101 snoopy[324]: [uid:0 sid:324 tty:(none) cwd:/ filename:/bin/systemd-tmpfiles]: /bin/systemd-tmpfiles --clean
May  3 06:44:01 CT101 CRON[325]: pam_unix(cron:session): session opened for user root by (uid=0)
May  3 06:44:01 CT101 snoopy[327]: [uid:0 sid:326 tty:(none) cwd:/ filename:/bin/run-parts]: run-parts --report /etc/cron.hourly
May  3 06:44:01 CT101 CRON[325]: pam_unix(cron:session): session closed for user root
May  3 06:47:58 CT101 snoopy[328]: [uid:0 sid:328 tty:(none) cwd:/ filename:/usr/sbin/sshd]: /usr/sbin/sshd -D -R
May  3 06:48:27 CT101 sshd[328]: Connection reset by 136.243.32.77 port 53593 [preauth]
May  3 06:51:04 CT101 snoopy[330]: [uid:0 sid:330 tty:(none) cwd:/ filename:/usr/sbin/sshd]: /usr/sbin/sshd -D -R
May  3 06:51:05 CT101 sshd[330]: Accepted password for root from 206.189.84.121 port 57795 ssh2
May  3 06:51:05 CT101 sshd[330]: pam_unix(sshd:session): session opened for user root by (uid=0)
May  3 06:51:05 CT101 systemd-logind[74]: New session 35 of user root.
May  3 06:51:05 CT101 systemd: pam_unix(systemd-user:session): session opened for user root by (uid=0)
May  3 06:51:05 CT101 snoopy[332]: [uid:0 sid:332 tty:(none) cwd:/ filename:/lib/systemd/systemd]: /lib/systemd/systemd --user
May  3 06:51:05 CT101 snoopy[335]: [uid:0 sid:332 tty:(none) cwd:/ filename:/usr/lib/systemd/user-generators/systemd-dbus1-generator]: /usr/lib/systemd/user-generators/systemd-dbus1-generator /run/user/0/systemd/generator /run/user/0/systemd/generator.early /run/user/0/systemd/generator.late
May  3 06:51:05 CT101 snoopy[337]: [uid:0 sid:330 tty:(none) cwd:/ filename:/usr/bin/env]: /usr/bin/env -i PATH=/usr/local/sbin:/usr/local/bin:/usr/sbin:/usr/bin:/sbin:/bin run-parts --lsbsysinit /etc/update-motd.d
May  3 06:51:05 CT101 snoopy[338]: [uid:0 sid:330 tty:(none) cwd:/ filename:/etc/update-motd.d/00-header]: /etc/update-motd.d/00-header
May  3 06:51:05 CT101 snoopy[339]: [uid:0 sid:330 tty:(none) cwd:/ filename:/bin/uname]: uname -o
May  3 06:51:05 CT101 snoopy[340]: [uid:0 sid:330 tty:(none) cwd:/ filename:/bin/uname]: uname -r
May  3 06:51:05 CT101 snoopy[341]: [uid:0 sid:330 tty:(none) cwd:/ filename:/bin/uname]: uname -m
May  3 06:51:05 CT101 snoopy[342]: [uid:0 sid:330 tty:(none) cwd:/ filename:/etc/update-motd.d/10-help-text]: /etc/update-motd.d/10-help-text
May  3 06:51:05 CT101 snoopy[344]: [uid:0 sid:330 tty:(none) cwd:/ filename:/bin/grep]: grep -qs -server
May  3 06:51:05 CT101 snoopy[343]: [uid:0 sid:330 tty:(none) cwd:/ filename:/bin/uname]: uname -r
May  3 06:51:05 CT101 snoopy[345]: [uid:0 sid:330 tty:(none) cwd:/ filename:/etc/update-motd.d/91-release-upgrade]: /etc/update-motd.d/91-release-upgrade
May  3 06:51:05 CT101 snoopy[348]: [uid:0 sid:330 tty:(none) cwd:/ filename:/usr/bin/cut]: cut -d  -f4
May  3 06:51:05 CT101 snoopy[347]: [uid:0 sid:330 tty:(none) cwd:/ filename:/usr/bin/lsb_release]: lsb_release -sd
May  3 06:51:05 CT101 snoopy[345]: [uid:0 sid:330 tty:(none) cwd:/ filename:/usr/lib/ubuntu-release-upgrader/release-upgrade-motd]: /usr/lib/ubuntu-release-upgrader/release-upgrade-motd
May  3 06:51:05 CT101 snoopy[349]: [uid:0 sid:330 tty:(none) cwd:/ filename:/usr/lib/ubuntu-release-upgrader/check-new-release]: /usr/lib/ubuntu-release-upgrader/check-new-release -q
May  3 06:51:06 CT101 snoopy[353]: [uid:0 sid:0 tty:(none) cwd:/ filename:/usr/bin/basename]: basename /usr/sbin/service
May  3 06:51:06 CT101 snoopy[354]: [uid:0 sid:0 tty:(none) cwd:/ filename:/usr/bin/basename]: basename /usr/sbin/service
May  3 06:51:06 CT101 snoopy[355]: [uid:0 sid:0 tty:(none) cwd:/ filename:/bin/which]: which initctl
May  3 06:51:06 CT101 snoopy[356]: [uid:0 sid:0 tty:(none) cwd:/ filename:/bin/systemctl]: systemctl is-system-running
May  3 06:51:06 CT101 snoopy[352]: [uid:0 sid:0 tty:(none) cwd:/ filename:/sbin/systemctl]: systemctl restart ssh.service
May  3 06:51:06 CT101 snoopy[352]: [uid:0 sid:0 tty:(none) cwd:/ filename:/bin/systemctl]: systemctl restart ssh.service
May  3 06:51:06 CT101 sshd[191]: Received signal 15; terminating.
May  3 06:51:06 CT101 snoopy[357]: [uid:0 sid:357 tty:(none) cwd:/ filename:/usr/sbin/sshd]: /usr/sbin/sshd -D
May  3 06:51:06 CT101 sshd[357]: Server listening on 0.0.0.0 port 22.
May  3 06:51:06 CT101 sshd[357]: Server listening on :: port 22.
May  3 06:51:06 CT101 snoopy[358]: [uid:0 sid:330 tty:(none) cwd:/ filename:/usr/local/sbin/lsb_release]: lsb_release -c -s
May  3 06:51:06 CT101 snoopy[358]: [uid:0 sid:330 tty:(none) cwd:/ filename:/usr/local/bin/lsb_release]: lsb_release -c -s
May  3 06:51:06 CT101 snoopy[358]: [uid:0 sid:330 tty:(none) cwd:/ filename:/usr/sbin/lsb_release]: lsb_release -c -s
May  3 06:51:06 CT101 snoopy[358]: [uid:0 sid:330 tty:(none) cwd:/ filename:/usr/bin/lsb_release]: lsb_release -c -s
May  3 06:51:06 CT101 snoopy[359]: [uid:0 sid:330 tty:(none) cwd:/ filename:/usr/local/sbin/lsb_release]: lsb_release -c -s
May  3 06:51:06 CT101 snoopy[359]: [uid:0 sid:330 tty:(none) cwd:/ filename:/usr/local/bin/lsb_release]: lsb_release -c -s
May  3 06:51:06 CT101 snoopy[359]: [uid:0 sid:330 tty:(none) cwd:/ filename:/usr/sbin/lsb_release]: lsb_release -c -s
May  3 06:51:06 CT101 snoopy[359]: [uid:0 sid:330 tty:(none) cwd:/ filename:/usr/bin/lsb_release]: lsb_release -c -s
May  3 06:51:06 CT101 snoopy[360]: [uid:0 sid:330 tty:(none) cwd:/ filename:/usr/local/sbin/lsb_release]: lsb_release -c -s
May  3 06:51:06 CT101 snoopy[360]: [uid:0 sid:330 tty:(none) cwd:/ filename:/usr/local/bin/lsb_release]: lsb_release -c -s
May  3 06:51:06 CT101 snoopy[360]: [uid:0 sid:330 tty:(none) cwd:/ filename:/usr/sbin/lsb_release]: lsb_release -c -s
May  3 06:51:06 CT101 snoopy[360]: [uid:0 sid:330 tty:(none) cwd:/ filename:/usr/bin/lsb_release]: lsb_release -c -s
May  3 06:51:07 CT101 snoopy[361]: [uid:0 sid:330 tty:(none) cwd:/ filename:/usr/local/sbin/lsb_release]: lsb_release -r -s
May  3 06:51:07 CT101 snoopy[361]: [uid:0 sid:330 tty:(none) cwd:/ filename:/usr/local/bin/lsb_release]: lsb_release -r -s
May  3 06:51:07 CT101 snoopy[361]: [uid:0 sid:330 tty:(none) cwd:/ filename:/usr/sbin/lsb_release]: lsb_release -r -s
May  3 06:51:07 CT101 snoopy[361]: [uid:0 sid:330 tty:(none) cwd:/ filename:/usr/bin/lsb_release]: lsb_release -r -s
May  3 06:52:24 CT101 sshd[330]: pam_unix(sshd:session): session closed for user root
May  3 06:52:24 CT101 systemd-logind[74]: Removed session 35.
May  3 06:52:24 CT101 snoopy[363]: [uid:0 sid:363 tty:(none) cwd:/root filename:/bin/kill]: /bin/kill -s 58 332
May  3 06:56:01 CT101 CRON[364]: pam_unix(cron:session): session opened for user root by (uid=0)
May  3 06:56:01 CT101 snoopy[366]: [uid:0 sid:365 tty:(none) cwd:/ filename:/bin/run-parts]: run-parts --report /etc/cron.daily
May  3 06:56:01 CT101 snoopy[367]: [uid:0 sid:365 tty:(none) cwd:/ filename:/etc/cron.daily/apt-compat]: /etc/cron.daily/apt-compat
May  3 06:56:01 CT101 snoopy[368]: [uid:0 sid:365 tty:(none) cwd:/ filename:/etc/cron.daily/bsdmainutils]: /etc/cron.daily/bsdmainutils
May  3 06:56:01 CT101 snoopy[369]: [uid:0 sid:365 tty:(none) cwd:/ filename:/etc/cron.daily/dpkg]: /etc/cron.daily/dpkg
May  3 06:56:01 CT101 snoopy[370]: [uid:0 sid:365 tty:(none) cwd:/var/backups filename:/usr/bin/cmp]: cmp -s dpkg.arch.0 /var/lib/dpkg/arch
May  3 06:56:01 CT101 snoopy[371]: [uid:0 sid:365 tty:(none) cwd:/var/backups filename:/bin/cp]: cp -p /var/lib/dpkg/status dpkg.status
May  3 06:56:01 CT101 snoopy[372]: [uid:0 sid:365 tty:(none) cwd:/var/backups filename:/usr/bin/savelog]: savelog -c 7 dpkg.status
May  3 06:56:01 CT101 snoopy[373]: [uid:0 sid:365 tty:(none) cwd:/var/backups filename:/bin/date]: date +%Y%m%d%H%M%S
May  3 06:56:01 CT101 snoopy[374]: [uid:0 sid:365 tty:(none) cwd:/var/backups filename:/usr/bin/basename]: basename /usr/bin/savelog
May  3 06:56:01 CT101 snoopy[375]: [uid:0 sid:365 tty:(none) cwd:/var/backups filename:/bin/which]: which gzip
May  3 06:56:01 CT101 snoopy[376]: [uid:0 sid:365 tty:(none) cwd:/var/backups filename:/usr/bin/dirname]: dirname -- dpkg.status
May  3 06:56:01 CT101 snoopy[377]: [uid:0 sid:365 tty:(none) cwd:/var/backups filename:/usr/bin/basename]: basename -- dpkg.status
May  3 06:56:01 CT101 snoopy[378]: [uid:0 sid:365 tty:(none) cwd:/var/backups filename:/bin/rm]: rm -f -- .//dpkg.status.6 .//dpkg.status.6.gz
May  3 06:56:01 CT101 snoopy[379]: [uid:0 sid:365 tty:(none) cwd:/var/backups filename:/bin/mv]: mv -- dpkg.status .//dpkg.status.0
May  3 06:56:01 CT101 snoopy[380]: [uid:0 sid:365 tty:(none) cwd:/var/backups filename:/bin/date]: date
May  3 06:56:01 CT101 snoopy[381]: [uid:0 sid:365 tty:(none) cwd:/var/backups filename:/bin/cp]: cp -p /var/lib/dpkg/diversions dpkg.diversions
May  3 06:56:01 CT101 snoopy[382]: [uid:0 sid:365 tty:(none) cwd:/var/backups filename:/usr/bin/savelog]: savelog -c 7 dpkg.diversions
May  3 06:56:01 CT101 snoopy[383]: [uid:0 sid:365 tty:(none) cwd:/var/backups filename:/bin/date]: date +%Y%m%d%H%M%S
May  3 06:56:01 CT101 snoopy[384]: [uid:0 sid:365 tty:(none) cwd:/var/backups filename:/usr/bin/basename]: basename /usr/bin/savelog
May  3 06:56:01 CT101 snoopy[385]: [uid:0 sid:365 tty:(none) cwd:/var/backups filename:/bin/which]: which gzip
May  3 06:56:01 CT101 snoopy[386]: [uid:0 sid:365 tty:(none) cwd:/var/backups filename:/usr/bin/dirname]: dirname -- dpkg.diversions
May  3 06:56:01 CT101 snoopy[387]: [uid:0 sid:365 tty:(none) cwd:/var/backups filename:/usr/bin/basename]: basename -- dpkg.diversions
May  3 06:56:01 CT101 snoopy[388]: [uid:0 sid:365 tty:(none) cwd:/var/backups filename:/bin/rm]: rm -f -- .//dpkg.diversions.6 .//dpkg.diversions.6.gz
May  3 06:56:01 CT101 snoopy[389]: [uid:0 sid:365 tty:(none) cwd:/var/backups filename:/bin/mv]: mv -- dpkg.diversions .//dpkg.diversions.0
May  3 06:56:01 CT101 snoopy[390]: [uid:0 sid:365 tty:(none) cwd:/var/backups filename:/bin/date]: date
May  3 06:56:01 CT101 snoopy[391]: [uid:0 sid:365 tty:(none) cwd:/var/backups filename:/bin/cp]: cp -p /var/lib/dpkg/statoverride dpkg.statoverride
May  3 06:56:01 CT101 snoopy[392]: [uid:0 sid:365 tty:(none) cwd:/var/backups filename:/usr/bin/savelog]: savelog -c 7 dpkg.statoverride
May  3 06:56:01 CT101 snoopy[393]: [uid:0 sid:365 tty:(none) cwd:/var/backups filename:/bin/date]: date +%Y%m%d%H%M%S
May  3 06:56:01 CT101 snoopy[394]: [uid:0 sid:365 tty:(none) cwd:/var/backups filename:/usr/bin/basename]: basename /usr/bin/savelog
May  3 06:56:01 CT101 snoopy[395]: [uid:0 sid:365 tty:(none) cwd:/var/backups filename:/bin/which]: which gzip
May  3 06:56:01 CT101 snoopy[396]: [uid:0 sid:365 tty:(none) cwd:/var/backups filename:/usr/bin/dirname]: dirname -- dpkg.statoverride
May  3 06:56:01 CT101 snoopy[397]: [uid:0 sid:365 tty:(none) cwd:/var/backups filename:/usr/bin/basename]: basename -- dpkg.statoverride
May  3 06:56:01 CT101 snoopy[398]: [uid:0 sid:365 tty:(none) cwd:/var/backups filename:/bin/rm]: rm -f -- .//dpkg.statoverride.6 .//dpkg.statoverride.6.gz
May  3 06:56:01 CT101 snoopy[399]: [uid:0 sid:365 tty:(none) cwd:/var/backups filename:/bin/mv]: mv -- dpkg.statoverride .//dpkg.statoverride.0
May  3 06:56:01 CT101 snoopy[400]: [uid:0 sid:365 tty:(none) cwd:/var/backups filename:/bin/date]: date
May  3 06:56:01 CT101 snoopy[401]: [uid:0 sid:365 tty:(none) cwd:/var/backups filename:/usr/bin/seq]: seq 1 6
May  3 06:56:01 CT101 snoopy[402]: [uid:0 sid:365 tty:(none) cwd:/var/backups filename:/bin/tar]: tar -cf alternatives.tar -C /var/lib/dpkg alternatives
May  3 06:56:01 CT101 snoopy[403]: [uid:0 sid:365 tty:(none) cwd:/var/backups filename:/usr/bin/savelog]: savelog -c 7 alternatives.tar
May  3 06:56:01 CT101 snoopy[404]: [uid:0 sid:365 tty:(none) cwd:/var/backups filename:/bin/date]: date +%Y%m%d%H%M%S
May  3 06:56:01 CT101 snoopy[405]: [uid:0 sid:365 tty:(none) cwd:/var/backups filename:/usr/bin/basename]: basename /usr/bin/savelog
May  3 06:56:01 CT101 snoopy[406]: [uid:0 sid:365 tty:(none) cwd:/var/backups filename:/bin/which]: which gzip
May  3 06:56:01 CT101 snoopy[407]: [uid:0 sid:365 tty:(none) cwd:/var/backups filename:/usr/bin/dirname]: dirname -- alternatives.tar
May  3 06:56:01 CT101 snoopy[408]: [uid:0 sid:365 tty:(none) cwd:/var/backups filename:/usr/bin/basename]: basename -- alternatives.tar
May  3 06:56:01 CT101 snoopy[409]: [uid:0 sid:365 tty:(none) cwd:/var/backups filename:/bin/rm]: rm -f -- .//alternatives.tar.6 .//alternatives.tar.6.gz
May  3 06:56:01 CT101 snoopy[410]: [uid:0 sid:365 tty:(none) cwd:/var/backups filename:/bin/mv]: mv -- alternatives.tar .//alternatives.tar.0
May  3 06:56:01 CT101 snoopy[411]: [uid:0 sid:365 tty:(none) cwd:/var/backups filename:/bin/date]: date
May  3 06:56:01 CT101 snoopy[412]: [uid:0 sid:365 tty:(none) cwd:/ filename:/etc/cron.daily/logrotate]: /etc/cron.daily/logrotate
May  3 06:56:01 CT101 snoopy[413]: [uid:0 sid:365 tty:(none) cwd:/var/lib/logrotate filename:/bin/touch]: touch status
May  3 06:56:01 CT101 snoopy[414]: [uid:0 sid:365 tty:(none) cwd:/var/lib/logrotate filename:/usr/bin/head]: head -1 status
May  3 06:56:01 CT101 snoopy[415]: [uid:0 sid:365 tty:(none) cwd:/var/lib/logrotate filename:/bin/sed]: sed s/"//g status
May  3 06:56:01 CT101 snoopy[417]: [uid:0 sid:365 tty:(none) cwd:/var/lib/logrotate filename:/bin/mv]: mv status.clean status
May  3 06:56:01 CT101 snoopy[418]: [uid:0 sid:365 tty:(none) cwd:/var/lib/logrotate filename:/usr/sbin/logrotate]: /usr/sbin/logrotate /etc/logrotate.conf
May  3 06:56:01 CT101 snoopy[419]: [uid:0 sid:365 tty:(none) cwd:/ filename:/etc/cron.daily/man-db]: /etc/cron.daily/man-db
May  3 06:56:01 CT101 snoopy[420]: [uid:0 sid:365 tty:(none) cwd:/ filename:/bin/egrep]: egrep -q (envID|VxID):.*[1-9] /proc/self/status
May  3 06:56:01 CT101 snoopy[420]: [uid:0 sid:365 tty:(none) cwd:/ filename:/usr/local/sbin/grep]: grep -E -q (envID|VxID):.*[1-9] /proc/self/status
May  3 06:56:01 CT101 snoopy[420]: [uid:0 sid:365 tty:(none) cwd:/ filename:/usr/local/bin/grep]: grep -E -q (envID|VxID):.*[1-9] /proc/self/status
May  3 06:56:01 CT101 snoopy[420]: [uid:0 sid:365 tty:(none) cwd:/ filename:/sbin/grep]: grep -E -q (envID|VxID):.*[1-9] /proc/self/status
May  3 06:56:01 CT101 snoopy[420]: [uid:0 sid:365 tty:(none) cwd:/ filename:/bin/grep]: grep -E -q (envID|VxID):.*[1-9] /proc/self/status
May  3 06:56:01 CT101 snoopy[422]: [uid:0 sid:365 tty:(none) cwd:/ filename:/sbin/start-stop-daemon]: start-stop-daemon --start --pidfile /dev/null --startas /usr/bin/mandb --oknodo --chuid man --iosched idle -- --no-purge --quiet
May  3 06:56:01 CT101 snoopy[422]: [uid:6 sid:365 tty:(none) cwd:/ filename:/usr/bin/mandb]: /usr/bin/mandb --no-purge --quiet
May  3 06:56:02 CT101 snoopy[659]: [uid:0 sid:365 tty:(none) cwd:/ filename:/etc/cron.daily/mlocate]: /etc/cron.daily/mlocate
May  3 06:56:02 CT101 snoopy[660]: [uid:0 sid:365 tty:(none) cwd:/ filename:/bin/which]: which on_ac_power
May  3 06:56:02 CT101 snoopy[661]: [uid:0 sid:365 tty:(none) cwd:/ filename:/sbin/on_ac_power]: on_ac_power
May  3 06:56:02 CT101 snoopy[662]: [uid:0 sid:365 tty:(none) cwd:/ filename:/sbin/acpi_available]: /sbin/acpi_available
May  3 06:56:02 CT101 snoopy[663]: [uid:0 sid:365 tty:(none) cwd:/ filename:/usr/bin/ionice]: /usr/bin/ionice -c3 true
May  3 06:56:02 CT101 snoopy[664]: [uid:0 sid:365 tty:(none) cwd:/ filename:/usr/bin/flock]: flock --nonblock /run/mlocate.daily.lock /usr/bin/ionice -c3 /usr/bin/updatedb.mlocate
May  3 06:56:03 CT101 snoopy[666]: [uid:0 sid:365 tty:(none) cwd:/ filename:/etc/cron.daily/passwd]: /etc/cron.daily/passwd
May  3 06:56:03 CT101 snoopy[667]: [uid:0 sid:365 tty:(none) cwd:/var/backups filename:/usr/bin/cmp]: cmp -s passwd.bak /etc/passwd
May  3 06:56:03 CT101 snoopy[668]: [uid:0 sid:365 tty:(none) cwd:/var/backups filename:/bin/cp]: cp -p /etc/passwd passwd.bak
May  3 06:56:03 CT101 snoopy[669]: [uid:0 sid:365 tty:(none) cwd:/var/backups filename:/bin/chmod]: chmod 600 passwd.bak
May  3 06:56:03 CT101 snoopy[670]: [uid:0 sid:365 tty:(none) cwd:/var/backups filename:/usr/bin/cmp]: cmp -s group.bak /etc/group
May  3 06:56:03 CT101 snoopy[671]: [uid:0 sid:365 tty:(none) cwd:/var/backups filename:/bin/cp]: cp -p /etc/group group.bak
May  3 06:56:03 CT101 snoopy[672]: [uid:0 sid:365 tty:(none) cwd:/var/backups filename:/bin/chmod]: chmod 600 group.bak
May  3 06:56:03 CT101 snoopy[673]: [uid:0 sid:365 tty:(none) cwd:/var/backups filename:/usr/bin/cmp]: cmp -s shadow.bak /etc/shadow
May  3 06:56:03 CT101 snoopy[674]: [uid:0 sid:365 tty:(none) cwd:/var/backups filename:/bin/cp]: cp -p /etc/shadow shadow.bak
May  3 06:56:03 CT101 snoopy[675]: [uid:0 sid:365 tty:(none) cwd:/var/backups filename:/bin/chmod]: chmod 600 shadow.bak
May  3 06:56:03 CT101 snoopy[676]: [uid:0 sid:365 tty:(none) cwd:/var/backups filename:/usr/bin/cmp]: cmp -s gshadow.bak /etc/gshadow
May  3 06:56:03 CT101 snoopy[677]: [uid:0 sid:365 tty:(none) cwd:/var/backups filename:/bin/cp]: cp -p /etc/gshadow gshadow.bak
May  3 06:56:03 CT101 snoopy[678]: [uid:0 sid:365 tty:(none) cwd:/var/backups filename:/bin/chmod]: chmod 600 gshadow.bak
May  3 06:56:03 CT101 snoopy[679]: [uid:0 sid:365 tty:(none) cwd:/ filename:/etc/cron.daily/popularity-contest]: /etc/cron.daily/popularity-contest
May  3 06:56:03 CT101 CRON[364]: pam_unix(cron:session): session closed for user root
May  3 06:58:09 CT101 snoopy[680]: [uid:0 sid:680 tty:(none) cwd:/ filename:/usr/sbin/sshd]: /usr/sbin/sshd -D -R
May  3 06:58:11 CT101 sshd[680]: User root from 51.15.183.131 not allowed because not listed in AllowUsers
May  3 06:58:11 CT101 sshd[680]: input_userauth_request: invalid user root [preauth]
May  3 06:58:11 CT101 sshd[680]: pam_unix(sshd:auth): authentication failure; logname= uid=0 euid=0 tty=ssh ruser= rhost=51.15.183.131  user=root
May  3 06:58:12 CT101 sshd[680]: Failed password for invalid user root from 51.15.183.131 port 63347 ssh2
May  3 06:58:12 CT101 sshd[680]: Connection reset by 51.15.183.131 port 63347 [preauth]
