May  3 13:49:40 CT101 snoopy[308]: [uid:0 sid:191 tty:(none) cwd:/var/spool/postfix filename:/usr/sbin/postconf]: /usr/sbin/postconf -c /etc/postfix -h sample_directory
May  3 13:49:40 CT101 snoopy[309]: [uid:0 sid:191 tty:(none) cwd:/var/spool/postfix filename:/usr/sbin/postconf]: /usr/sbin/postconf -c /etc/postfix -h sendmail_path
May  3 13:49:40 CT101 snoopy[310]: [uid:0 sid:191 tty:(none) cwd:/var/spool/postfix filename:/usr/sbin/postconf]: /usr/sbin/postconf -c /etc/postfix -h setgid_group
May  3 13:49:40 CT101 snoopy[311]: [uid:0 sid:191 tty:(none) cwd:/var/spool/postfix filename:/usr/sbin/postconf]: /usr/sbin/postconf -c /etc/postfix -h shlib_directory
May  3 13:49:40 CT101 snoopy[312]: [uid:0 sid:191 tty:(none) cwd:/var/spool/postfix filename:/usr/sbin/postconf]: /usr/sbin/postconf -c /etc/postfix -h meta_directory
May  3 13:49:40 CT101 snoopy[315]: [uid:0 sid:315 tty:(none) cwd:/ filename:/lib/systemd/systemd-update-utmp]: /lib/systemd/systemd-update-utmp runlevel
May  3 13:49:41 CT101 snoopy[198]: [uid:0 sid:198 tty:(none) cwd:/ filename:/sbin/agetty]: /sbin/agetty --noclear --keep-baud console 115200,38400,9600 vt220
May  3 13:49:41 CT101 snoopy[199]: [uid:0 sid:199 tty:(none) cwd:/ filename:/sbin/agetty]: /sbin/agetty --noclear --keep-baud pts/1 115200,38400,9600 vt220
May  3 13:49:41 CT101 snoopy[200]: [uid:0 sid:200 tty:(none) cwd:/ filename:/sbin/agetty]: /sbin/agetty --noclear --keep-baud pts/0 115200,38400,9600 vt220
May  3 13:49:41 CT101 snoopy[314]: [uid:0 sid:191 tty:(none) cwd:/var/spool/postfix filename:/usr/lib/postfix/sbin/master]: /usr/lib/postfix/sbin/master
May  3 14:05:01 CT101 CRON[322]: pam_unix(cron:session): session opened for user root by (uid=0)
May  3 14:05:01 CT101 snoopy[323]: [uid:0 sid:323 tty:(none) cwd:/ filename:/bin/systemd-tmpfiles]: /bin/systemd-tmpfiles --clean
May  3 14:05:01 CT101 snoopy[325]: [uid:0 sid:324 tty:(none) cwd:/ filename:/bin/run-parts]: run-parts --report /etc/cron.hourly
May  3 14:05:01 CT101 CRON[322]: pam_unix(cron:session): session closed for user root
May  3 14:07:36 CT101 snoopy[326]: [uid:0 sid:326 tty:(none) cwd:/ filename:/usr/sbin/sshd]: /usr/sbin/sshd -D -R
May  3 14:07:55 CT101 snoopy[328]: [uid:0 sid:328 tty:(none) cwd:/ filename:/usr/sbin/sshd]: /usr/sbin/sshd -D -R
May  3 14:07:56 CT101 sshd[328]: Accepted password for root from 163.172.73.154 port 63691 ssh2
May  3 14:07:56 CT101 sshd[328]: pam_unix(sshd:session): session opened for user root by (uid=0)
May  3 14:07:56 CT101 systemd-logind[68]: New session 103 of user root.
May  3 14:07:56 CT101 systemd: pam_unix(systemd-user:session): session opened for user root by (uid=0)
May  3 14:07:56 CT101 snoopy[330]: [uid:0 sid:330 tty:(none) cwd:/ filename:/lib/systemd/systemd]: /lib/systemd/systemd --user
May  3 14:07:56 CT101 snoopy[333]: [uid:0 sid:330 tty:(none) cwd:/ filename:/usr/lib/systemd/user-generators/systemd-dbus1-generator]: /usr/lib/systemd/user-generators/systemd-dbus1-generator /run/user/0/systemd/generator /run/user/0/systemd/generator.early /run/user/0/systemd/generator.late
May  3 14:07:56 CT101 snoopy[335]: [uid:0 sid:328 tty:(none) cwd:/ filename:/usr/bin/env]: /usr/bin/env -i PATH=/usr/local/sbin:/usr/local/bin:/usr/sbin:/usr/bin:/sbin:/bin run-parts --lsbsysinit /etc/update-motd.d
May  3 14:07:56 CT101 snoopy[336]: [uid:0 sid:328 tty:(none) cwd:/ filename:/etc/update-motd.d/00-header]: /etc/update-motd.d/00-header
May  3 14:07:56 CT101 snoopy[337]: [uid:0 sid:328 tty:(none) cwd:/ filename:/bin/uname]: uname -o
May  3 14:07:56 CT101 snoopy[338]: [uid:0 sid:328 tty:(none) cwd:/ filename:/bin/uname]: uname -r
May  3 14:07:56 CT101 snoopy[339]: [uid:0 sid:328 tty:(none) cwd:/ filename:/bin/uname]: uname -m
May  3 14:07:56 CT101 snoopy[340]: [uid:0 sid:328 tty:(none) cwd:/ filename:/etc/update-motd.d/10-help-text]: /etc/update-motd.d/10-help-text
May  3 14:07:56 CT101 snoopy[342]: [uid:0 sid:328 tty:(none) cwd:/ filename:/bin/grep]: grep -qs -server
May  3 14:07:56 CT101 snoopy[341]: [uid:0 sid:328 tty:(none) cwd:/ filename:/bin/uname]: uname -r
May  3 14:07:56 CT101 snoopy[343]: [uid:0 sid:328 tty:(none) cwd:/ filename:/etc/update-motd.d/91-release-upgrade]: /etc/update-motd.d/91-release-upgrade
May  3 14:07:56 CT101 snoopy[346]: [uid:0 sid:328 tty:(none) cwd:/ filename:/usr/bin/cut]: cut -d  -f4
May  3 14:07:56 CT101 snoopy[345]: [uid:0 sid:328 tty:(none) cwd:/ filename:/usr/bin/lsb_release]: lsb_release -sd
May  3 14:07:56 CT101 snoopy[343]: [uid:0 sid:328 tty:(none) cwd:/ filename:/usr/lib/ubuntu-release-upgrader/release-upgrade-motd]: /usr/lib/ubuntu-release-upgrader/release-upgrade-motd
May  3 14:07:56 CT101 snoopy[347]: [uid:0 sid:328 tty:(none) cwd:/ filename:/usr/lib/ubuntu-release-upgrader/check-new-release]: /usr/lib/ubuntu-release-upgrader/check-new-release -q
May  3 14:07:57 CT101 snoopy[351]: [uid:0 sid:0 tty:(none) cwd:/ filename:/usr/bin/basename]: basename /usr/sbin/service
May  3 14:07:57 CT101 snoopy[352]: [uid:0 sid:0 tty:(none) cwd:/ filename:/usr/bin/basename]: basename /usr/sbin/service
May  3 14:07:57 CT101 snoopy[353]: [uid:0 sid:0 tty:(none) cwd:/ filename:/bin/which]: which initctl
May  3 14:07:57 CT101 snoopy[354]: [uid:0 sid:0 tty:(none) cwd:/ filename:/bin/systemctl]: systemctl is-system-running
May  3 14:07:57 CT101 snoopy[350]: [uid:0 sid:0 tty:(none) cwd:/ filename:/sbin/systemctl]: systemctl restart ssh.service
May  3 14:07:57 CT101 snoopy[350]: [uid:0 sid:0 tty:(none) cwd:/ filename:/bin/systemctl]: systemctl restart ssh.service
May  3 14:07:57 CT101 sshd[192]: Received signal 15; terminating.
May  3 14:07:57 CT101 snoopy[355]: [uid:0 sid:355 tty:(none) cwd:/ filename:/usr/sbin/sshd]: /usr/sbin/sshd -D
May  3 14:07:57 CT101 sshd[355]: Server listening on 0.0.0.0 port 22.
May  3 14:07:57 CT101 sshd[355]: Server listening on :: port 22.
May  3 14:07:57 CT101 snoopy[356]: [uid:0 sid:328 tty:(none) cwd:/ filename:/usr/local/sbin/lsb_release]: lsb_release -c -s
May  3 14:07:57 CT101 snoopy[356]: [uid:0 sid:328 tty:(none) cwd:/ filename:/usr/local/bin/lsb_release]: lsb_release -c -s
May  3 14:07:57 CT101 snoopy[356]: [uid:0 sid:328 tty:(none) cwd:/ filename:/usr/sbin/lsb_release]: lsb_release -c -s
May  3 14:07:57 CT101 snoopy[356]: [uid:0 sid:328 tty:(none) cwd:/ filename:/usr/bin/lsb_release]: lsb_release -c -s
May  3 14:07:57 CT101 snoopy[357]: [uid:0 sid:328 tty:(none) cwd:/ filename:/usr/local/sbin/lsb_release]: lsb_release -c -s
May  3 14:07:57 CT101 snoopy[357]: [uid:0 sid:328 tty:(none) cwd:/ filename:/usr/local/bin/lsb_release]: lsb_release -c -s
May  3 14:07:57 CT101 snoopy[357]: [uid:0 sid:328 tty:(none) cwd:/ filename:/usr/sbin/lsb_release]: lsb_release -c -s
May  3 14:07:57 CT101 snoopy[357]: [uid:0 sid:328 tty:(none) cwd:/ filename:/usr/bin/lsb_release]: lsb_release -c -s
May  3 14:07:58 CT101 snoopy[358]: [uid:0 sid:328 tty:(none) cwd:/ filename:/usr/local/sbin/lsb_release]: lsb_release -c -s
May  3 14:07:58 CT101 snoopy[358]: [uid:0 sid:328 tty:(none) cwd:/ filename:/usr/local/bin/lsb_release]: lsb_release -c -s
May  3 14:07:58 CT101 snoopy[358]: [uid:0 sid:328 tty:(none) cwd:/ filename:/usr/sbin/lsb_release]: lsb_release -c -s
May  3 14:07:58 CT101 snoopy[358]: [uid:0 sid:328 tty:(none) cwd:/ filename:/usr/bin/lsb_release]: lsb_release -c -s
May  3 14:07:58 CT101 snoopy[359]: [uid:0 sid:328 tty:(none) cwd:/ filename:/usr/local/sbin/lsb_release]: lsb_release -r -s
May  3 14:07:58 CT101 snoopy[359]: [uid:0 sid:328 tty:(none) cwd:/ filename:/usr/local/bin/lsb_release]: lsb_release -r -s
May  3 14:07:58 CT101 snoopy[359]: [uid:0 sid:328 tty:(none) cwd:/ filename:/usr/sbin/lsb_release]: lsb_release -r -s
May  3 14:07:58 CT101 snoopy[359]: [uid:0 sid:328 tty:(none) cwd:/ filename:/usr/bin/lsb_release]: lsb_release -r -s
May  3 14:07:58 CT101 sshd[326]: Connection closed by 136.243.32.77 port 62925 [preauth]
May  3 14:08:19 CT101 sshd[328]: pam_unix(sshd:session): session closed for user root
May  3 14:08:19 CT101 systemd-logind[68]: Removed session 103.
May  3 14:08:19 CT101 snoopy[361]: [uid:0 sid:361 tty:(none) cwd:/root filename:/bin/kill]: /bin/kill -s 58 330
