May  3 05:44:33 CT101 snoopy[308]: [uid:0 sid:191 tty:(none) cwd:/var/spool/postfix filename:/usr/sbin/postconf]: /usr/sbin/postconf -c /etc/postfix -h sample_directory
May  3 05:44:33 CT101 snoopy[309]: [uid:0 sid:191 tty:(none) cwd:/var/spool/postfix filename:/usr/sbin/postconf]: /usr/sbin/postconf -c /etc/postfix -h sendmail_path
May  3 05:44:33 CT101 snoopy[310]: [uid:0 sid:191 tty:(none) cwd:/var/spool/postfix filename:/usr/sbin/postconf]: /usr/sbin/postconf -c /etc/postfix -h setgid_group
May  3 05:44:33 CT101 snoopy[311]: [uid:0 sid:191 tty:(none) cwd:/var/spool/postfix filename:/usr/sbin/postconf]: /usr/sbin/postconf -c /etc/postfix -h shlib_directory
May  3 05:44:33 CT101 snoopy[312]: [uid:0 sid:191 tty:(none) cwd:/var/spool/postfix filename:/usr/sbin/postconf]: /usr/sbin/postconf -c /etc/postfix -h meta_directory
May  3 05:44:33 CT101 snoopy[315]: [uid:0 sid:315 tty:(none) cwd:/ filename:/lib/systemd/systemd-update-utmp]: /lib/systemd/systemd-update-utmp runlevel
May  3 05:44:33 CT101 snoopy[199]: [uid:0 sid:199 tty:(none) cwd:/ filename:/sbin/agetty]: /sbin/agetty --noclear --keep-baud console 115200,38400,9600 vt220
May  3 05:44:33 CT101 snoopy[198]: [uid:0 sid:198 tty:(none) cwd:/ filename:/sbin/agetty]: /sbin/agetty --noclear --keep-baud pts/0 115200,38400,9600 vt220
May  3 05:44:33 CT101 snoopy[197]: [uid:0 sid:197 tty:(none) cwd:/ filename:/sbin/agetty]: /sbin/agetty --noclear --keep-baud pts/1 115200,38400,9600 vt220
May  3 05:44:33 CT101 snoopy[314]: [uid:0 sid:191 tty:(none) cwd:/var/spool/postfix filename:/usr/lib/postfix/sbin/master]: /usr/lib/postfix/sbin/master
May  3 05:46:37 CT101 snoopy[322]: [uid:0 sid:322 tty:(none) cwd:/ filename:/usr/sbin/sshd]: /usr/sbin/sshd -D -R
May  3 05:46:53 CT101 snoopy[324]: [uid:0 sid:324 tty:(none) cwd:/ filename:/usr/sbin/sshd]: /usr/sbin/sshd -D -R
May  3 05:46:53 CT101 sshd[324]: fatal: Unable to negotiate with 163.172.251.122 port 55061: no matching key exchange method found. Their offer: diffie-hellman-group1-sha1 [preauth]
May  3 05:47:07 CT101 sshd[322]: Connection reset by 192.227.98.61 port 57385 [preauth]
May  3 05:47:30 CT101 snoopy[326]: [uid:0 sid:326 tty:(none) cwd:/ filename:/usr/sbin/sshd]: /usr/sbin/sshd -D -R
May  3 05:47:53 CT101 snoopy[328]: [uid:0 sid:328 tty:(none) cwd:/ filename:/usr/sbin/sshd]: /usr/sbin/sshd -D -R
May  3 05:47:58 CT101 sshd[326]: Connection reset by 192.227.98.61 port 59857 [preauth]
May  3 05:48:06 CT101 sshd[328]: Accepted password for root from 192.227.98.61 port 61362 ssh2
May  3 05:48:06 CT101 sshd[328]: pam_unix(sshd:session): session opened for user root by (uid=0)
May  3 05:48:06 CT101 systemd-logind[61]: New session 24 of user root.
May  3 05:48:06 CT101 systemd: pam_unix(systemd-user:session): session opened for user root by (uid=0)
May  3 05:48:06 CT101 snoopy[330]: [uid:0 sid:330 tty:(none) cwd:/ filename:/lib/systemd/systemd]: /lib/systemd/systemd --user
May  3 05:48:06 CT101 snoopy[333]: [uid:0 sid:330 tty:(none) cwd:/ filename:/usr/lib/systemd/user-generators/systemd-dbus1-generator]: /usr/lib/systemd/user-generators/systemd-dbus1-generator /run/user/0/systemd/generator /run/user/0/systemd/generator.early /run/user/0/systemd/generator.late
May  3 05:48:06 CT101 snoopy[335]: [uid:0 sid:328 tty:(none) cwd:/ filename:/usr/bin/env]: /usr/bin/env -i PATH=/usr/local/sbin:/usr/local/bin:/usr/sbin:/usr/bin:/sbin:/bin run-parts --lsbsysinit /etc/update-motd.d
May  3 05:48:06 CT101 snoopy[336]: [uid:0 sid:328 tty:(none) cwd:/ filename:/etc/update-motd.d/00-header]: /etc/update-motd.d/00-header
May  3 05:48:06 CT101 snoopy[337]: [uid:0 sid:328 tty:(none) cwd:/ filename:/bin/uname]: uname -o
May  3 05:48:06 CT101 snoopy[338]: [uid:0 sid:328 tty:(none) cwd:/ filename:/bin/uname]: uname -r
May  3 05:48:06 CT101 snoopy[339]: [uid:0 sid:328 tty:(none) cwd:/ filename:/bin/uname]: uname -m
May  3 05:48:06 CT101 snoopy[340]: [uid:0 sid:328 tty:(none) cwd:/ filename:/etc/update-motd.d/10-help-text]: /etc/update-motd.d/10-help-text
May  3 05:48:06 CT101 snoopy[342]: [uid:0 sid:328 tty:(none) cwd:/ filename:/bin/grep]: grep -qs -server
May  3 05:48:06 CT101 snoopy[341]: [uid:0 sid:328 tty:(none) cwd:/ filename:/bin/uname]: uname -r
May  3 05:48:06 CT101 snoopy[343]: [uid:0 sid:328 tty:(none) cwd:/ filename:/etc/update-motd.d/91-release-upgrade]: /etc/update-motd.d/91-release-upgrade
May  3 05:48:06 CT101 snoopy[346]: [uid:0 sid:328 tty:(none) cwd:/ filename:/usr/bin/cut]: cut -d  -f4
May  3 05:48:06 CT101 snoopy[345]: [uid:0 sid:328 tty:(none) cwd:/ filename:/usr/bin/lsb_release]: lsb_release -sd
May  3 05:48:06 CT101 snoopy[343]: [uid:0 sid:328 tty:(none) cwd:/ filename:/usr/lib/ubuntu-release-upgrader/release-upgrade-motd]: /usr/lib/ubuntu-release-upgrader/release-upgrade-motd
May  3 05:48:06 CT101 snoopy[347]: [uid:0 sid:328 tty:(none) cwd:/ filename:/usr/lib/ubuntu-release-upgrader/check-new-release]: /usr/lib/ubuntu-release-upgrader/check-new-release -q
May  3 05:48:06 CT101 snoopy[351]: [uid:0 sid:0 tty:(none) cwd:/ filename:/usr/bin/basename]: basename /usr/sbin/service
May  3 05:48:06 CT101 snoopy[352]: [uid:0 sid:0 tty:(none) cwd:/ filename:/usr/bin/basename]: basename /usr/sbin/service
May  3 05:48:06 CT101 snoopy[353]: [uid:0 sid:0 tty:(none) cwd:/ filename:/bin/which]: which initctl
May  3 05:48:06 CT101 snoopy[354]: [uid:0 sid:0 tty:(none) cwd:/ filename:/bin/systemctl]: systemctl is-system-running
May  3 05:48:06 CT101 snoopy[350]: [uid:0 sid:0 tty:(none) cwd:/ filename:/sbin/systemctl]: systemctl restart ssh.service
May  3 05:48:06 CT101 snoopy[350]: [uid:0 sid:0 tty:(none) cwd:/ filename:/bin/systemctl]: systemctl restart ssh.service
May  3 05:48:06 CT101 sshd[192]: Received signal 15; terminating.
May  3 05:48:06 CT101 snoopy[355]: [uid:0 sid:355 tty:(none) cwd:/ filename:/usr/sbin/sshd]: /usr/sbin/sshd -D
May  3 05:48:06 CT101 sshd[355]: Server listening on 0.0.0.0 port 22.
May  3 05:48:06 CT101 sshd[355]: Server listening on :: port 22.
May  3 05:48:07 CT101 snoopy[356]: [uid:0 sid:328 tty:(none) cwd:/ filename:/usr/local/sbin/lsb_release]: lsb_release -c -s
May  3 05:48:07 CT101 snoopy[356]: [uid:0 sid:328 tty:(none) cwd:/ filename:/usr/local/bin/lsb_release]: lsb_release -c -s
May  3 05:48:07 CT101 snoopy[356]: [uid:0 sid:328 tty:(none) cwd:/ filename:/usr/sbin/lsb_release]: lsb_release -c -s
May  3 05:48:07 CT101 snoopy[356]: [uid:0 sid:328 tty:(none) cwd:/ filename:/usr/bin/lsb_release]: lsb_release -c -s
May  3 05:48:07 CT101 snoopy[357]: [uid:0 sid:328 tty:(none) cwd:/ filename:/usr/local/sbin/lsb_release]: lsb_release -c -s
May  3 05:48:07 CT101 snoopy[357]: [uid:0 sid:328 tty:(none) cwd:/ filename:/usr/local/bin/lsb_release]: lsb_release -c -s
May  3 05:48:07 CT101 snoopy[357]: [uid:0 sid:328 tty:(none) cwd:/ filename:/usr/sbin/lsb_release]: lsb_release -c -s
May  3 05:48:07 CT101 snoopy[357]: [uid:0 sid:328 tty:(none) cwd:/ filename:/usr/bin/lsb_release]: lsb_release -c -s
May  3 05:48:07 CT101 snoopy[358]: [uid:0 sid:328 tty:(none) cwd:/ filename:/usr/local/sbin/lsb_release]: lsb_release -c -s
May  3 05:48:07 CT101 snoopy[358]: [uid:0 sid:328 tty:(none) cwd:/ filename:/usr/local/bin/lsb_release]: lsb_release -c -s
May  3 05:48:07 CT101 snoopy[358]: [uid:0 sid:328 tty:(none) cwd:/ filename:/usr/sbin/lsb_release]: lsb_release -c -s
May  3 05:48:07 CT101 snoopy[358]: [uid:0 sid:328 tty:(none) cwd:/ filename:/usr/bin/lsb_release]: lsb_release -c -s
May  3 05:48:07 CT101 snoopy[359]: [uid:0 sid:328 tty:(none) cwd:/ filename:/usr/local/sbin/lsb_release]: lsb_release -r -s
May  3 05:48:07 CT101 snoopy[359]: [uid:0 sid:328 tty:(none) cwd:/ filename:/usr/local/bin/lsb_release]: lsb_release -r -s
May  3 05:48:07 CT101 snoopy[359]: [uid:0 sid:328 tty:(none) cwd:/ filename:/usr/sbin/lsb_release]: lsb_release -r -s
May  3 05:48:07 CT101 snoopy[359]: [uid:0 sid:328 tty:(none) cwd:/ filename:/usr/bin/lsb_release]: lsb_release -r -s
May  3 05:49:36 CT101 sshd[328]: pam_unix(sshd:session): session closed for user root
May  3 05:49:36 CT101 systemd-logind[61]: Removed session 24.
May  3 05:49:36 CT101 snoopy[361]: [uid:0 sid:361 tty:(none) cwd:/root filename:/bin/kill]: /bin/kill -s 58 330
May  3 05:54:49 CT101 snoopy[362]: [uid:0 sid:362 tty:(none) cwd:/ filename:/usr/sbin/sshd]: /usr/sbin/sshd -D -R
May  3 05:54:51 CT101 sshd[362]: Accepted password for root from 192.227.98.61 port 57031 ssh2
May  3 05:54:51 CT101 sshd[362]: pam_unix(sshd:session): session opened for user root by (uid=0)
May  3 05:54:51 CT101 systemd-logind[61]: New session 25 of user root.
May  3 05:54:51 CT101 systemd: pam_unix(systemd-user:session): session opened for user root by (uid=0)
May  3 05:54:51 CT101 snoopy[364]: [uid:0 sid:364 tty:(none) cwd:/ filename:/lib/systemd/systemd]: /lib/systemd/systemd --user
May  3 05:54:51 CT101 snoopy[367]: [uid:0 sid:364 tty:(none) cwd:/ filename:/usr/lib/systemd/user-generators/systemd-dbus1-generator]: /usr/lib/systemd/user-generators/systemd-dbus1-generator /run/user/0/systemd/generator /run/user/0/systemd/generator.early /run/user/0/systemd/generator.late
May  3 05:54:51 CT101 snoopy[369]: [uid:0 sid:362 tty:(none) cwd:/ filename:/usr/bin/env]: /usr/bin/env -i PATH=/usr/local/sbin:/usr/local/bin:/usr/sbin:/usr/bin:/sbin:/bin run-parts --lsbsysinit /etc/update-motd.d
May  3 05:54:51 CT101 snoopy[370]: [uid:0 sid:362 tty:(none) cwd:/ filename:/etc/update-motd.d/00-header]: /etc/update-motd.d/00-header
May  3 05:54:51 CT101 snoopy[371]: [uid:0 sid:362 tty:(none) cwd:/ filename:/bin/uname]: uname -o
May  3 05:54:51 CT101 snoopy[372]: [uid:0 sid:362 tty:(none) cwd:/ filename:/bin/uname]: uname -r
May  3 05:54:51 CT101 snoopy[373]: [uid:0 sid:362 tty:(none) cwd:/ filename:/bin/uname]: uname -m
May  3 05:54:51 CT101 snoopy[374]: [uid:0 sid:362 tty:(none) cwd:/ filename:/etc/update-motd.d/10-help-text]: /etc/update-motd.d/10-help-text
May  3 05:54:51 CT101 snoopy[376]: [uid:0 sid:362 tty:(none) cwd:/ filename:/bin/grep]: grep -qs -server
May  3 05:54:51 CT101 snoopy[375]: [uid:0 sid:362 tty:(none) cwd:/ filename:/bin/uname]: uname -r
May  3 05:54:51 CT101 snoopy[377]: [uid:0 sid:362 tty:(none) cwd:/ filename:/etc/update-motd.d/91-release-upgrade]: /etc/update-motd.d/91-release-upgrade
May  3 05:54:51 CT101 snoopy[380]: [uid:0 sid:362 tty:(none) cwd:/ filename:/usr/bin/cut]: cut -d  -f4
May  3 05:54:51 CT101 snoopy[379]: [uid:0 sid:362 tty:(none) cwd:/ filename:/usr/bin/lsb_release]: lsb_release -sd
May  3 05:54:51 CT101 snoopy[377]: [uid:0 sid:362 tty:(none) cwd:/ filename:/usr/lib/ubuntu-release-upgrader/release-upgrade-motd]: /usr/lib/ubuntu-release-upgrader/release-upgrade-motd
May  3 05:54:51 CT101 snoopy[381]: [uid:0 sid:362 tty:(none) cwd:/ filename:/bin/date]: date +%s
May  3 05:54:51 CT101 snoopy[382]: [uid:0 sid:362 tty:(none) cwd:/ filename:/usr/bin/stat]: stat -c %Y /var/lib/ubuntu-release-upgrader/release-upgrade-available
May  3 05:54:51 CT101 snoopy[383]: [uid:0 sid:362 tty:(none) cwd:/ filename:/usr/bin/expr]: expr 1556862487 + 86400
May  3 05:54:51 CT101 snoopy[384]: [uid:0 sid:362 tty:(none) cwd:/ filename:/bin/cat]: cat /var/lib/ubuntu-release-upgrader/release-upgrade-available
May  3 05:56:25 CT101 sshd[362]: pam_unix(sshd:session): session closed for user root
May  3 05:56:57 CT101 snoopy[385]: [uid:0 sid:385 tty:(none) cwd:/ filename:/usr/sbin/sshd]: /usr/sbin/sshd -D -R
May  3 05:56:59 CT101 sshd[385]: User root from 14.235.29.142 not allowed because not listed in AllowUsers
May  3 05:56:59 CT101 sshd[385]: input_userauth_request: invalid user root [preauth]
May  3 05:56:59 CT101 sshd[385]: pam_unix(sshd:auth): authentication failure; logname= uid=0 euid=0 tty=ssh ruser= rhost=14.235.29.142  user=root
May  3 05:57:02 CT101 sshd[385]: Failed password for invalid user root from 14.235.29.142 port 52646 ssh2
May  3 05:57:02 CT101 sshd[385]: Connection reset by 14.235.29.142 port 52646 [preauth]
May  3 05:59:31 CT101 snoopy[387]: [uid:0 sid:387 tty:(none) cwd:/ filename:/bin/systemd-tmpfiles]: /bin/systemd-tmpfiles --clean
May  3 06:01:23 CT101 snoopy[388]: [uid:0 sid:388 tty:(none) cwd:/ filename:/usr/sbin/sshd]: /usr/sbin/sshd -D -R
May  3 06:02:37 CT101 sshd[388]: Connection reset by 45.77.36.186 port 49295 [preauth]
May  3 06:04:44 CT101 snoopy[390]: [uid:0 sid:390 tty:(none) cwd:/ filename:/usr/sbin/sshd]: /usr/sbin/sshd -D -R
May  3 06:04:45 CT101 sshd[390]: User root from 128.199.94.95 not allowed because not listed in AllowUsers
May  3 06:04:45 CT101 sshd[390]: input_userauth_request: invalid user root [preauth]
May  3 06:04:45 CT101 sshd[390]: pam_unix(sshd:auth): authentication failure; logname= uid=0 euid=0 tty=ssh ruser= rhost=128.199.94.95  user=root
May  3 06:04:48 CT101 sshd[390]: Failed password for invalid user root from 128.199.94.95 port 53217 ssh2
May  3 06:06:06 CT101 sshd[390]: Connection closed by 128.199.94.95 port 53217 [preauth]
