May  1 05:24:18 CT101 snoopy[297]: [uid:0 sid:192 tty:(none) cwd:/var/spool/postfix filename:/usr/sbin/postconf]: /usr/sbin/postconf -c /etc/postfix -h command_directory
May  1 05:24:18 CT101 snoopy[298]: [uid:0 sid:192 tty:(none) cwd:/var/spool/postfix filename:/usr/sbin/postconf]: /usr/sbin/postconf -c /etc/postfix -h daemon_directory
May  1 05:24:18 CT101 snoopy[299]: [uid:0 sid:192 tty:(none) cwd:/var/spool/postfix filename:/usr/sbin/postconf]: /usr/sbin/postconf -c /etc/postfix -h data_directory
May  1 05:24:18 CT101 snoopy[300]: [uid:0 sid:192 tty:(none) cwd:/var/spool/postfix filename:/usr/sbin/postconf]: /usr/sbin/postconf -c /etc/postfix -h html_directory
May  1 05:24:18 CT101 snoopy[301]: [uid:0 sid:192 tty:(none) cwd:/var/spool/postfix filename:/usr/sbin/postconf]: /usr/sbin/postconf -c /etc/postfix -h mail_owner
May  1 05:24:18 CT101 snoopy[302]: [uid:0 sid:192 tty:(none) cwd:/var/spool/postfix filename:/usr/sbin/postconf]: /usr/sbin/postconf -c /etc/postfix -h mailq_path
May  1 05:24:18 CT101 snoopy[303]: [uid:0 sid:192 tty:(none) cwd:/var/spool/postfix filename:/usr/sbin/postconf]: /usr/sbin/postconf -c /etc/postfix -h manpage_directory
May  1 05:24:18 CT101 snoopy[304]: [uid:0 sid:192 tty:(none) cwd:/var/spool/postfix filename:/usr/sbin/postconf]: /usr/sbin/postconf -c /etc/postfix -h newaliases_path
May  1 05:24:18 CT101 snoopy[305]: [uid:0 sid:192 tty:(none) cwd:/var/spool/postfix filename:/usr/sbin/postconf]: /usr/sbin/postconf -c /etc/postfix -h queue_directory
May  1 05:24:18 CT101 snoopy[306]: [uid:0 sid:192 tty:(none) cwd:/var/spool/postfix filename:/usr/sbin/postconf]: /usr/sbin/postconf -c /etc/postfix -h readme_directory
May  1 05:24:18 CT101 snoopy[307]: [uid:0 sid:192 tty:(none) cwd:/var/spool/postfix filename:/usr/sbin/postconf]: /usr/sbin/postconf -c /etc/postfix -h sample_directory
May  1 05:24:18 CT101 snoopy[308]: [uid:0 sid:192 tty:(none) cwd:/var/spool/postfix filename:/usr/sbin/postconf]: /usr/sbin/postconf -c /etc/postfix -h sendmail_path
May  1 05:24:18 CT101 snoopy[309]: [uid:0 sid:192 tty:(none) cwd:/var/spool/postfix filename:/usr/sbin/postconf]: /usr/sbin/postconf -c /etc/postfix -h setgid_group
May  1 05:24:18 CT101 snoopy[310]: [uid:0 sid:192 tty:(none) cwd:/var/spool/postfix filename:/usr/sbin/postconf]: /usr/sbin/postconf -c /etc/postfix -h shlib_directory
May  1 05:24:18 CT101 snoopy[311]: [uid:0 sid:192 tty:(none) cwd:/var/spool/postfix filename:/usr/sbin/postconf]: /usr/sbin/postconf -c /etc/postfix -h meta_directory
May  1 05:24:19 CT101 snoopy[314]: [uid:0 sid:314 tty:(none) cwd:/ filename:/lib/systemd/systemd-update-utmp]: /lib/systemd/systemd-update-utmp runlevel
May  1 05:24:19 CT101 snoopy[198]: [uid:0 sid:198 tty:(none) cwd:/ filename:/sbin/agetty]: /sbin/agetty --noclear --keep-baud pts/0 115200,38400,9600 vt220
May  1 05:24:19 CT101 snoopy[197]: [uid:0 sid:197 tty:(none) cwd:/ filename:/sbin/agetty]: /sbin/agetty --noclear --keep-baud pts/1 115200,38400,9600 vt220
May  1 05:24:19 CT101 snoopy[199]: [uid:0 sid:199 tty:(none) cwd:/ filename:/sbin/agetty]: /sbin/agetty --noclear --keep-baud console 115200,38400,9600 vt220
May  1 05:24:19 CT101 snoopy[313]: [uid:0 sid:192 tty:(none) cwd:/var/spool/postfix filename:/usr/lib/postfix/sbin/master]: /usr/lib/postfix/sbin/master
May  1 05:35:04 CT101 snoopy[321]: [uid:0 sid:321 tty:(none) cwd:/ filename:/usr/sbin/sshd]: /usr/sbin/sshd -D -R
May  1 05:35:04 CT101 sshd[321]: pam_unix(sshd:auth): authentication failure; logname= uid=0 euid=0 tty=ssh ruser= rhost=10.105.17.46  user=root
May  1 05:35:06 CT101 sshd[321]: Failed password for root from 10.105.17.46 port 61466 ssh2
May  1 05:35:06 CT101 snoopy[323]: [uid:0 sid:323 tty:(none) cwd:/ filename:/usr/sbin/sshd]: /usr/sbin/sshd -D -R
May  1 05:35:07 CT101 sshd[323]: Accepted password for root from 10.105.17.46 port 61468 ssh2
May  1 05:35:07 CT101 sshd[323]: pam_unix(sshd:session): session opened for user root by (uid=0)
May  1 05:35:07 CT101 systemd-logind[80]: New session 1 of user root.
May  1 05:35:07 CT101 systemd: pam_unix(systemd-user:session): session opened for user root by (uid=0)
May  1 05:35:07 CT101 snoopy[325]: [uid:0 sid:325 tty:(none) cwd:/ filename:/lib/systemd/systemd]: /lib/systemd/systemd --user
May  1 05:35:07 CT101 snoopy[328]: [uid:0 sid:325 tty:(none) cwd:/ filename:/usr/lib/systemd/user-generators/systemd-dbus1-generator]: /usr/lib/systemd/user-generators/systemd-dbus1-generator /run/user/0/systemd/generator /run/user/0/systemd/generator.early /run/user/0/systemd/generator.late
May  1 05:35:07 CT101 snoopy[330]: [uid:0 sid:323 tty:(none) cwd:/ filename:/usr/bin/env]: /usr/bin/env -i PATH=/usr/local/sbin:/usr/local/bin:/usr/sbin:/usr/bin:/sbin:/bin run-parts --lsbsysinit /etc/update-motd.d
May  1 05:35:07 CT101 snoopy[331]: [uid:0 sid:323 tty:(none) cwd:/ filename:/etc/update-motd.d/00-header]: /etc/update-motd.d/00-header
May  1 05:35:07 CT101 snoopy[332]: [uid:0 sid:323 tty:(none) cwd:/ filename:/bin/uname]: uname -o
May  1 05:35:07 CT101 snoopy[333]: [uid:0 sid:323 tty:(none) cwd:/ filename:/bin/uname]: uname -r
May  1 05:35:07 CT101 snoopy[334]: [uid:0 sid:323 tty:(none) cwd:/ filename:/bin/uname]: uname -m
May  1 05:35:07 CT101 snoopy[335]: [uid:0 sid:323 tty:(none) cwd:/ filename:/etc/update-motd.d/10-help-text]: /etc/update-motd.d/10-help-text
May  1 05:35:07 CT101 snoopy[337]: [uid:0 sid:323 tty:(none) cwd:/ filename:/bin/grep]: grep -qs -server
May  1 05:35:07 CT101 snoopy[336]: [uid:0 sid:323 tty:(none) cwd:/ filename:/bin/uname]: uname -r
May  1 05:35:07 CT101 snoopy[338]: [uid:0 sid:323 tty:(none) cwd:/ filename:/etc/update-motd.d/91-release-upgrade]: /etc/update-motd.d/91-release-upgrade
May  1 05:35:07 CT101 snoopy[341]: [uid:0 sid:323 tty:(none) cwd:/ filename:/usr/bin/cut]: cut -d  -f4
May  1 05:35:07 CT101 snoopy[340]: [uid:0 sid:323 tty:(none) cwd:/ filename:/usr/bin/lsb_release]: lsb_release -sd
May  1 05:35:07 CT101 snoopy[338]: [uid:0 sid:323 tty:(none) cwd:/ filename:/usr/lib/ubuntu-release-upgrader/release-upgrade-motd]: /usr/lib/ubuntu-release-upgrader/release-upgrade-motd
May  1 05:35:07 CT101 snoopy[342]: [uid:0 sid:323 tty:(none) cwd:/ filename:/usr/lib/ubuntu-release-upgrader/check-new-release]: /usr/lib/ubuntu-release-upgrader/check-new-release -q
May  1 05:35:07 CT101 snoopy[343]: [uid:0 sid:343 tty:(none) cwd:/root filename:/bin/bash]: bash -c echo "TA Test"; wget google.com/search?q=TAOther 2>&1
May  1 05:35:07 CT101 snoopy[344]: [uid:0 sid:343 tty:(none) cwd:/root filename:/usr/bin/wget]: wget google.com/search?q=TAOther
May  1 05:35:07 CT101 snoopy[348]: [uid:0 sid:0 tty:(none) cwd:/ filename:/usr/bin/basename]: basename /usr/sbin/service
May  1 05:35:07 CT101 snoopy[349]: [uid:0 sid:0 tty:(none) cwd:/ filename:/usr/bin/basename]: basename /usr/sbin/service
May  1 05:35:07 CT101 snoopy[350]: [uid:0 sid:0 tty:(none) cwd:/ filename:/bin/which]: which initctl
May  1 05:35:07 CT101 snoopy[351]: [uid:0 sid:0 tty:(none) cwd:/ filename:/bin/systemctl]: systemctl is-system-running
May  1 05:35:07 CT101 snoopy[347]: [uid:0 sid:0 tty:(none) cwd:/ filename:/sbin/systemctl]: systemctl restart ssh.service
May  1 05:35:07 CT101 snoopy[347]: [uid:0 sid:0 tty:(none) cwd:/ filename:/bin/systemctl]: systemctl restart ssh.service
May  1 05:35:07 CT101 sshd[191]: Received signal 15; terminating.
May  1 05:35:07 CT101 snoopy[352]: [uid:0 sid:352 tty:(none) cwd:/ filename:/usr/sbin/sshd]: /usr/sbin/sshd -D
May  1 05:35:07 CT101 sshd[352]: Server listening on 0.0.0.0 port 22.
May  1 05:35:07 CT101 sshd[352]: Server listening on :: port 22.
May  1 05:35:08 CT101 snoopy[353]: [uid:0 sid:323 tty:(none) cwd:/ filename:/usr/local/sbin/lsb_release]: lsb_release -c -s
May  1 05:35:08 CT101 snoopy[353]: [uid:0 sid:323 tty:(none) cwd:/ filename:/usr/local/bin/lsb_release]: lsb_release -c -s
May  1 05:35:08 CT101 snoopy[353]: [uid:0 sid:323 tty:(none) cwd:/ filename:/usr/sbin/lsb_release]: lsb_release -c -s
May  1 05:35:08 CT101 snoopy[353]: [uid:0 sid:323 tty:(none) cwd:/ filename:/usr/bin/lsb_release]: lsb_release -c -s
May  1 05:35:08 CT101 snoopy[354]: [uid:0 sid:323 tty:(none) cwd:/ filename:/usr/local/sbin/lsb_release]: lsb_release -c -s
May  1 05:35:08 CT101 snoopy[354]: [uid:0 sid:323 tty:(none) cwd:/ filename:/usr/local/bin/lsb_release]: lsb_release -c -s
May  1 05:35:08 CT101 snoopy[354]: [uid:0 sid:323 tty:(none) cwd:/ filename:/usr/sbin/lsb_release]: lsb_release -c -s
May  1 05:35:08 CT101 snoopy[354]: [uid:0 sid:323 tty:(none) cwd:/ filename:/usr/bin/lsb_release]: lsb_release -c -s
May  1 05:35:08 CT101 snoopy[355]: [uid:0 sid:323 tty:(none) cwd:/ filename:/usr/local/sbin/lsb_release]: lsb_release -c -s
May  1 05:35:08 CT101 snoopy[355]: [uid:0 sid:323 tty:(none) cwd:/ filename:/usr/local/bin/lsb_release]: lsb_release -c -s
May  1 05:35:08 CT101 snoopy[355]: [uid:0 sid:323 tty:(none) cwd:/ filename:/usr/sbin/lsb_release]: lsb_release -c -s
May  1 05:35:08 CT101 snoopy[355]: [uid:0 sid:323 tty:(none) cwd:/ filename:/usr/bin/lsb_release]: lsb_release -c -s
May  1 05:35:08 CT101 snoopy[356]: [uid:0 sid:323 tty:(none) cwd:/ filename:/usr/local/sbin/lsb_release]: lsb_release -r -s
May  1 05:35:08 CT101 snoopy[356]: [uid:0 sid:323 tty:(none) cwd:/ filename:/usr/local/bin/lsb_release]: lsb_release -r -s
May  1 05:35:08 CT101 snoopy[356]: [uid:0 sid:323 tty:(none) cwd:/ filename:/usr/sbin/lsb_release]: lsb_release -r -s
May  1 05:35:08 CT101 snoopy[356]: [uid:0 sid:323 tty:(none) cwd:/ filename:/usr/bin/lsb_release]: lsb_release -r -s
May  1 05:35:13 CT101 sshd[323]: pam_unix(sshd:session): session closed for user root
May  1 05:35:13 CT101 systemd-logind[80]: Removed session 1.
May  1 05:35:13 CT101 snoopy[358]: [uid:0 sid:358 tty:(none) cwd:/root filename:/bin/kill]: /bin/kill -s 58 325
May  1 05:39:34 CT101 snoopy[359]: [uid:0 sid:359 tty:(none) cwd:/ filename:/bin/systemd-tmpfiles]: /bin/systemd-tmpfiles --clean
