May  2 14:56:01 CT101 snoopy[307]: [uid:0 sid:191 tty:(none) cwd:/var/spool/postfix filename:/usr/sbin/postconf]: /usr/sbin/postconf -c /etc/postfix -h sample_directory
May  2 14:56:01 CT101 snoopy[308]: [uid:0 sid:191 tty:(none) cwd:/var/spool/postfix filename:/usr/sbin/postconf]: /usr/sbin/postconf -c /etc/postfix -h sendmail_path
May  2 14:56:02 CT101 snoopy[309]: [uid:0 sid:191 tty:(none) cwd:/var/spool/postfix filename:/usr/sbin/postconf]: /usr/sbin/postconf -c /etc/postfix -h setgid_group
May  2 14:56:02 CT101 snoopy[310]: [uid:0 sid:191 tty:(none) cwd:/var/spool/postfix filename:/usr/sbin/postconf]: /usr/sbin/postconf -c /etc/postfix -h shlib_directory
May  2 14:56:02 CT101 snoopy[311]: [uid:0 sid:191 tty:(none) cwd:/var/spool/postfix filename:/usr/sbin/postconf]: /usr/sbin/postconf -c /etc/postfix -h meta_directory
May  2 14:56:02 CT101 snoopy[314]: [uid:0 sid:314 tty:(none) cwd:/ filename:/lib/systemd/systemd-update-utmp]: /lib/systemd/systemd-update-utmp runlevel
May  2 14:56:02 CT101 snoopy[198]: [uid:0 sid:198 tty:(none) cwd:/ filename:/sbin/agetty]: /sbin/agetty --noclear --keep-baud pts/1 115200,38400,9600 vt220
May  2 14:56:02 CT101 snoopy[200]: [uid:0 sid:200 tty:(none) cwd:/ filename:/sbin/agetty]: /sbin/agetty --noclear --keep-baud console 115200,38400,9600 vt220
May  2 14:56:02 CT101 snoopy[199]: [uid:0 sid:199 tty:(none) cwd:/ filename:/sbin/agetty]: /sbin/agetty --noclear --keep-baud pts/0 115200,38400,9600 vt220
May  2 14:56:02 CT101 snoopy[313]: [uid:0 sid:191 tty:(none) cwd:/var/spool/postfix filename:/usr/lib/postfix/sbin/master]: /usr/lib/postfix/sbin/master
May  2 15:03:01 CT101 snoopy[321]: [uid:0 sid:321 tty:(none) cwd:/ filename:/usr/sbin/sshd]: /usr/sbin/sshd -D -R
May  2 15:03:31 CT101 sshd[321]: Connection reset by 136.243.32.77 port 62461 [preauth]
May  2 15:07:54 CT101 snoopy[323]: [uid:0 sid:323 tty:(none) cwd:/ filename:/usr/sbin/sshd]: /usr/sbin/sshd -D -R
May  2 15:08:24 CT101 sshd[323]: Connection reset by 35.237.52.65 port 52014 [preauth]
May  2 15:11:34 CT101 snoopy[325]: [uid:0 sid:325 tty:(none) cwd:/ filename:/bin/systemd-tmpfiles]: /bin/systemd-tmpfiles --clean
May  2 15:14:46 CT101 snoopy[326]: [uid:0 sid:326 tty:(none) cwd:/ filename:/usr/sbin/sshd]: /usr/sbin/sshd -D -R
May  2 15:14:50 CT101 sshd[326]: Accepted password for root from 128.8.11.232 port 60920 ssh2
May  2 15:14:50 CT101 sshd[326]: pam_unix(sshd:session): session opened for user root by (uid=0)
May  2 15:14:50 CT101 systemd-logind[69]: New session 275 of user root.
May  2 15:14:50 CT101 systemd: pam_unix(systemd-user:session): session opened for user root by (uid=0)
May  2 15:14:50 CT101 snoopy[328]: [uid:0 sid:328 tty:(none) cwd:/ filename:/lib/systemd/systemd]: /lib/systemd/systemd --user
May  2 15:14:50 CT101 snoopy[331]: [uid:0 sid:328 tty:(none) cwd:/ filename:/usr/lib/systemd/user-generators/systemd-dbus1-generator]: /usr/lib/systemd/user-generators/systemd-dbus1-generator /run/user/0/systemd/generator /run/user/0/systemd/generator.early /run/user/0/systemd/generator.late
May  2 15:14:50 CT101 snoopy[333]: [uid:0 sid:326 tty:(none) cwd:/ filename:/usr/bin/env]: /usr/bin/env -i PATH=/usr/local/sbin:/usr/local/bin:/usr/sbin:/usr/bin:/sbin:/bin run-parts --lsbsysinit /etc/update-motd.d
May  2 15:14:50 CT101 snoopy[334]: [uid:0 sid:326 tty:(none) cwd:/ filename:/etc/update-motd.d/00-header]: /etc/update-motd.d/00-header
May  2 15:14:50 CT101 snoopy[335]: [uid:0 sid:326 tty:(none) cwd:/ filename:/bin/uname]: uname -o
May  2 15:14:50 CT101 snoopy[336]: [uid:0 sid:326 tty:(none) cwd:/ filename:/bin/uname]: uname -r
May  2 15:14:50 CT101 snoopy[337]: [uid:0 sid:326 tty:(none) cwd:/ filename:/bin/uname]: uname -m
May  2 15:14:50 CT101 snoopy[338]: [uid:0 sid:326 tty:(none) cwd:/ filename:/etc/update-motd.d/10-help-text]: /etc/update-motd.d/10-help-text
May  2 15:14:50 CT101 snoopy[340]: [uid:0 sid:326 tty:(none) cwd:/ filename:/bin/grep]: grep -qs -server
May  2 15:14:50 CT101 snoopy[339]: [uid:0 sid:326 tty:(none) cwd:/ filename:/bin/uname]: uname -r
May  2 15:14:50 CT101 snoopy[341]: [uid:0 sid:326 tty:(none) cwd:/ filename:/etc/update-motd.d/91-release-upgrade]: /etc/update-motd.d/91-release-upgrade
May  2 15:14:50 CT101 snoopy[344]: [uid:0 sid:326 tty:(none) cwd:/ filename:/usr/bin/cut]: cut -d  -f4
May  2 15:14:50 CT101 snoopy[343]: [uid:0 sid:326 tty:(none) cwd:/ filename:/usr/bin/lsb_release]: lsb_release -sd
May  2 15:14:50 CT101 snoopy[341]: [uid:0 sid:326 tty:(none) cwd:/ filename:/usr/lib/ubuntu-release-upgrader/release-upgrade-motd]: /usr/lib/ubuntu-release-upgrader/release-upgrade-motd
May  2 15:14:50 CT101 snoopy[345]: [uid:0 sid:326 tty:(none) cwd:/ filename:/usr/lib/ubuntu-release-upgrader/check-new-release]: /usr/lib/ubuntu-release-upgrader/check-new-release -q
May  2 15:14:50 CT101 snoopy[346]: [uid:0 sid:346 tty:/dev/pts/2 cwd:/root filename:/bin/bash]: -bash
May  2 15:14:50 CT101 snoopy[348]: [uid:0 sid:346 tty:/dev/pts/2 cwd:/root filename:/usr/bin/groups]: groups
May  2 15:14:50 CT101 snoopy[350]: [uid:0 sid:346 tty:/dev/pts/2 cwd:/root filename:/bin/ls]: ls /etc/bash_completion.d
May  2 15:14:50 CT101 snoopy[352]: [uid:0 sid:346 tty:/dev/pts/2 cwd:/root filename:/usr/bin/lesspipe]: lesspipe
May  2 15:14:50 CT101 snoopy[353]: [uid:0 sid:346 tty:/dev/pts/2 cwd:/root filename:/usr/bin/basename]: basename /usr/bin/lesspipe
May  2 15:14:50 CT101 snoopy[355]: [uid:0 sid:346 tty:/dev/pts/2 cwd:/root filename:/usr/bin/dirname]: dirname /usr/bin/lesspipe
May  2 15:14:50 CT101 snoopy[357]: [uid:0 sid:346 tty:/dev/pts/2 cwd:/root filename:/usr/bin/dircolors]: dircolors -b
May  2 15:14:50 CT101 snoopy[358]: [uid:0 sid:346 tty:/dev/pts/2 cwd:/root filename:/usr/bin/mesg]: mesg n
May  2 15:14:50 CT101 snoopy[362]: [uid:0 sid:0 tty:(none) cwd:/ filename:/usr/bin/basename]: basename /usr/sbin/service
May  2 15:14:50 CT101 snoopy[363]: [uid:0 sid:0 tty:(none) cwd:/ filename:/usr/bin/basename]: basename /usr/sbin/service
May  2 15:14:50 CT101 snoopy[364]: [uid:0 sid:0 tty:(none) cwd:/ filename:/bin/which]: which initctl
May  2 15:14:50 CT101 snoopy[365]: [uid:0 sid:0 tty:(none) cwd:/ filename:/bin/systemctl]: systemctl is-system-running
May  2 15:14:50 CT101 snoopy[361]: [uid:0 sid:0 tty:(none) cwd:/ filename:/sbin/systemctl]: systemctl restart ssh.service
May  2 15:14:50 CT101 snoopy[361]: [uid:0 sid:0 tty:(none) cwd:/ filename:/bin/systemctl]: systemctl restart ssh.service
May  2 15:14:50 CT101 sshd[193]: Received signal 15; terminating.
May  2 15:14:50 CT101 snoopy[366]: [uid:0 sid:366 tty:(none) cwd:/ filename:/usr/sbin/sshd]: /usr/sbin/sshd -D
May  2 15:14:50 CT101 sshd[366]: Server listening on 0.0.0.0 port 22.
May  2 15:14:50 CT101 sshd[366]: Server listening on :: port 22.
May  2 15:14:51 CT101 snoopy[368]: [uid:0 sid:0 tty:(none) cwd:/ filename:/usr/bin/basename]: basename /usr/sbin/service
May  2 15:14:51 CT101 snoopy[369]: [uid:0 sid:0 tty:(none) cwd:/ filename:/usr/bin/basename]: basename /usr/sbin/service
May  2 15:14:51 CT101 snoopy[370]: [uid:0 sid:0 tty:(none) cwd:/ filename:/bin/which]: which initctl
May  2 15:14:51 CT101 snoopy[371]: [uid:0 sid:0 tty:(none) cwd:/ filename:/bin/systemctl]: systemctl is-system-running
May  2 15:14:51 CT101 snoopy[367]: [uid:0 sid:0 tty:(none) cwd:/ filename:/sbin/systemctl]: systemctl restart ssh.service
May  2 15:14:51 CT101 snoopy[367]: [uid:0 sid:0 tty:(none) cwd:/ filename:/bin/systemctl]: systemctl restart ssh.service
May  2 15:14:51 CT101 sshd[366]: Received signal 15; terminating.
May  2 15:14:51 CT101 snoopy[372]: [uid:0 sid:372 tty:(none) cwd:/ filename:/usr/sbin/sshd]: /usr/sbin/sshd -D
May  2 15:14:51 CT101 sshd[372]: Server listening on 0.0.0.0 port 22.
May  2 15:14:51 CT101 sshd[372]: Server listening on :: port 22.
May  2 15:14:51 CT101 snoopy[373]: [uid:0 sid:326 tty:(none) cwd:/ filename:/usr/local/sbin/lsb_release]: lsb_release -c -s
May  2 15:14:51 CT101 snoopy[373]: [uid:0 sid:326 tty:(none) cwd:/ filename:/usr/local/bin/lsb_release]: lsb_release -c -s
May  2 15:14:51 CT101 snoopy[373]: [uid:0 sid:326 tty:(none) cwd:/ filename:/usr/sbin/lsb_release]: lsb_release -c -s
May  2 15:14:51 CT101 snoopy[373]: [uid:0 sid:326 tty:(none) cwd:/ filename:/usr/bin/lsb_release]: lsb_release -c -s
May  2 15:14:51 CT101 snoopy[374]: [uid:0 sid:326 tty:(none) cwd:/ filename:/usr/local/sbin/lsb_release]: lsb_release -c -s
May  2 15:14:51 CT101 snoopy[374]: [uid:0 sid:326 tty:(none) cwd:/ filename:/usr/local/bin/lsb_release]: lsb_release -c -s
May  2 15:14:51 CT101 snoopy[374]: [uid:0 sid:326 tty:(none) cwd:/ filename:/usr/sbin/lsb_release]: lsb_release -c -s
May  2 15:14:51 CT101 snoopy[374]: [uid:0 sid:326 tty:(none) cwd:/ filename:/usr/bin/lsb_release]: lsb_release -c -s
May  2 15:14:51 CT101 snoopy[375]: [uid:0 sid:326 tty:(none) cwd:/ filename:/usr/local/sbin/lsb_release]: lsb_release -c -s
May  2 15:14:51 CT101 snoopy[375]: [uid:0 sid:326 tty:(none) cwd:/ filename:/usr/local/bin/lsb_release]: lsb_release -c -s
May  2 15:14:51 CT101 snoopy[375]: [uid:0 sid:326 tty:(none) cwd:/ filename:/usr/sbin/lsb_release]: lsb_release -c -s
May  2 15:14:51 CT101 snoopy[375]: [uid:0 sid:326 tty:(none) cwd:/ filename:/usr/bin/lsb_release]: lsb_release -c -s
May  2 15:14:51 CT101 snoopy[376]: [uid:0 sid:326 tty:(none) cwd:/ filename:/usr/local/sbin/lsb_release]: lsb_release -r -s
May  2 15:14:51 CT101 snoopy[376]: [uid:0 sid:326 tty:(none) cwd:/ filename:/usr/local/bin/lsb_release]: lsb_release -r -s
May  2 15:14:51 CT101 snoopy[376]: [uid:0 sid:326 tty:(none) cwd:/ filename:/usr/sbin/lsb_release]: lsb_release -r -s
May  2 15:14:51 CT101 snoopy[376]: [uid:0 sid:326 tty:(none) cwd:/ filename:/usr/bin/lsb_release]: lsb_release -r -s
May  2 15:14:55 CT101 snoopy[378]: [uid:0 sid:346 tty:/dev/pts/2 cwd:/root filename:/bin/ls]: ls --color=auto
May  2 15:14:58 CT101 snoopy[379]: [uid:0 sid:346 tty:/dev/pts/2 cwd:/root filename:/bin/ls]: ls --color=auto
May  2 15:15:00 CT101 snoopy[381]: [uid:0 sid:346 tty:/dev/pts/2 cwd:/root/snoopy filename:/bin/ls]: ls --color=auto
May  2 15:15:56 CT101 snoopy[382]: [uid:0 sid:346 tty:/dev/pts/2 cwd:/root/snoopy filename:/bin/ls]: ls --color=auto
May  2 15:16:01 CT101 CRON[383]: pam_unix(cron:session): session opened for user root by (uid=0)
May  2 15:16:01 CT101 snoopy[385]: [uid:0 sid:384 tty:(none) cwd:/ filename:/bin/run-parts]: run-parts --report /etc/cron.hourly
May  2 15:16:01 CT101 CRON[383]: pam_unix(cron:session): session closed for user root
May  2 15:16:13 CT101 snoopy[386]: [uid:0 sid:346 tty:/dev/pts/2 cwd:/root/snoopy filename:/bin/bash]: bash -c SEAN WAS HERE
May  2 15:16:20 CT101 snoopy[387]: [uid:0 sid:346 tty:/dev/pts/2 cwd:/root/snoopy filename:/bin/bash]: bash -c echo SEAN WAS HERE
May  2 15:16:25 CT101 snoopy[388]: [uid:0 sid:346 tty:/dev/pts/2 cwd:/root/snoopy filename:/bin/bash]: bash -c echo SEAN WAS HERE
May  2 15:16:28 CT101 sshd[326]: pam_unix(sshd:session): session closed for user root
May  2 15:16:28 CT101 systemd-logind[69]: Removed session 275.
May  2 15:16:28 CT101 snoopy[389]: [uid:0 sid:389 tty:(none) cwd:/root filename:/bin/kill]: /bin/kill -s 58 328
May  2 15:16:32 CT101 snoopy[390]: [uid:0 sid:390 tty:(none) cwd:/ filename:/usr/sbin/sshd]: /usr/sbin/sshd -D -R
May  2 15:16:32 CT101 snoopy[392]: [uid:0 sid:392 tty:(none) cwd:/ filename:/usr/sbin/sshd]: /usr/sbin/sshd -D -R
May  2 15:16:33 CT101 sshd[390]: User root from 14.226.103.64 not allowed because not listed in AllowUsers
May  2 15:16:33 CT101 sshd[390]: input_userauth_request: invalid user root [preauth]
May  2 15:16:33 CT101 sshd[390]: pam_unix(sshd:auth): authentication failure; logname= uid=0 euid=0 tty=ssh ruser= rhost=14.226.103.64  user=root
May  2 15:16:36 CT101 sshd[392]: Accepted password for root from 128.8.11.232 port 60938 ssh2
May  2 15:16:36 CT101 sshd[392]: pam_unix(sshd:session): session opened for user root by (uid=0)
May  2 15:16:36 CT101 systemd-logind[69]: New session 277 of user root.
May  2 15:16:36 CT101 systemd: pam_unix(systemd-user:session): session opened for user root by (uid=0)
May  2 15:16:36 CT101 snoopy[394]: [uid:0 sid:394 tty:(none) cwd:/ filename:/lib/systemd/systemd]: /lib/systemd/systemd --user
May  2 15:16:36 CT101 snoopy[397]: [uid:0 sid:394 tty:(none) cwd:/ filename:/usr/lib/systemd/user-generators/systemd-dbus1-generator]: /usr/lib/systemd/user-generators/systemd-dbus1-generator /run/user/0/systemd/generator /run/user/0/systemd/generator.early /run/user/0/systemd/generator.late
May  2 15:16:36 CT101 snoopy[399]: [uid:0 sid:392 tty:(none) cwd:/ filename:/usr/bin/env]: /usr/bin/env -i PATH=/usr/local/sbin:/usr/local/bin:/usr/sbin:/usr/bin:/sbin:/bin run-parts --lsbsysinit /etc/update-motd.d
May  2 15:16:36 CT101 snoopy[400]: [uid:0 sid:392 tty:(none) cwd:/ filename:/etc/update-motd.d/00-header]: /etc/update-motd.d/00-header
May  2 15:16:36 CT101 snoopy[401]: [uid:0 sid:392 tty:(none) cwd:/ filename:/bin/uname]: uname -o
May  2 15:16:36 CT101 snoopy[402]: [uid:0 sid:392 tty:(none) cwd:/ filename:/bin/uname]: uname -r
May  2 15:16:36 CT101 snoopy[403]: [uid:0 sid:392 tty:(none) cwd:/ filename:/bin/uname]: uname -m
May  2 15:16:36 CT101 snoopy[404]: [uid:0 sid:392 tty:(none) cwd:/ filename:/etc/update-motd.d/10-help-text]: /etc/update-motd.d/10-help-text
May  2 15:16:36 CT101 snoopy[406]: [uid:0 sid:392 tty:(none) cwd:/ filename:/bin/grep]: grep -qs -server
May  2 15:16:36 CT101 snoopy[405]: [uid:0 sid:392 tty:(none) cwd:/ filename:/bin/uname]: uname -r
May  2 15:16:36 CT101 snoopy[407]: [uid:0 sid:392 tty:(none) cwd:/ filename:/etc/update-motd.d/91-release-upgrade]: /etc/update-motd.d/91-release-upgrade
May  2 15:16:36 CT101 snoopy[410]: [uid:0 sid:392 tty:(none) cwd:/ filename:/usr/bin/cut]: cut -d  -f4
May  2 15:16:36 CT101 snoopy[409]: [uid:0 sid:392 tty:(none) cwd:/ filename:/usr/bin/lsb_release]: lsb_release -sd
May  2 15:16:36 CT101 snoopy[407]: [uid:0 sid:392 tty:(none) cwd:/ filename:/usr/lib/ubuntu-release-upgrader/release-upgrade-motd]: /usr/lib/ubuntu-release-upgrader/release-upgrade-motd
May  2 15:16:36 CT101 snoopy[411]: [uid:0 sid:392 tty:(none) cwd:/ filename:/bin/date]: date +%s
May  2 15:16:36 CT101 snoopy[412]: [uid:0 sid:392 tty:(none) cwd:/ filename:/usr/bin/stat]: stat -c %Y /var/lib/ubuntu-release-upgrader/release-upgrade-available
May  2 15:16:36 CT101 snoopy[413]: [uid:0 sid:392 tty:(none) cwd:/ filename:/usr/bin/expr]: expr 1556810092 + 86400
May  2 15:16:36 CT101 snoopy[414]: [uid:0 sid:392 tty:(none) cwd:/ filename:/bin/cat]: cat /var/lib/ubuntu-release-upgrader/release-upgrade-available
May  2 15:16:36 CT101 snoopy[415]: [uid:0 sid:415 tty:/dev/pts/2 cwd:/root filename:/bin/bash]: -bash
May  2 15:16:36 CT101 snoopy[417]: [uid:0 sid:415 tty:/dev/pts/2 cwd:/root filename:/usr/bin/groups]: groups
May  2 15:16:36 CT101 snoopy[419]: [uid:0 sid:415 tty:/dev/pts/2 cwd:/root filename:/bin/ls]: ls /etc/bash_completion.d
May  2 15:16:36 CT101 snoopy[421]: [uid:0 sid:415 tty:/dev/pts/2 cwd:/root filename:/usr/bin/lesspipe]: lesspipe
May  2 15:16:36 CT101 snoopy[422]: [uid:0 sid:415 tty:/dev/pts/2 cwd:/root filename:/usr/bin/basename]: basename /usr/bin/lesspipe
May  2 15:16:36 CT101 snoopy[424]: [uid:0 sid:415 tty:/dev/pts/2 cwd:/root filename:/usr/bin/dirname]: dirname /usr/bin/lesspipe
May  2 15:16:36 CT101 snoopy[426]: [uid:0 sid:415 tty:/dev/pts/2 cwd:/root filename:/usr/bin/dircolors]: dircolors -b
May  2 15:16:36 CT101 snoopy[427]: [uid:0 sid:415 tty:/dev/pts/2 cwd:/root filename:/usr/bin/mesg]: mesg n
May  2 15:16:36 CT101 sshd[390]: Failed password for invalid user root from 14.226.103.64 port 53163 ssh2
May  2 15:16:37 CT101 sshd[392]: pam_unix(sshd:session): session closed for user root
May  2 15:16:38 CT101 sshd[390]: Connection closed by 14.226.103.64 port 53163 [preauth]
May  2 15:18:50 CT101 snoopy[428]: [uid:0 sid:428 tty:(none) cwd:/ filename:/usr/sbin/sshd]: /usr/sbin/sshd -D -R
May  2 15:18:53 CT101 sshd[428]: Connection closed by 128.8.11.232 port 60970 [preauth]
May  2 15:26:00 CT101 snoopy[430]: [uid:0 sid:430 tty:(none) cwd:/ filename:/usr/sbin/sshd]: /usr/sbin/sshd -D -R
May  2 15:26:27 CT101 sshd[430]: Connection reset by 35.237.52.65 port 54801 [preauth]
