May  3 05:11:52 CT101 snoopy[308]: [uid:0 sid:192 tty:(none) cwd:/var/spool/postfix filename:/usr/sbin/postconf]: /usr/sbin/postconf -c /etc/postfix -h sample_directory
May  3 05:11:52 CT101 snoopy[309]: [uid:0 sid:192 tty:(none) cwd:/var/spool/postfix filename:/usr/sbin/postconf]: /usr/sbin/postconf -c /etc/postfix -h sendmail_path
May  3 05:11:52 CT101 snoopy[310]: [uid:0 sid:192 tty:(none) cwd:/var/spool/postfix filename:/usr/sbin/postconf]: /usr/sbin/postconf -c /etc/postfix -h setgid_group
May  3 05:11:52 CT101 snoopy[311]: [uid:0 sid:192 tty:(none) cwd:/var/spool/postfix filename:/usr/sbin/postconf]: /usr/sbin/postconf -c /etc/postfix -h shlib_directory
May  3 05:11:52 CT101 snoopy[312]: [uid:0 sid:192 tty:(none) cwd:/var/spool/postfix filename:/usr/sbin/postconf]: /usr/sbin/postconf -c /etc/postfix -h meta_directory
May  3 05:11:52 CT101 snoopy[315]: [uid:0 sid:315 tty:(none) cwd:/ filename:/lib/systemd/systemd-update-utmp]: /lib/systemd/systemd-update-utmp runlevel
May  3 05:11:52 CT101 snoopy[198]: [uid:0 sid:198 tty:(none) cwd:/ filename:/sbin/agetty]: /sbin/agetty --noclear --keep-baud pts/1 115200,38400,9600 vt220
May  3 05:11:52 CT101 snoopy[197]: [uid:0 sid:197 tty:(none) cwd:/ filename:/sbin/agetty]: /sbin/agetty --noclear --keep-baud console 115200,38400,9600 vt220
May  3 05:11:52 CT101 snoopy[199]: [uid:0 sid:199 tty:(none) cwd:/ filename:/sbin/agetty]: /sbin/agetty --noclear --keep-baud pts/0 115200,38400,9600 vt220
May  3 05:11:52 CT101 snoopy[314]: [uid:0 sid:192 tty:(none) cwd:/var/spool/postfix filename:/usr/lib/postfix/sbin/master]: /usr/lib/postfix/sbin/master
May  3 05:13:20 CT101 snoopy[322]: [uid:0 sid:322 tty:(none) cwd:/ filename:/usr/sbin/sshd]: /usr/sbin/sshd -D -R
May  3 05:13:21 CT101 sshd[322]: Accepted password for root from 192.227.117.149 port 49174 ssh2
May  3 05:13:21 CT101 sshd[322]: pam_unix(sshd:session): session opened for user root by (uid=0)
May  3 05:13:21 CT101 systemd-logind[82]: New session 17 of user root.
May  3 05:13:21 CT101 systemd: pam_unix(systemd-user:session): session opened for user root by (uid=0)
May  3 05:13:21 CT101 snoopy[324]: [uid:0 sid:324 tty:(none) cwd:/ filename:/lib/systemd/systemd]: /lib/systemd/systemd --user
May  3 05:13:21 CT101 snoopy[327]: [uid:0 sid:324 tty:(none) cwd:/ filename:/usr/lib/systemd/user-generators/systemd-dbus1-generator]: /usr/lib/systemd/user-generators/systemd-dbus1-generator /run/user/0/systemd/generator /run/user/0/systemd/generator.early /run/user/0/systemd/generator.late
May  3 05:13:21 CT101 snoopy[329]: [uid:0 sid:322 tty:(none) cwd:/ filename:/usr/bin/env]: /usr/bin/env -i PATH=/usr/local/sbin:/usr/local/bin:/usr/sbin:/usr/bin:/sbin:/bin run-parts --lsbsysinit /etc/update-motd.d
May  3 05:13:21 CT101 snoopy[330]: [uid:0 sid:322 tty:(none) cwd:/ filename:/etc/update-motd.d/00-header]: /etc/update-motd.d/00-header
May  3 05:13:21 CT101 snoopy[331]: [uid:0 sid:322 tty:(none) cwd:/ filename:/bin/uname]: uname -o
May  3 05:13:21 CT101 snoopy[332]: [uid:0 sid:322 tty:(none) cwd:/ filename:/bin/uname]: uname -r
May  3 05:13:21 CT101 snoopy[333]: [uid:0 sid:322 tty:(none) cwd:/ filename:/bin/uname]: uname -m
May  3 05:13:21 CT101 snoopy[334]: [uid:0 sid:322 tty:(none) cwd:/ filename:/etc/update-motd.d/10-help-text]: /etc/update-motd.d/10-help-text
May  3 05:13:21 CT101 snoopy[336]: [uid:0 sid:322 tty:(none) cwd:/ filename:/bin/grep]: grep -qs -server
May  3 05:13:21 CT101 snoopy[335]: [uid:0 sid:322 tty:(none) cwd:/ filename:/bin/uname]: uname -r
May  3 05:13:21 CT101 snoopy[337]: [uid:0 sid:322 tty:(none) cwd:/ filename:/etc/update-motd.d/91-release-upgrade]: /etc/update-motd.d/91-release-upgrade
May  3 05:13:21 CT101 snoopy[340]: [uid:0 sid:322 tty:(none) cwd:/ filename:/usr/bin/cut]: cut -d  -f4
May  3 05:13:21 CT101 snoopy[339]: [uid:0 sid:322 tty:(none) cwd:/ filename:/usr/bin/lsb_release]: lsb_release -sd
May  3 05:13:21 CT101 snoopy[337]: [uid:0 sid:322 tty:(none) cwd:/ filename:/usr/lib/ubuntu-release-upgrader/release-upgrade-motd]: /usr/lib/ubuntu-release-upgrader/release-upgrade-motd
May  3 05:13:21 CT101 snoopy[341]: [uid:0 sid:322 tty:(none) cwd:/ filename:/bin/date]: date +%s
May  3 05:13:21 CT101 snoopy[342]: [uid:0 sid:322 tty:(none) cwd:/ filename:/usr/bin/stat]: stat -c %Y /var/lib/ubuntu-release-upgrader/release-upgrade-available
May  3 05:13:21 CT101 snoopy[343]: [uid:0 sid:322 tty:(none) cwd:/ filename:/usr/bin/expr]: expr 1556860270 + 86400
May  3 05:13:21 CT101 snoopy[344]: [uid:0 sid:322 tty:(none) cwd:/ filename:/bin/cat]: cat /var/lib/ubuntu-release-upgrader/release-upgrade-available
May  3 05:13:21 CT101 snoopy[346]: [uid:0 sid:0 tty:(none) cwd:/ filename:/usr/bin/basename]: basename /usr/sbin/service
May  3 05:13:21 CT101 snoopy[347]: [uid:0 sid:0 tty:(none) cwd:/ filename:/usr/bin/basename]: basename /usr/sbin/service
May  3 05:13:21 CT101 snoopy[348]: [uid:0 sid:0 tty:(none) cwd:/ filename:/bin/which]: which initctl
May  3 05:13:21 CT101 snoopy[349]: [uid:0 sid:0 tty:(none) cwd:/ filename:/bin/systemctl]: systemctl is-system-running
May  3 05:13:21 CT101 snoopy[345]: [uid:0 sid:0 tty:(none) cwd:/ filename:/sbin/systemctl]: systemctl restart ssh.service
May  3 05:13:21 CT101 snoopy[345]: [uid:0 sid:0 tty:(none) cwd:/ filename:/bin/systemctl]: systemctl restart ssh.service
May  3 05:13:21 CT101 sshd[191]: Received signal 15; terminating.
May  3 05:13:21 CT101 snoopy[350]: [uid:0 sid:350 tty:(none) cwd:/ filename:/usr/sbin/sshd]: /usr/sbin/sshd -D
May  3 05:13:21 CT101 sshd[350]: Server listening on 0.0.0.0 port 22.
May  3 05:13:21 CT101 sshd[350]: Server listening on :: port 22.
May  3 05:14:26 CT101 sshd[322]: channel_by_id: 4581632: bad id
May  3 05:14:26 CT101 sshd[322]: Disconnecting: Received oclose for nonexistent channel 4581632.
May  3 05:14:26 CT101 sshd[322]: Connection reset by 192.227.117.149 port 49174
May  3 05:14:26 CT101 sshd[322]: pam_unix(sshd:session): session closed for user root
May  3 05:14:26 CT101 systemd-logind[82]: Removed session 17.
May  3 05:14:26 CT101 snoopy[351]: [uid:0 sid:351 tty:(none) cwd:/root filename:/bin/kill]: /bin/kill -s 58 324
May  3 05:19:22 CT101 snoopy[352]: [uid:0 sid:352 tty:(none) cwd:/ filename:/usr/sbin/sshd]: /usr/sbin/sshd -D -R
May  3 05:19:23 CT101 sshd[352]: User root from 5.20.119.179 not allowed because not listed in AllowUsers
May  3 05:19:23 CT101 sshd[352]: input_userauth_request: invalid user root [preauth]
May  3 05:19:23 CT101 sshd[352]: pam_unix(sshd:auth): authentication failure; logname= uid=0 euid=0 tty=ssh ruser= rhost=5.20.119.179  user=root
May  3 05:19:25 CT101 sshd[352]: Failed password for invalid user root from 5.20.119.179 port 52493 ssh2
May  3 05:19:25 CT101 sshd[352]: error: Received disconnect from 5.20.119.179 port 52493:13: Unable to authenticate [preauth]
May  3 05:19:25 CT101 sshd[352]: Disconnected from 5.20.119.179 port 52493 [preauth]
May  3 05:20:01 CT101 CRON[354]: pam_unix(cron:session): session opened for user root by (uid=0)
May  3 05:20:01 CT101 snoopy[356]: [uid:0 sid:355 tty:(none) cwd:/ filename:/bin/run-parts]: run-parts --report /etc/cron.hourly
May  3 05:20:01 CT101 CRON[354]: pam_unix(cron:session): session closed for user root
May  3 05:21:32 CT101 snoopy[357]: [uid:0 sid:357 tty:(none) cwd:/ filename:/usr/sbin/sshd]: /usr/sbin/sshd -D -R
May  3 05:22:02 CT101 sshd[357]: Connection reset by 192.227.98.61 port 49592 [preauth]
