May  2 02:49:33 CT101 snoopy[291]: [uid:0 sid:192 tty:(none) cwd:/var/spool/postfix filename:/usr/sbin/postconf]: /usr/sbin/postconf -c /etc/postfix -h multi_instance_directories
May  2 02:49:33 CT101 snoopy[293]: [uid:0 sid:192 tty:(none) cwd:/var/spool/postfix filename:/bin/uname]: uname -s
May  2 02:49:33 CT101 snoopy[294]: [uid:0 sid:192 tty:(none) cwd:/var/spool/postfix filename:/bin/grep]: grep setgid_group /etc/postfix/main.cf
May  2 02:49:33 CT101 snoopy[296]: [uid:0 sid:192 tty:(none) cwd:/var/spool/postfix filename:/usr/sbin/postconf]: /usr/sbin/postconf -dhx mail_version
May  2 02:49:33 CT101 snoopy[297]: [uid:0 sid:192 tty:(none) cwd:/var/spool/postfix filename:/usr/sbin/postconf]: /usr/sbin/postconf -c /etc/postfix -h command_directory
May  2 02:49:33 CT101 snoopy[298]: [uid:0 sid:192 tty:(none) cwd:/var/spool/postfix filename:/usr/sbin/postconf]: /usr/sbin/postconf -c /etc/postfix -h daemon_directory
May  2 02:49:33 CT101 snoopy[299]: [uid:0 sid:192 tty:(none) cwd:/var/spool/postfix filename:/usr/sbin/postconf]: /usr/sbin/postconf -c /etc/postfix -h data_directory
May  2 02:49:33 CT101 snoopy[300]: [uid:0 sid:192 tty:(none) cwd:/var/spool/postfix filename:/usr/sbin/postconf]: /usr/sbin/postconf -c /etc/postfix -h html_directory
May  2 02:49:33 CT101 snoopy[301]: [uid:0 sid:192 tty:(none) cwd:/var/spool/postfix filename:/usr/sbin/postconf]: /usr/sbin/postconf -c /etc/postfix -h mail_owner
May  2 02:49:33 CT101 snoopy[302]: [uid:0 sid:192 tty:(none) cwd:/var/spool/postfix filename:/usr/sbin/postconf]: /usr/sbin/postconf -c /etc/postfix -h mailq_path
May  2 02:49:33 CT101 snoopy[303]: [uid:0 sid:192 tty:(none) cwd:/var/spool/postfix filename:/usr/sbin/postconf]: /usr/sbin/postconf -c /etc/postfix -h manpage_directory
May  2 02:49:33 CT101 snoopy[304]: [uid:0 sid:192 tty:(none) cwd:/var/spool/postfix filename:/usr/sbin/postconf]: /usr/sbin/postconf -c /etc/postfix -h newaliases_path
May  2 02:49:34 CT101 snoopy[305]: [uid:0 sid:192 tty:(none) cwd:/var/spool/postfix filename:/usr/sbin/postconf]: /usr/sbin/postconf -c /etc/postfix -h queue_directory
May  2 02:49:34 CT101 snoopy[306]: [uid:0 sid:192 tty:(none) cwd:/var/spool/postfix filename:/usr/sbin/postconf]: /usr/sbin/postconf -c /etc/postfix -h readme_directory
May  2 02:49:34 CT101 snoopy[307]: [uid:0 sid:192 tty:(none) cwd:/var/spool/postfix filename:/usr/sbin/postconf]: /usr/sbin/postconf -c /etc/postfix -h sample_directory
May  2 02:49:34 CT101 snoopy[308]: [uid:0 sid:192 tty:(none) cwd:/var/spool/postfix filename:/usr/sbin/postconf]: /usr/sbin/postconf -c /etc/postfix -h sendmail_path
May  2 02:49:34 CT101 snoopy[309]: [uid:0 sid:192 tty:(none) cwd:/var/spool/postfix filename:/usr/sbin/postconf]: /usr/sbin/postconf -c /etc/postfix -h setgid_group
May  2 02:49:34 CT101 snoopy[310]: [uid:0 sid:192 tty:(none) cwd:/var/spool/postfix filename:/usr/sbin/postconf]: /usr/sbin/postconf -c /etc/postfix -h shlib_directory
May  2 02:49:34 CT101 snoopy[311]: [uid:0 sid:192 tty:(none) cwd:/var/spool/postfix filename:/usr/sbin/postconf]: /usr/sbin/postconf -c /etc/postfix -h meta_directory
May  2 02:49:34 CT101 snoopy[314]: [uid:0 sid:314 tty:(none) cwd:/ filename:/lib/systemd/systemd-update-utmp]: /lib/systemd/systemd-update-utmp runlevel
May  2 02:49:34 CT101 snoopy[199]: [uid:0 sid:199 tty:(none) cwd:/ filename:/sbin/agetty]: /sbin/agetty --noclear --keep-baud pts/0 115200,38400,9600 vt220
May  2 02:49:34 CT101 snoopy[197]: [uid:0 sid:197 tty:(none) cwd:/ filename:/sbin/agetty]: /sbin/agetty --noclear --keep-baud pts/1 115200,38400,9600 vt220
May  2 02:49:34 CT101 snoopy[198]: [uid:0 sid:198 tty:(none) cwd:/ filename:/sbin/agetty]: /sbin/agetty --noclear --keep-baud console 115200,38400,9600 vt220
May  2 02:49:34 CT101 snoopy[313]: [uid:0 sid:192 tty:(none) cwd:/var/spool/postfix filename:/usr/lib/postfix/sbin/master]: /usr/lib/postfix/sbin/master
May  2 02:50:38 CT101 snoopy[321]: [uid:0 sid:321 tty:(none) cwd:/ filename:/usr/sbin/sshd]: /usr/sbin/sshd -D -R
May  2 02:51:08 CT101 sshd[321]: Connection reset by 136.243.32.77 port 54793 [preauth]
May  2 02:58:01 CT101 CRON[323]: pam_unix(cron:session): session opened for user root by (uid=0)
May  2 02:58:01 CT101 snoopy[325]: [uid:0 sid:324 tty:(none) cwd:/ filename:/bin/run-parts]: run-parts --report /etc/cron.hourly
May  2 02:58:01 CT101 CRON[323]: pam_unix(cron:session): session closed for user root
May  2 03:04:34 CT101 snoopy[326]: [uid:0 sid:326 tty:(none) cwd:/ filename:/bin/systemd-tmpfiles]: /bin/systemd-tmpfiles --clean
May  2 03:09:27 CT101 snoopy[327]: [uid:0 sid:327 tty:(none) cwd:/ filename:/usr/sbin/sshd]: /usr/sbin/sshd -D -R
May  2 03:09:28 CT101 sshd[327]: Invalid user 111111 from 195.3.147.48
May  2 03:09:28 CT101 sshd[327]: input_userauth_request: invalid user 111111 [preauth]
May  2 03:09:28 CT101 sshd[327]: pam_unix(sshd:auth): check pass; user unknown
May  2 03:09:28 CT101 sshd[327]: pam_unix(sshd:auth): authentication failure; logname= uid=0 euid=0 tty=ssh ruser= rhost=195.3.147.48
May  2 03:09:30 CT101 sshd[327]: Failed password for invalid user 111111 from 195.3.147.48 port 62550 ssh2
May  2 03:09:30 CT101 sshd[327]: Connection reset by 195.3.147.48 port 62550 [preauth]
May  2 03:16:13 CT101 snoopy[329]: [uid:0 sid:329 tty:(none) cwd:/ filename:/usr/sbin/sshd]: /usr/sbin/sshd -D -R
May  2 03:16:15 CT101 sshd[329]: Accepted password for root from 104.248.155.164 port 55432 ssh2
May  2 03:16:15 CT101 sshd[329]: pam_unix(sshd:session): session opened for user root by (uid=0)
May  2 03:16:15 CT101 systemd-logind[81]: New session 166 of user root.
May  2 03:16:15 CT101 systemd: pam_unix(systemd-user:session): session opened for user root by (uid=0)
May  2 03:16:15 CT101 snoopy[331]: [uid:0 sid:331 tty:(none) cwd:/ filename:/lib/systemd/systemd]: /lib/systemd/systemd --user
May  2 03:16:15 CT101 snoopy[334]: [uid:0 sid:331 tty:(none) cwd:/ filename:/usr/lib/systemd/user-generators/systemd-dbus1-generator]: /usr/lib/systemd/user-generators/systemd-dbus1-generator /run/user/0/systemd/generator /run/user/0/systemd/generator.early /run/user/0/systemd/generator.late
May  2 03:16:15 CT101 snoopy[336]: [uid:0 sid:329 tty:(none) cwd:/ filename:/usr/bin/env]: /usr/bin/env -i PATH=/usr/local/sbin:/usr/local/bin:/usr/sbin:/usr/bin:/sbin:/bin run-parts --lsbsysinit /etc/update-motd.d
May  2 03:16:15 CT101 snoopy[337]: [uid:0 sid:329 tty:(none) cwd:/ filename:/etc/update-motd.d/00-header]: /etc/update-motd.d/00-header
May  2 03:16:15 CT101 snoopy[338]: [uid:0 sid:329 tty:(none) cwd:/ filename:/bin/uname]: uname -o
May  2 03:16:15 CT101 snoopy[339]: [uid:0 sid:329 tty:(none) cwd:/ filename:/bin/uname]: uname -r
May  2 03:16:15 CT101 snoopy[340]: [uid:0 sid:329 tty:(none) cwd:/ filename:/bin/uname]: uname -m
May  2 03:16:15 CT101 snoopy[341]: [uid:0 sid:329 tty:(none) cwd:/ filename:/etc/update-motd.d/10-help-text]: /etc/update-motd.d/10-help-text
May  2 03:16:15 CT101 snoopy[343]: [uid:0 sid:329 tty:(none) cwd:/ filename:/bin/grep]: grep -qs -server
May  2 03:16:15 CT101 snoopy[342]: [uid:0 sid:329 tty:(none) cwd:/ filename:/bin/uname]: uname -r
May  2 03:16:15 CT101 snoopy[344]: [uid:0 sid:329 tty:(none) cwd:/ filename:/etc/update-motd.d/91-release-upgrade]: /etc/update-motd.d/91-release-upgrade
May  2 03:16:15 CT101 snoopy[347]: [uid:0 sid:329 tty:(none) cwd:/ filename:/usr/bin/cut]: cut -d  -f4
May  2 03:16:15 CT101 snoopy[346]: [uid:0 sid:329 tty:(none) cwd:/ filename:/usr/bin/lsb_release]: lsb_release -sd
May  2 03:16:15 CT101 snoopy[344]: [uid:0 sid:329 tty:(none) cwd:/ filename:/usr/lib/ubuntu-release-upgrader/release-upgrade-motd]: /usr/lib/ubuntu-release-upgrader/release-upgrade-motd
May  2 03:16:15 CT101 snoopy[348]: [uid:0 sid:329 tty:(none) cwd:/ filename:/usr/lib/ubuntu-release-upgrader/check-new-release]: /usr/lib/ubuntu-release-upgrader/check-new-release -q
May  2 03:16:15 CT101 snoopy[352]: [uid:0 sid:0 tty:(none) cwd:/ filename:/usr/bin/basename]: basename /usr/sbin/service
May  2 03:16:15 CT101 snoopy[353]: [uid:0 sid:0 tty:(none) cwd:/ filename:/usr/bin/basename]: basename /usr/sbin/service
May  2 03:16:16 CT101 snoopy[354]: [uid:0 sid:0 tty:(none) cwd:/ filename:/bin/which]: which initctl
May  2 03:16:16 CT101 snoopy[355]: [uid:0 sid:0 tty:(none) cwd:/ filename:/bin/systemctl]: systemctl is-system-running
May  2 03:16:16 CT101 snoopy[351]: [uid:0 sid:0 tty:(none) cwd:/ filename:/sbin/systemctl]: systemctl restart ssh.service
May  2 03:16:16 CT101 snoopy[351]: [uid:0 sid:0 tty:(none) cwd:/ filename:/bin/systemctl]: systemctl restart ssh.service
May  2 03:16:16 CT101 sshd[193]: Received signal 15; terminating.
May  2 03:16:16 CT101 snoopy[356]: [uid:0 sid:356 tty:(none) cwd:/ filename:/usr/sbin/sshd]: /usr/sbin/sshd -D
May  2 03:16:16 CT101 sshd[356]: Server listening on 0.0.0.0 port 22.
May  2 03:16:16 CT101 sshd[356]: Server listening on :: port 22.
May  2 03:16:16 CT101 snoopy[357]: [uid:0 sid:329 tty:(none) cwd:/ filename:/usr/local/sbin/lsb_release]: lsb_release -c -s
May  2 03:16:16 CT101 snoopy[357]: [uid:0 sid:329 tty:(none) cwd:/ filename:/usr/local/bin/lsb_release]: lsb_release -c -s
May  2 03:16:16 CT101 snoopy[357]: [uid:0 sid:329 tty:(none) cwd:/ filename:/usr/sbin/lsb_release]: lsb_release -c -s
May  2 03:16:16 CT101 snoopy[357]: [uid:0 sid:329 tty:(none) cwd:/ filename:/usr/bin/lsb_release]: lsb_release -c -s
May  2 03:16:16 CT101 snoopy[358]: [uid:0 sid:329 tty:(none) cwd:/ filename:/usr/local/sbin/lsb_release]: lsb_release -c -s
May  2 03:16:16 CT101 snoopy[358]: [uid:0 sid:329 tty:(none) cwd:/ filename:/usr/local/bin/lsb_release]: lsb_release -c -s
May  2 03:16:16 CT101 snoopy[358]: [uid:0 sid:329 tty:(none) cwd:/ filename:/usr/sbin/lsb_release]: lsb_release -c -s
May  2 03:16:16 CT101 snoopy[358]: [uid:0 sid:329 tty:(none) cwd:/ filename:/usr/bin/lsb_release]: lsb_release -c -s
May  2 03:16:16 CT101 snoopy[359]: [uid:0 sid:329 tty:(none) cwd:/ filename:/usr/local/sbin/lsb_release]: lsb_release -c -s
May  2 03:16:16 CT101 snoopy[359]: [uid:0 sid:329 tty:(none) cwd:/ filename:/usr/local/bin/lsb_release]: lsb_release -c -s
May  2 03:16:16 CT101 snoopy[359]: [uid:0 sid:329 tty:(none) cwd:/ filename:/usr/sbin/lsb_release]: lsb_release -c -s
May  2 03:16:16 CT101 snoopy[359]: [uid:0 sid:329 tty:(none) cwd:/ filename:/usr/bin/lsb_release]: lsb_release -c -s
May  2 03:16:16 CT101 snoopy[360]: [uid:0 sid:329 tty:(none) cwd:/ filename:/usr/local/sbin/lsb_release]: lsb_release -r -s
May  2 03:16:16 CT101 snoopy[360]: [uid:0 sid:329 tty:(none) cwd:/ filename:/usr/local/bin/lsb_release]: lsb_release -r -s
May  2 03:16:16 CT101 snoopy[360]: [uid:0 sid:329 tty:(none) cwd:/ filename:/usr/sbin/lsb_release]: lsb_release -r -s
May  2 03:16:16 CT101 snoopy[360]: [uid:0 sid:329 tty:(none) cwd:/ filename:/usr/bin/lsb_release]: lsb_release -r -s
May  2 03:16:41 CT101 sshd[329]: pam_unix(sshd:session): session closed for user root
May  2 03:16:41 CT101 systemd-logind[81]: Removed session 166.
May  2 03:16:41 CT101 snoopy[362]: [uid:0 sid:362 tty:(none) cwd:/root filename:/bin/kill]: /bin/kill -s 58 331
May  2 03:19:05 CT101 snoopy[363]: [uid:0 sid:363 tty:(none) cwd:/ filename:/usr/sbin/sshd]: /usr/sbin/sshd -D -R
May  2 03:19:05 CT101 sshd[363]: Did not receive identification string from 144.202.46.254
