May  1 05:47:02 CT101 snoopy[307]: [uid:0 sid:192 tty:(none) cwd:/var/spool/postfix filename:/usr/sbin/postconf]: /usr/sbin/postconf -c /etc/postfix -h sample_directory
May  1 05:47:02 CT101 snoopy[308]: [uid:0 sid:192 tty:(none) cwd:/var/spool/postfix filename:/usr/sbin/postconf]: /usr/sbin/postconf -c /etc/postfix -h sendmail_path
May  1 05:47:02 CT101 snoopy[309]: [uid:0 sid:192 tty:(none) cwd:/var/spool/postfix filename:/usr/sbin/postconf]: /usr/sbin/postconf -c /etc/postfix -h setgid_group
May  1 05:47:02 CT101 snoopy[310]: [uid:0 sid:192 tty:(none) cwd:/var/spool/postfix filename:/usr/sbin/postconf]: /usr/sbin/postconf -c /etc/postfix -h shlib_directory
May  1 05:47:02 CT101 snoopy[311]: [uid:0 sid:192 tty:(none) cwd:/var/spool/postfix filename:/usr/sbin/postconf]: /usr/sbin/postconf -c /etc/postfix -h meta_directory
May  1 05:47:02 CT101 snoopy[314]: [uid:0 sid:314 tty:(none) cwd:/ filename:/lib/systemd/systemd-update-utmp]: /lib/systemd/systemd-update-utmp runlevel
May  1 05:47:02 CT101 snoopy[199]: [uid:0 sid:199 tty:(none) cwd:/ filename:/sbin/agetty]: /sbin/agetty --noclear --keep-baud pts/1 115200,38400,9600 vt220
May  1 05:47:02 CT101 snoopy[200]: [uid:0 sid:200 tty:(none) cwd:/ filename:/sbin/agetty]: /sbin/agetty --noclear --keep-baud console 115200,38400,9600 vt220
May  1 05:47:02 CT101 snoopy[198]: [uid:0 sid:198 tty:(none) cwd:/ filename:/sbin/agetty]: /sbin/agetty --noclear --keep-baud pts/0 115200,38400,9600 vt220
May  1 05:47:02 CT101 snoopy[313]: [uid:0 sid:192 tty:(none) cwd:/var/spool/postfix filename:/usr/lib/postfix/sbin/master]: /usr/lib/postfix/sbin/master
May  1 05:59:19 CT101 snoopy[321]: [uid:0 sid:321 tty:(none) cwd:/ filename:/usr/sbin/sshd]: /usr/sbin/sshd -D -R
May  1 05:59:19 CT101 sshd[321]: Connection closed by 10.105.118.74 port 57493 [preauth]
May  1 05:59:29 CT101 snoopy[323]: [uid:0 sid:323 tty:(none) cwd:/ filename:/usr/sbin/sshd]: /usr/sbin/sshd -D -R
May  1 05:59:46 CT101 sshd[323]: Accepted password for root from 10.105.118.74 port 57497 ssh2
May  1 05:59:46 CT101 sshd[323]: pam_unix(sshd:session): session opened for user root by (uid=0)
May  1 05:59:46 CT101 systemd-logind[66]: New session 6 of user root.
May  1 05:59:46 CT101 systemd: pam_unix(systemd-user:session): session opened for user root by (uid=0)
May  1 05:59:46 CT101 snoopy[325]: [uid:0 sid:325 tty:(none) cwd:/ filename:/lib/systemd/systemd]: /lib/systemd/systemd --user
May  1 05:59:46 CT101 snoopy[328]: [uid:0 sid:325 tty:(none) cwd:/ filename:/usr/lib/systemd/user-generators/systemd-dbus1-generator]: /usr/lib/systemd/user-generators/systemd-dbus1-generator /run/user/0/systemd/generator /run/user/0/systemd/generator.early /run/user/0/systemd/generator.late
May  1 05:59:46 CT101 snoopy[330]: [uid:0 sid:323 tty:(none) cwd:/ filename:/usr/bin/env]: /usr/bin/env -i PATH=/usr/local/sbin:/usr/local/bin:/usr/sbin:/usr/bin:/sbin:/bin run-parts --lsbsysinit /etc/update-motd.d
May  1 05:59:46 CT101 snoopy[331]: [uid:0 sid:323 tty:(none) cwd:/ filename:/etc/update-motd.d/00-header]: /etc/update-motd.d/00-header
May  1 05:59:46 CT101 snoopy[332]: [uid:0 sid:323 tty:(none) cwd:/ filename:/bin/uname]: uname -o
May  1 05:59:46 CT101 snoopy[333]: [uid:0 sid:323 tty:(none) cwd:/ filename:/bin/uname]: uname -r
May  1 05:59:46 CT101 snoopy[334]: [uid:0 sid:323 tty:(none) cwd:/ filename:/bin/uname]: uname -m
May  1 05:59:46 CT101 snoopy[335]: [uid:0 sid:323 tty:(none) cwd:/ filename:/etc/update-motd.d/10-help-text]: /etc/update-motd.d/10-help-text
May  1 05:59:46 CT101 snoopy[337]: [uid:0 sid:323 tty:(none) cwd:/ filename:/bin/grep]: grep -qs -server
May  1 05:59:46 CT101 snoopy[336]: [uid:0 sid:323 tty:(none) cwd:/ filename:/bin/uname]: uname -r
May  1 05:59:46 CT101 snoopy[338]: [uid:0 sid:323 tty:(none) cwd:/ filename:/etc/update-motd.d/91-release-upgrade]: /etc/update-motd.d/91-release-upgrade
May  1 05:59:46 CT101 snoopy[341]: [uid:0 sid:323 tty:(none) cwd:/ filename:/usr/bin/cut]: cut -d  -f4
May  1 05:59:46 CT101 snoopy[340]: [uid:0 sid:323 tty:(none) cwd:/ filename:/usr/bin/lsb_release]: lsb_release -sd
May  1 05:59:46 CT101 snoopy[338]: [uid:0 sid:323 tty:(none) cwd:/ filename:/usr/lib/ubuntu-release-upgrader/release-upgrade-motd]: /usr/lib/ubuntu-release-upgrader/release-upgrade-motd
May  1 05:59:46 CT101 snoopy[342]: [uid:0 sid:323 tty:(none) cwd:/ filename:/usr/lib/ubuntu-release-upgrader/check-new-release]: /usr/lib/ubuntu-release-upgrader/check-new-release -q
May  1 05:59:46 CT101 snoopy[343]: [uid:0 sid:343 tty:/dev/pts/2 cwd:/root filename:/bin/bash]: -bash
May  1 05:59:46 CT101 snoopy[345]: [uid:0 sid:343 tty:/dev/pts/2 cwd:/root filename:/usr/bin/groups]: groups
May  1 05:59:46 CT101 snoopy[347]: [uid:0 sid:343 tty:/dev/pts/2 cwd:/root filename:/bin/ls]: ls /etc/bash_completion.d
May  1 05:59:46 CT101 snoopy[349]: [uid:0 sid:343 tty:/dev/pts/2 cwd:/root filename:/usr/bin/lesspipe]: lesspipe
May  1 05:59:46 CT101 snoopy[350]: [uid:0 sid:343 tty:/dev/pts/2 cwd:/root filename:/usr/bin/basename]: basename /usr/bin/lesspipe
May  1 05:59:46 CT101 snoopy[352]: [uid:0 sid:343 tty:/dev/pts/2 cwd:/root filename:/usr/bin/dirname]: dirname /usr/bin/lesspipe
May  1 05:59:46 CT101 snoopy[354]: [uid:0 sid:343 tty:/dev/pts/2 cwd:/root filename:/usr/bin/dircolors]: dircolors -b
May  1 05:59:46 CT101 snoopy[355]: [uid:0 sid:343 tty:/dev/pts/2 cwd:/root filename:/usr/bin/mesg]: mesg n
May  1 05:59:46 CT101 snoopy[359]: [uid:0 sid:0 tty:(none) cwd:/ filename:/usr/bin/basename]: basename /usr/sbin/service
May  1 05:59:46 CT101 snoopy[360]: [uid:0 sid:0 tty:(none) cwd:/ filename:/usr/bin/basename]: basename /usr/sbin/service
May  1 05:59:46 CT101 snoopy[361]: [uid:0 sid:0 tty:(none) cwd:/ filename:/bin/which]: which initctl
May  1 05:59:46 CT101 snoopy[362]: [uid:0 sid:0 tty:(none) cwd:/ filename:/bin/systemctl]: systemctl is-system-running
May  1 05:59:46 CT101 snoopy[358]: [uid:0 sid:0 tty:(none) cwd:/ filename:/sbin/systemctl]: systemctl restart ssh.service
May  1 05:59:46 CT101 snoopy[358]: [uid:0 sid:0 tty:(none) cwd:/ filename:/bin/systemctl]: systemctl restart ssh.service
May  1 05:59:46 CT101 sshd[191]: Received signal 15; terminating.
May  1 05:59:46 CT101 snoopy[363]: [uid:0 sid:363 tty:(none) cwd:/ filename:/usr/sbin/sshd]: /usr/sbin/sshd -D
May  1 05:59:46 CT101 sshd[363]: Server listening on 0.0.0.0 port 22.
May  1 05:59:46 CT101 sshd[363]: Server listening on :: port 22.
May  1 05:59:47 CT101 snoopy[364]: [uid:0 sid:323 tty:(none) cwd:/ filename:/usr/local/sbin/lsb_release]: lsb_release -c -s
May  1 05:59:47 CT101 snoopy[364]: [uid:0 sid:323 tty:(none) cwd:/ filename:/usr/local/bin/lsb_release]: lsb_release -c -s
May  1 05:59:47 CT101 snoopy[364]: [uid:0 sid:323 tty:(none) cwd:/ filename:/usr/sbin/lsb_release]: lsb_release -c -s
May  1 05:59:47 CT101 snoopy[364]: [uid:0 sid:323 tty:(none) cwd:/ filename:/usr/bin/lsb_release]: lsb_release -c -s
May  1 05:59:47 CT101 snoopy[365]: [uid:0 sid:323 tty:(none) cwd:/ filename:/usr/local/sbin/lsb_release]: lsb_release -c -s
May  1 05:59:47 CT101 snoopy[365]: [uid:0 sid:323 tty:(none) cwd:/ filename:/usr/local/bin/lsb_release]: lsb_release -c -s
May  1 05:59:47 CT101 snoopy[365]: [uid:0 sid:323 tty:(none) cwd:/ filename:/usr/sbin/lsb_release]: lsb_release -c -s
May  1 05:59:47 CT101 snoopy[365]: [uid:0 sid:323 tty:(none) cwd:/ filename:/usr/bin/lsb_release]: lsb_release -c -s
May  1 05:59:47 CT101 snoopy[366]: [uid:0 sid:323 tty:(none) cwd:/ filename:/usr/local/sbin/lsb_release]: lsb_release -c -s
May  1 05:59:47 CT101 snoopy[366]: [uid:0 sid:323 tty:(none) cwd:/ filename:/usr/local/bin/lsb_release]: lsb_release -c -s
May  1 05:59:47 CT101 snoopy[366]: [uid:0 sid:323 tty:(none) cwd:/ filename:/usr/sbin/lsb_release]: lsb_release -c -s
May  1 05:59:47 CT101 snoopy[366]: [uid:0 sid:323 tty:(none) cwd:/ filename:/usr/bin/lsb_release]: lsb_release -c -s
May  1 05:59:47 CT101 snoopy[367]: [uid:0 sid:323 tty:(none) cwd:/ filename:/usr/local/sbin/lsb_release]: lsb_release -r -s
May  1 05:59:47 CT101 snoopy[367]: [uid:0 sid:323 tty:(none) cwd:/ filename:/usr/local/bin/lsb_release]: lsb_release -r -s
May  1 05:59:47 CT101 snoopy[367]: [uid:0 sid:323 tty:(none) cwd:/ filename:/usr/sbin/lsb_release]: lsb_release -r -s
May  1 05:59:47 CT101 snoopy[367]: [uid:0 sid:323 tty:(none) cwd:/ filename:/usr/bin/lsb_release]: lsb_release -r -s
May  1 06:00:04 CT101 snoopy[370]: [uid:0 sid:343 tty:/dev/pts/2 cwd:/root filename:/usr/lib/command-not-found]: /usr/lib/command-not-found -- wow
May  1 06:00:18 CT101 sshd[323]: Received disconnect from 10.105.118.74 port 57497:11: disconnected by user
May  1 06:00:18 CT101 sshd[323]: Disconnected from 10.105.118.74 port 57497
May  1 06:00:18 CT101 sshd[323]: pam_unix(sshd:session): session closed for user root
May  1 06:00:18 CT101 systemd-logind[66]: Removed session 6.
May  1 06:00:18 CT101 snoopy[371]: [uid:0 sid:371 tty:(none) cwd:/root filename:/bin/kill]: /bin/kill -s 58 325
May  1 06:01:01 CT101 CRON[372]: pam_unix(cron:session): session opened for user root by (uid=0)
May  1 06:01:01 CT101 snoopy[374]: [uid:0 sid:373 tty:(none) cwd:/ filename:/bin/run-parts]: run-parts --report /etc/cron.hourly
May  1 06:01:01 CT101 CRON[372]: pam_unix(cron:session): session closed for user root
May  1 06:02:34 CT101 snoopy[375]: [uid:0 sid:375 tty:(none) cwd:/ filename:/bin/systemd-tmpfiles]: /bin/systemd-tmpfiles --clean
